{"/home/def/Projects/ssd/knexfile.sqlite.js": {"path":"/home/def/Projects/ssd/knexfile.sqlite.js","statementMap":{"0":{"start":{"line":1,"column":13},"end":{"line":1,"column":28}},"1":{"start":{"line":3,"column":0},"end":{"line":17,"column":1}}},"fnMap":{},"branchMap":{},"s":{"0":1,"1":1},"f":{},"b":{},"_coverageSchema":"1a1c01bbd47fc00a2c39e90264f33305004495a9","hash":"e35904766cac3f2ce1f358b215572d09c9df781d"}
,"/home/def/Projects/ssd/src/server.js": {"path":"/home/def/Projects/ssd/src/server.js","statementMap":{"0":{"start":{"line":1,"column":0},"end":{"line":1,"column":27}},"1":{"start":{"line":2,"column":16},"end":{"line":2,"column":34}},"2":{"start":{"line":3,"column":13},"end":{"line":3,"column":28}},"3":{"start":{"line":4,"column":15},"end":{"line":4,"column":32}},"4":{"start":{"line":5,"column":15},"end":{"line":5,"column":32}},"5":{"start":{"line":6,"column":13},"end":{"line":6,"column":28}},"6":{"start":{"line":9,"column":19},"end":{"line":9,"column":43}},"7":{"start":{"line":10,"column":22},"end":{"line":10,"column":50}},"8":{"start":{"line":11,"column":19},"end":{"line":11,"column":44}},"9":{"start":{"line":12,"column":19},"end":{"line":12,"column":44}},"10":{"start":{"line":13,"column":33},"end":{"line":13,"column":82}},"11":{"start":{"line":16,"column":12},"end":{"line":16,"column":21}},"12":{"start":{"line":19,"column":0},"end":{"line":19,"column":18}},"13":{"start":{"line":20,"column":0},"end":{"line":20,"column":16}},"14":{"start":{"line":23,"column":0},"end":{"line":23,"column":28}},"15":{"start":{"line":26,"column":0},"end":{"line":26,"column":41}},"16":{"start":{"line":27,"column":0},"end":{"line":27,"column":63}},"17":{"start":{"line":30,"column":0},"end":{"line":36,"column":3}},"18":{"start":{"line":31,"column":2},"end":{"line":35,"column":5}},"19":{"start":{"line":39,"column":0},"end":{"line":39,"column":33}},"20":{"start":{"line":40,"column":0},"end":{"line":40,"column":40}},"21":{"start":{"line":41,"column":0},"end":{"line":41,"column":34}},"22":{"start":{"line":42,"column":0},"end":{"line":42,"column":34}},"23":{"start":{"line":45,"column":0},"end":{"line":51,"column":3}},"24":{"start":{"line":46,"column":2},"end":{"line":50,"column":5}},"25":{"start":{"line":55,"column":0},"end":{"line":55,"column":82}},"26":{"start":{"line":58,"column":0},"end":{"line":58,"column":84}},"27":{"start":{"line":61,"column":0},"end":{"line":66,"column":3}},"28":{"start":{"line":62,"column":2},"end":{"line":65,"column":5}},"29":{"start":{"line":69,"column":0},"end":{"line":75,"column":3}},"30":{"start":{"line":70,"column":2},"end":{"line":70,"column":27}},"31":{"start":{"line":71,"column":2},"end":{"line":74,"column":5}},"32":{"start":{"line":78,"column":13},"end":{"line":78,"column":37}},"33":{"start":{"line":79,"column":15},"end":{"line":82,"column":2}},"34":{"start":{"line":80,"column":2},"end":{"line":80,"column":50}},"35":{"start":{"line":81,"column":2},"end":{"line":81,"column":73}},"36":{"start":{"line":85,"column":0},"end":{"line":93,"column":3}},"37":{"start":{"line":86,"column":2},"end":{"line":90,"column":3}},"38":{"start":{"line":87,"column":4},"end":{"line":87,"column":55}},"39":{"start":{"line":88,"column":4},"end":{"line":88,"column":145}},"40":{"start":{"line":89,"column":4},"end":{"line":89,"column":20}},"41":{"start":{"line":91,"column":2},"end":{"line":91,"column":38}},"42":{"start":{"line":92,"column":2},"end":{"line":92,"column":18}},"43":{"start":{"line":95,"column":0},"end":{"line":95,"column":21}}},"fnMap":{"0":{"name":"(anonymous_0)","decl":{"start":{"line":30,"column":19},"end":{"line":30,"column":20}},"loc":{"start":{"line":30,"column":33},"end":{"line":36,"column":1}},"line":30},"1":{"name":"(anonymous_1)","decl":{"start":{"line":45,"column":13},"end":{"line":45,"column":14}},"loc":{"start":{"line":45,"column":27},"end":{"line":51,"column":1}},"line":45},"2":{"name":"(anonymous_2)","decl":{"start":{"line":61,"column":8},"end":{"line":61,"column":9}},"loc":{"start":{"line":61,"column":22},"end":{"line":66,"column":1}},"line":61},"3":{"name":"(anonymous_3)","decl":{"start":{"line":69,"column":8},"end":{"line":69,"column":9}},"loc":{"start":{"line":69,"column":33},"end":{"line":75,"column":1}},"line":69},"4":{"name":"(anonymous_4)","decl":{"start":{"line":79,"column":32},"end":{"line":79,"column":33}},"loc":{"start":{"line":79,"column":38},"end":{"line":82,"column":1}},"line":79},"5":{"name":"(anonymous_5)","decl":{"start":{"line":85,"column":19},"end":{"line":85,"column":20}},"loc":{"start":{"line":85,"column":28},"end":{"line":93,"column":1}},"line":85}},"branchMap":{"0":{"loc":{"start":{"line":71,"column":13},"end":{"line":71,"column":30}},"type":"binary-expr","locations":[{"start":{"line":71,"column":13},"end":{"line":71,"column":23}},{"start":{"line":71,"column":27},"end":{"line":71,"column":30}}],"line":71},"1":{"loc":{"start":{"line":72,"column":11},"end":{"line":72,"column":49}},"type":"binary-expr","locations":[{"start":{"line":72,"column":11},"end":{"line":72,"column":22}},{"start":{"line":72,"column":26},"end":{"line":72,"column":49}}],"line":72},"2":{"loc":{"start":{"line":73,"column":8},"end":{"line":73,"column":70}},"type":"binary-expr","locations":[{"start":{"line":73,"column":8},"end":{"line":73,"column":46}},{"start":{"line":73,"column":50},"end":{"line":73,"column":70}}],"line":73},"3":{"loc":{"start":{"line":78,"column":13},"end":{"line":78,"column":37}},"type":"binary-expr","locations":[{"start":{"line":78,"column":13},"end":{"line":78,"column":29}},{"start":{"line":78,"column":33},"end":{"line":78,"column":37}}],"line":78},"4":{"loc":{"start":{"line":81,"column":32},"end":{"line":81,"column":69}},"type":"binary-expr","locations":[{"start":{"line":81,"column":32},"end":{"line":81,"column":52}},{"start":{"line":81,"column":56},"end":{"line":81,"column":69}}],"line":81},"5":{"loc":{"start":{"line":86,"column":2},"end":{"line":90,"column":3}},"type":"if","locations":[{"start":{"line":86,"column":2},"end":{"line":90,"column":3}},{"start":{},"end":{}}],"line":86},"6":{"loc":{"start":{"line":86,"column":6},"end":{"line":86,"column":38}},"type":"binary-expr","locations":[{"start":{"line":86,"column":6},"end":{"line":86,"column":9}},{"start":{"line":86,"column":13},"end":{"line":86,"column":38}}],"line":86}},"s":{"0":1,"1":1,"2":1,"3":1,"4":1,"5":1,"6":1,"7":1,"8":1,"9":1,"10":1,"11":1,"12":1,"13":1,"14":1,"15":1,"16":1,"17":1,"18":1,"19":1,"20":1,"21":1,"22":1,"23":1,"24":1,"25":1,"26":1,"27":1,"28":1,"29":1,"30":0,"31":0,"32":1,"33":1,"34":1,"35":1,"36":1,"37":0,"38":0,"39":0,"40":0,"41":0,"42":0,"43":1},"f":{"0":1,"1":1,"2":1,"3":0,"4":1,"5":0},"b":{"0":[0,0],"1":[0,0],"2":[0,0],"3":[1,0],"4":[1,0],"5":[0,0],"6":[0,0]},"_coverageSchema":"1a1c01bbd47fc00a2c39e90264f33305004495a9","hash":"8a804657f256beb67d4128c633f8e66b94aaaf89"}
,"/home/def/Projects/ssd/src/config/database.js": {"path":"/home/def/Projects/ssd/src/config/database.js","statementMap":{"0":{"start":{"line":1,"column":13},"end":{"line":1,"column":28}},"1":{"start":{"line":2,"column":20},"end":{"line":2,"column":57}},"2":{"start":{"line":6,"column":0},"end":{"line":14,"column":3}},"3":{"start":{"line":7,"column":25},"end":{"line":7,"column":57}},"4":{"start":{"line":8,"column":2},"end":{"line":8,"column":73}},"5":{"start":{"line":11,"column":19},"end":{"line":11,"column":44}},"6":{"start":{"line":12,"column":2},"end":{"line":12,"column":61}},"7":{"start":{"line":16,"column":11},"end":{"line":16,"column":27}},"8":{"start":{"line":18,"column":0},"end":{"line":18,"column":20}}},"fnMap":{},"branchMap":{"0":{"loc":{"start":{"line":2,"column":20},"end":{"line":2,"column":57}},"type":"binary-expr","locations":[{"start":{"line":2,"column":20},"end":{"line":2,"column":40}},{"start":{"line":2,"column":44},"end":{"line":2,"column":57}}],"line":2},"1":{"loc":{"start":{"line":8,"column":15},"end":{"line":8,"column":72}},"type":"binary-expr","locations":[{"start":{"line":8,"column":15},"end":{"line":8,"column":42}},{"start":{"line":8,"column":46},"end":{"line":8,"column":72}}],"line":8},"2":{"loc":{"start":{"line":12,"column":15},"end":{"line":12,"column":60}},"type":"binary-expr","locations":[{"start":{"line":12,"column":15},"end":{"line":12,"column":36}},{"start":{"line":12,"column":40},"end":{"line":12,"column":60}}],"line":12}},"s":{"0":1,"1":1,"2":1,"3":1,"4":1,"5":0,"6":0,"7":1,"8":1},"f":{},"b":{"0":[1,0],"1":[1,1],"2":[0,0]},"_coverageSchema":"1a1c01bbd47fc00a2c39e90264f33305004495a9","hash":"712b079987a4f007b4615e14856da8fceb6ff02f"}
,"/home/def/Projects/ssd/src/controllers/AfricasTalkingController.js": {"path":"/home/def/Projects/ssd/src/controllers/AfricasTalkingController.js","statementMap":{"0":{"start":{"line":1,"column":30},"end":{"line":1,"column":74}},"1":{"start":{"line":2,"column":20},"end":{"line":2,"column":54}},"2":{"start":{"line":3,"column":20},"end":{"line":3,"column":54}},"3":{"start":{"line":4,"column":16},"end":{"line":4,"column":43}},"4":{"start":{"line":20,"column":22},"end":{"line":20,"column":32}},"5":{"start":{"line":23,"column":4},"end":{"line":181,"column":5}},"6":{"start":{"line":25,"column":27},"end":{"line":25,"column":74}},"7":{"start":{"line":27,"column":6},"end":{"line":27,"column":41}},"8":{"start":{"line":28,"column":6},"end":{"line":28,"column":45}},"9":{"start":{"line":29,"column":6},"end":{"line":29,"column":31}},"10":{"start":{"line":31,"column":6},"end":{"line":31,"column":119}},"11":{"start":{"line":34,"column":6},"end":{"line":37,"column":7}},"12":{"start":{"line":35,"column":25},"end":{"line":35,"column":101}},"13":{"start":{"line":36,"column":8},"end":{"line":36,"column":34}},"14":{"start":{"line":40,"column":29},"end":{"line":40,"column":81}},"15":{"start":{"line":43,"column":20},"end":{"line":43,"column":59}},"16":{"start":{"line":44,"column":25},"end":{"line":44,"column":30}},"17":{"start":{"line":46,"column":6},"end":{"line":55,"column":7}},"18":{"start":{"line":48,"column":8},"end":{"line":48,"column":28}},"19":{"start":{"line":49,"column":8},"end":{"line":54,"column":11}},"20":{"start":{"line":58,"column":17},"end":{"line":58,"column":21}},"21":{"start":{"line":59,"column":6},"end":{"line":63,"column":7}},"22":{"start":{"line":60,"column":8},"end":{"line":60,"column":65}},"23":{"start":{"line":62,"column":8},"end":{"line":62,"column":55}},"24":{"start":{"line":66,"column":26},"end":{"line":66,"column":64}},"25":{"start":{"line":69,"column":27},"end":{"line":76,"column":7}},"26":{"start":{"line":79,"column":24},"end":{"line":84,"column":7}},"27":{"start":{"line":87,"column":6},"end":{"line":96,"column":7}},"28":{"start":{"line":88,"column":8},"end":{"line":90,"column":9}},"29":{"start":{"line":89,"column":10},"end":{"line":89,"column":118}},"30":{"start":{"line":92,"column":8},"end":{"line":95,"column":11}},"31":{"start":{"line":93,"column":10},"end":{"line":93,"column":43}},"32":{"start":{"line":93,"column":36},"end":{"line":93,"column":43}},"33":{"start":{"line":94,"column":10},"end":{"line":94,"column":51}},"34":{"start":{"line":100,"column":6},"end":{"line":102,"column":7}},"35":{"start":{"line":101,"column":8},"end":{"line":101,"column":37}},"36":{"start":{"line":105,"column":6},"end":{"line":105,"column":88}},"37":{"start":{"line":108,"column":6},"end":{"line":146,"column":7}},"38":{"start":{"line":109,"column":8},"end":{"line":122,"column":9}},"39":{"start":{"line":110,"column":21},"end":{"line":110,"column":47}},"40":{"start":{"line":111,"column":26},"end":{"line":111,"column":92}},"41":{"start":{"line":112,"column":10},"end":{"line":118,"column":11}},"42":{"start":{"line":113,"column":12},"end":{"line":117,"column":15}},"43":{"start":{"line":119,"column":10},"end":{"line":119,"column":25}},"44":{"start":{"line":121,"column":10},"end":{"line":121,"column":64}},"45":{"start":{"line":123,"column":13},"end":{"line":146,"column":7}},"46":{"start":{"line":124,"column":8},"end":{"line":145,"column":9}},"47":{"start":{"line":125,"column":21},"end":{"line":125,"column":47}},"48":{"start":{"line":126,"column":10},"end":{"line":142,"column":11}},"49":{"start":{"line":127,"column":12},"end":{"line":131,"column":15}},"50":{"start":{"line":133,"column":28},"end":{"line":133,"column":94}},"51":{"start":{"line":134,"column":12},"end":{"line":141,"column":13}},"52":{"start":{"line":135,"column":14},"end":{"line":139,"column":17}},"53":{"start":{"line":140,"column":14},"end":{"line":140,"column":29}},"54":{"start":{"line":144,"column":10},"end":{"line":144,"column":64}},"55":{"start":{"line":149,"column":25},"end":{"line":152,"column":7}},"56":{"start":{"line":155,"column":23},"end":{"line":155,"column":45}},"57":{"start":{"line":156,"column":6},"end":{"line":162,"column":8}},"58":{"start":{"line":164,"column":6},"end":{"line":164,"column":130}},"59":{"start":{"line":167,"column":6},"end":{"line":167,"column":44}},"60":{"start":{"line":168,"column":6},"end":{"line":168,"column":27}},"61":{"start":{"line":171,"column":6},"end":{"line":171,"column":56}},"62":{"start":{"line":174,"column":28},"end":{"line":177,"column":7}},"63":{"start":{"line":179,"column":6},"end":{"line":179,"column":44}},"64":{"start":{"line":180,"column":6},"end":{"line":180,"column":30}},"65":{"start":{"line":188,"column":4},"end":{"line":228,"column":5}},"66":{"start":{"line":189,"column":41},"end":{"line":189,"column":49}},"67":{"start":{"line":191,"column":6},"end":{"line":193,"column":7}},"68":{"start":{"line":192,"column":8},"end":{"line":192,"column":74}},"69":{"start":{"line":196,"column":26},"end":{"line":203,"column":7}},"70":{"start":{"line":206,"column":25},"end":{"line":206,"column":27}},"71":{"start":{"line":207,"column":22},"end":{"line":212,"column":7}},"72":{"start":{"line":210,"column":10},"end":{"line":210,"column":30}},"73":{"start":{"line":214,"column":6},"end":{"line":214,"column":56}},"74":{"start":{"line":216,"column":6},"end":{"line":220,"column":9}},"75":{"start":{"line":223,"column":6},"end":{"line":223,"column":53}},"76":{"start":{"line":224,"column":6},"end":{"line":227,"column":9}},"77":{"start":{"line":235,"column":4},"end":{"line":259,"column":5}},"78":{"start":{"line":236,"column":28},"end":{"line":236,"column":38}},"79":{"start":{"line":238,"column":6},"end":{"line":240,"column":7}},"80":{"start":{"line":239,"column":8},"end":{"line":239,"column":72}},"81":{"start":{"line":242,"column":22},"end":{"line":242,"column":61}},"82":{"start":{"line":244,"column":6},"end":{"line":246,"column":7}},"83":{"start":{"line":245,"column":8},"end":{"line":245,"column":68}},"84":{"start":{"line":248,"column":6},"end":{"line":251,"column":9}},"85":{"start":{"line":254,"column":6},"end":{"line":254,"column":53}},"86":{"start":{"line":255,"column":6},"end":{"line":258,"column":9}},"87":{"start":{"line":263,"column":0},"end":{"line":263,"column":42}}},"fnMap":{"0":{"name":"(anonymous_0)","decl":{"start":{"line":19,"column":2},"end":{"line":19,"column":3}},"loc":{"start":{"line":19,"column":42},"end":{"line":182,"column":3}},"line":19},"1":{"name":"(anonymous_1)","decl":{"start":{"line":92,"column":50},"end":{"line":92,"column":51}},"loc":{"start":{"line":92,"column":57},"end":{"line":95,"column":9}},"line":92},"2":{"name":"(anonymous_2)","decl":{"start":{"line":187,"column":2},"end":{"line":187,"column":3}},"loc":{"start":{"line":187,"column":45},"end":{"line":229,"column":3}},"line":187},"3":{"name":"(anonymous_3)","decl":{"start":{"line":208,"column":13},"end":{"line":208,"column":14}},"loc":{"start":{"line":208,"column":32},"end":{"line":208,"column":34}},"line":208},"4":{"name":"(anonymous_4)","decl":{"start":{"line":209,"column":14},"end":{"line":209,"column":15}},"loc":{"start":{"line":209,"column":24},"end":{"line":211,"column":9}},"line":209},"5":{"name":"(anonymous_5)","decl":{"start":{"line":234,"column":2},"end":{"line":234,"column":3}},"loc":{"start":{"line":234,"column":43},"end":{"line":260,"column":3}},"line":234}},"branchMap":{"0":{"loc":{"start":{"line":34,"column":6},"end":{"line":37,"column":7}},"type":"if","locations":[{"start":{"line":34,"column":6},"end":{"line":37,"column":7}},{"start":{},"end":{}}],"line":34},"1":{"loc":{"start":{"line":46,"column":6},"end":{"line":55,"column":7}},"type":"if","locations":[{"start":{"line":46,"column":6},"end":{"line":55,"column":7}},{"start":{},"end":{}}],"line":46},"2":{"loc":{"start":{"line":53,"column":20},"end":{"line":53,"column":61}},"type":"binary-expr","locations":[{"start":{"line":53,"column":20},"end":{"line":53,"column":48}},{"start":{"line":53,"column":52},"end":{"line":53,"column":61}}],"line":53},"3":{"loc":{"start":{"line":75,"column":8},"end":{"line":75,"column":34}},"type":"binary-expr","locations":[{"start":{"line":75,"column":8},"end":{"line":75,"column":28}},{"start":{"line":75,"column":32},"end":{"line":75,"column":34}}],"line":75},"4":{"loc":{"start":{"line":87,"column":6},"end":{"line":96,"column":7}},"type":"if","locations":[{"start":{"line":87,"column":6},"end":{"line":96,"column":7}},{"start":{},"end":{}}],"line":87},"5":{"loc":{"start":{"line":88,"column":8},"end":{"line":90,"column":9}},"type":"if","locations":[{"start":{"line":88,"column":8},"end":{"line":90,"column":9}},{"start":{},"end":{}}],"line":88},"6":{"loc":{"start":{"line":89,"column":55},"end":{"line":89,"column":81}},"type":"binary-expr","locations":[{"start":{"line":89,"column":55},"end":{"line":89,"column":75}},{"start":{"line":89,"column":79},"end":{"line":89,"column":81}}],"line":89},"7":{"loc":{"start":{"line":93,"column":10},"end":{"line":93,"column":43}},"type":"if","locations":[{"start":{"line":93,"column":10},"end":{"line":93,"column":43}},{"start":{},"end":{}}],"line":93},"8":{"loc":{"start":{"line":100,"column":6},"end":{"line":102,"column":7}},"type":"if","locations":[{"start":{"line":100,"column":6},"end":{"line":102,"column":7}},{"start":{},"end":{}}],"line":100},"9":{"loc":{"start":{"line":108,"column":6},"end":{"line":146,"column":7}},"type":"if","locations":[{"start":{"line":108,"column":6},"end":{"line":146,"column":7}},{"start":{"line":123,"column":13},"end":{"line":146,"column":7}}],"line":108},"10":{"loc":{"start":{"line":110,"column":21},"end":{"line":110,"column":47}},"type":"binary-expr","locations":[{"start":{"line":110,"column":21},"end":{"line":110,"column":41}},{"start":{"line":110,"column":45},"end":{"line":110,"column":47}}],"line":110},"11":{"loc":{"start":{"line":111,"column":76},"end":{"line":111,"column":91}},"type":"binary-expr","locations":[{"start":{"line":111,"column":76},"end":{"line":111,"column":83}},{"start":{"line":111,"column":87},"end":{"line":111,"column":91}}],"line":111},"12":{"loc":{"start":{"line":112,"column":10},"end":{"line":118,"column":11}},"type":"if","locations":[{"start":{"line":112,"column":10},"end":{"line":118,"column":11}},{"start":{},"end":{}}],"line":112},"13":{"loc":{"start":{"line":112,"column":14},"end":{"line":112,"column":70}},"type":"binary-expr","locations":[{"start":{"line":112,"column":14},"end":{"line":112,"column":21}},{"start":{"line":112,"column":26},"end":{"line":112,"column":39}},{"start":{"line":112,"column":43},"end":{"line":112,"column":58}},{"start":{"line":112,"column":62},"end":{"line":112,"column":69}}],"line":112},"14":{"loc":{"start":{"line":123,"column":13},"end":{"line":146,"column":7}},"type":"if","locations":[{"start":{"line":123,"column":13},"end":{"line":146,"column":7}},{"start":{},"end":{}}],"line":123},"15":{"loc":{"start":{"line":125,"column":21},"end":{"line":125,"column":47}},"type":"binary-expr","locations":[{"start":{"line":125,"column":21},"end":{"line":125,"column":41}},{"start":{"line":125,"column":45},"end":{"line":125,"column":47}}],"line":125},"16":{"loc":{"start":{"line":126,"column":10},"end":{"line":142,"column":11}},"type":"if","locations":[{"start":{"line":126,"column":10},"end":{"line":142,"column":11}},{"start":{"line":132,"column":17},"end":{"line":142,"column":11}}],"line":126},"17":{"loc":{"start":{"line":133,"column":78},"end":{"line":133,"column":93}},"type":"binary-expr","locations":[{"start":{"line":133,"column":78},"end":{"line":133,"column":85}},{"start":{"line":133,"column":89},"end":{"line":133,"column":93}}],"line":133},"18":{"loc":{"start":{"line":134,"column":12},"end":{"line":141,"column":13}},"type":"if","locations":[{"start":{"line":134,"column":12},"end":{"line":141,"column":13}},{"start":{},"end":{}}],"line":134},"19":{"loc":{"start":{"line":189,"column":27},"end":{"line":189,"column":36}},"type":"default-arg","locations":[{"start":{"line":189,"column":34},"end":{"line":189,"column":36}}],"line":189},"20":{"loc":{"start":{"line":191,"column":6},"end":{"line":193,"column":7}},"type":"if","locations":[{"start":{"line":191,"column":6},"end":{"line":193,"column":7}},{"start":{},"end":{}}],"line":191},"21":{"loc":{"start":{"line":238,"column":6},"end":{"line":240,"column":7}},"type":"if","locations":[{"start":{"line":238,"column":6},"end":{"line":240,"column":7}},{"start":{},"end":{}}],"line":238},"22":{"loc":{"start":{"line":244,"column":6},"end":{"line":246,"column":7}},"type":"if","locations":[{"start":{"line":244,"column":6},"end":{"line":246,"column":7}},{"start":{},"end":{}}],"line":244}},"s":{"0":1,"1":1,"2":1,"3":1,"4":0,"5":0,"6":0,"7":0,"8":0,"9":0,"10":0,"11":0,"12":0,"13":0,"14":0,"15":0,"16":0,"17":0,"18":0,"19":0,"20":0,"21":0,"22":0,"23":0,"24":0,"25":0,"26":0,"27":0,"28":0,"29":0,"30":0,"31":0,"32":0,"33":0,"34":0,"35":0,"36":0,"37":0,"38":0,"39":0,"40":0,"41":0,"42":0,"43":0,"44":0,"45":0,"46":0,"47":0,"48":0,"49":0,"50":0,"51":0,"52":0,"53":0,"54":0,"55":0,"56":0,"57":0,"58":0,"59":0,"60":0,"61":0,"62":0,"63":0,"64":0,"65":0,"66":0,"67":0,"68":0,"69":0,"70":0,"71":0,"72":0,"73":0,"74":0,"75":0,"76":0,"77":0,"78":0,"79":0,"80":0,"81":0,"82":0,"83":0,"84":0,"85":0,"86":0,"87":1},"f":{"0":0,"1":0,"2":0,"3":0,"4":0,"5":0},"b":{"0":[0,0],"1":[0,0],"2":[0,0],"3":[0,0],"4":[0,0],"5":[0,0],"6":[0,0],"7":[0,0],"8":[0,0],"9":[0,0],"10":[0,0],"11":[0,0],"12":[0,0],"13":[0,0,0,0],"14":[0,0],"15":[0,0],"16":[0,0],"17":[0,0],"18":[0,0],"19":[0],"20":[0,0],"21":[0,0],"22":[0,0]},"_coverageSchema":"1a1c01bbd47fc00a2c39e90264f33305004495a9","hash":"fd5675e95ddc2f41721d02525bd678e586380e9b"}
,"/home/def/Projects/ssd/src/controllers/PaymentController.js": {"path":"/home/def/Projects/ssd/src/controllers/PaymentController.js","statementMap":{"0":{"start":{"line":1,"column":21},"end":{"line":1,"column":56}},"1":{"start":{"line":2,"column":20},"end":{"line":2,"column":54}},"2":{"start":{"line":3,"column":23},"end":{"line":3,"column":38}},"3":{"start":{"line":10,"column":4},"end":{"line":47,"column":5}},"4":{"start":{"line":11,"column":69},"end":{"line":11,"column":77}},"5":{"start":{"line":13,"column":6},"end":{"line":17,"column":7}},"6":{"start":{"line":14,"column":8},"end":{"line":16,"column":11}},"7":{"start":{"line":20,"column":28},"end":{"line":20,"column":36}},"8":{"start":{"line":21,"column":6},"end":{"line":21,"column":88}},"9":{"start":{"line":24,"column":24},"end":{"line":29,"column":7}},"10":{"start":{"line":31,"column":6},"end":{"line":40,"column":9}},"11":{"start":{"line":42,"column":6},"end":{"line":42,"column":63}},"12":{"start":{"line":43,"column":6},"end":{"line":46,"column":9}},"13":{"start":{"line":54,"column":4},"end":{"line":83,"column":5}},"14":{"start":{"line":56,"column":6},"end":{"line":56,"column":19}},"15":{"start":{"line":59,"column":6},"end":{"line":62,"column":7}},"16":{"start":{"line":60,"column":8},"end":{"line":60,"column":49}},"17":{"start":{"line":61,"column":8},"end":{"line":61,"column":15}},"18":{"start":{"line":65,"column":28},"end":{"line":65,"column":66}},"19":{"start":{"line":68,"column":21},"end":{"line":68,"column":76}},"20":{"start":{"line":70,"column":22},"end":{"line":75,"column":7}},"21":{"start":{"line":77,"column":6},"end":{"line":80,"column":7}},"22":{"start":{"line":79,"column":8},"end":{"line":79,"column":52}},"23":{"start":{"line":82,"column":6},"end":{"line":82,"column":53}},"24":{"start":{"line":90,"column":4},"end":{"line":105,"column":5}},"25":{"start":{"line":91,"column":36},"end":{"line":91,"column":46}},"26":{"start":{"line":93,"column":21},"end":{"line":93,"column":77}},"27":{"start":{"line":95,"column":6},"end":{"line":98,"column":9}},"28":{"start":{"line":100,"column":6},"end":{"line":100,"column":58}},"29":{"start":{"line":101,"column":6},"end":{"line":104,"column":9}},"30":{"start":{"line":112,"column":4},"end":{"line":128,"column":5}},"31":{"start":{"line":113,"column":25},"end":{"line":113,"column":35}},"32":{"start":{"line":114,"column":20},"end":{"line":114,"column":41}},"33":{"start":{"line":116,"column":23},"end":{"line":116,"column":77}},"34":{"start":{"line":118,"column":6},"end":{"line":121,"column":9}},"35":{"start":{"line":123,"column":6},"end":{"line":123,"column":57}},"36":{"start":{"line":124,"column":6},"end":{"line":127,"column":9}},"37":{"start":{"line":132,"column":0},"end":{"line":132,"column":35}}},"fnMap":{"0":{"name":"(anonymous_0)","decl":{"start":{"line":9,"column":2},"end":{"line":9,"column":3}},"loc":{"start":{"line":9,"column":46},"end":{"line":48,"column":3}},"line":9},"1":{"name":"(anonymous_1)","decl":{"start":{"line":53,"column":2},"end":{"line":53,"column":3}},"loc":{"start":{"line":53,"column":45},"end":{"line":84,"column":3}},"line":53},"2":{"name":"(anonymous_2)","decl":{"start":{"line":89,"column":2},"end":{"line":89,"column":3}},"loc":{"start":{"line":89,"column":44},"end":{"line":106,"column":3}},"line":89},"3":{"name":"(anonymous_3)","decl":{"start":{"line":111,"column":2},"end":{"line":111,"column":3}},"loc":{"start":{"line":111,"column":43},"end":{"line":129,"column":3}},"line":111}},"branchMap":{"0":{"loc":{"start":{"line":13,"column":6},"end":{"line":17,"column":7}},"type":"if","locations":[{"start":{"line":13,"column":6},"end":{"line":17,"column":7}},{"start":{},"end":{}}],"line":13},"1":{"loc":{"start":{"line":13,"column":10},"end":{"line":13,"column":44}},"type":"binary-expr","locations":[{"start":{"line":13,"column":10},"end":{"line":13,"column":17}},{"start":{"line":13,"column":21},"end":{"line":13,"column":28}},{"start":{"line":13,"column":32},"end":{"line":13,"column":44}}],"line":13},"2":{"loc":{"start":{"line":28,"column":8},"end":{"line":28,"column":50}},"type":"binary-expr","locations":[{"start":{"line":28,"column":8},"end":{"line":28,"column":19}},{"start":{"line":28,"column":23},"end":{"line":28,"column":50}}],"line":28},"3":{"loc":{"start":{"line":33,"column":17},"end":{"line":33,"column":93}},"type":"cond-expr","locations":[{"start":{"line":33,"column":37},"end":{"line":33,"column":65}},{"start":{"line":33,"column":68},"end":{"line":33,"column":93}}],"line":33},"4":{"loc":{"start":{"line":59,"column":6},"end":{"line":62,"column":7}},"type":"if","locations":[{"start":{"line":59,"column":6},"end":{"line":62,"column":7}},{"start":{},"end":{}}],"line":59},"5":{"loc":{"start":{"line":68,"column":21},"end":{"line":68,"column":76}},"type":"cond-expr","locations":[{"start":{"line":68,"column":54},"end":{"line":68,"column":65}},{"start":{"line":68,"column":68},"end":{"line":68,"column":76}}],"line":68},"6":{"loc":{"start":{"line":77,"column":6},"end":{"line":80,"column":7}},"type":"if","locations":[{"start":{"line":77,"column":6},"end":{"line":80,"column":7}},{"start":{},"end":{}}],"line":77},"7":{"loc":{"start":{"line":77,"column":10},"end":{"line":77,"column":43}},"type":"binary-expr","locations":[{"start":{"line":77,"column":10},"end":{"line":77,"column":32}},{"start":{"line":77,"column":36},"end":{"line":77,"column":43}}],"line":77},"8":{"loc":{"start":{"line":114,"column":20},"end":{"line":114,"column":41}},"type":"binary-expr","locations":[{"start":{"line":114,"column":20},"end":{"line":114,"column":35}},{"start":{"line":114,"column":39},"end":{"line":114,"column":41}}],"line":114}},"s":{"0":1,"1":1,"2":1,"3":4,"4":4,"5":4,"6":1,"7":3,"8":3,"9":2,"10":0,"11":3,"12":3,"13":0,"14":0,"15":0,"16":0,"17":0,"18":0,"19":0,"20":0,"21":0,"22":0,"23":0,"24":0,"25":0,"26":0,"27":0,"28":0,"29":0,"30":0,"31":0,"32":0,"33":0,"34":0,"35":0,"36":0,"37":1},"f":{"0":4,"1":0,"2":0,"3":0},"b":{"0":[1,3],"1":[4,3,3],"2":[2,0],"3":[0,0],"4":[0,0],"5":[0,0],"6":[0,0],"7":[0,0],"8":[0,0]},"_coverageSchema":"1a1c01bbd47fc00a2c39e90264f33305004495a9","hash":"acf5c2dcb31271ce32483e20215e572931faa85d"}
,"/home/def/Projects/ssd/src/controllers/USSDController.js": {"path":"/home/def/Projects/ssd/src/controllers/USSDController.js","statementMap":{"0":{"start":{"line":1,"column":20},"end":{"line":1,"column":54}},"1":{"start":{"line":2,"column":20},"end":{"line":2,"column":54}},"2":{"start":{"line":3,"column":21},"end":{"line":3,"column":56}},"3":{"start":{"line":10,"column":4},"end":{"line":116,"column":5}},"4":{"start":{"line":11,"column":47},"end":{"line":11,"column":55}},"5":{"start":{"line":13,"column":6},"end":{"line":17,"column":7}},"6":{"start":{"line":14,"column":8},"end":{"line":16,"column":11}},"7":{"start":{"line":20,"column":20},"end":{"line":20,"column":59}},"8":{"start":{"line":22,"column":6},"end":{"line":29,"column":7}},"9":{"start":{"line":24,"column":8},"end":{"line":28,"column":11}},"10":{"start":{"line":32,"column":17},"end":{"line":32,"column":21}},"11":{"start":{"line":33,"column":6},"end":{"line":35,"column":7}},"12":{"start":{"line":34,"column":8},"end":{"line":34,"column":62}},"13":{"start":{"line":38,"column":27},"end":{"line":45,"column":7}},"14":{"start":{"line":48,"column":6},"end":{"line":63,"column":7}},"15":{"start":{"line":49,"column":19},"end":{"line":49,"column":108}},"16":{"start":{"line":50,"column":21},"end":{"line":50,"column":36}},"17":{"start":{"line":51,"column":27},"end":{"line":51,"column":48}},"18":{"start":{"line":52,"column":29},"end":{"line":52,"column":52}},"19":{"start":{"line":54,"column":24},"end":{"line":54,"column":76}},"20":{"start":{"line":55,"column":8},"end":{"line":57,"column":9}},"21":{"start":{"line":56,"column":10},"end":{"line":56,"column":88}},"22":{"start":{"line":60,"column":8},"end":{"line":62,"column":11}},"23":{"start":{"line":65,"column":6},"end":{"line":82,"column":7}},"24":{"start":{"line":66,"column":19},"end":{"line":66,"column":108}},"25":{"start":{"line":68,"column":22},"end":{"line":68,"column":26}},"26":{"start":{"line":69,"column":8},"end":{"line":72,"column":9}},"27":{"start":{"line":70,"column":10},"end":{"line":70,"column":67}},"28":{"start":{"line":71,"column":10},"end":{"line":71,"column":91}},"29":{"start":{"line":74,"column":8},"end":{"line":81,"column":9}},"30":{"start":{"line":75,"column":23},"end":{"line":75,"column":76}},"31":{"start":{"line":76,"column":25},"end":{"line":76,"column":101}},"32":{"start":{"line":78,"column":10},"end":{"line":78,"column":146}},"33":{"start":{"line":80,"column":10},"end":{"line":80,"column":71}},"34":{"start":{"line":85,"column":23},"end":{"line":85,"column":72}},"35":{"start":{"line":88,"column":28},"end":{"line":92,"column":7}},"36":{"start":{"line":94,"column":6},"end":{"line":96,"column":7}},"37":{"start":{"line":95,"column":8},"end":{"line":95,"column":111}},"38":{"start":{"line":98,"column":6},"end":{"line":100,"column":7}},"39":{"start":{"line":99,"column":8},"end":{"line":99,"column":39}},"40":{"start":{"line":102,"column":6},"end":{"line":102,"column":77}},"41":{"start":{"line":105,"column":6},"end":{"line":109,"column":9}},"42":{"start":{"line":111,"column":6},"end":{"line":111,"column":50}},"43":{"start":{"line":112,"column":6},"end":{"line":115,"column":9}},"44":{"start":{"line":123,"column":4},"end":{"line":151,"column":5}},"45":{"start":{"line":124,"column":72},"end":{"line":124,"column":80}},"46":{"start":{"line":126,"column":19},"end":{"line":126,"column":71}},"47":{"start":{"line":128,"column":6},"end":{"line":133,"column":7}},"48":{"start":{"line":129,"column":8},"end":{"line":132,"column":11}},"49":{"start":{"line":136,"column":6},"end":{"line":138,"column":9}},"50":{"start":{"line":140,"column":6},"end":{"line":144,"column":9}},"51":{"start":{"line":146,"column":6},"end":{"line":146,"column":55}},"52":{"start":{"line":147,"column":6},"end":{"line":150,"column":9}},"53":{"start":{"line":158,"column":4},"end":{"line":170,"column":5}},"54":{"start":{"line":159,"column":20},"end":{"line":159,"column":48}},"55":{"start":{"line":160,"column":6},"end":{"line":163,"column":9}},"56":{"start":{"line":165,"column":6},"end":{"line":165,"column":47}},"57":{"start":{"line":166,"column":6},"end":{"line":169,"column":9}},"58":{"start":{"line":177,"column":4},"end":{"line":220,"column":5}},"59":{"start":{"line":178,"column":42},"end":{"line":178,"column":50}},"60":{"start":{"line":180,"column":6},"end":{"line":184,"column":7}},"61":{"start":{"line":181,"column":8},"end":{"line":183,"column":11}},"62":{"start":{"line":187,"column":19},"end":{"line":187,"column":54}},"63":{"start":{"line":188,"column":6},"end":{"line":190,"column":7}},"64":{"start":{"line":189,"column":8},"end":{"line":189,"column":65}},"65":{"start":{"line":192,"column":6},"end":{"line":196,"column":7}},"66":{"start":{"line":193,"column":8},"end":{"line":195,"column":11}},"67":{"start":{"line":199,"column":23},"end":{"line":199,"column":98}},"68":{"start":{"line":202,"column":21},"end":{"line":202,"column":86}},"69":{"start":{"line":204,"column":6},"end":{"line":213,"column":9}},"70":{"start":{"line":215,"column":6},"end":{"line":215,"column":48}},"71":{"start":{"line":216,"column":6},"end":{"line":219,"column":9}},"72":{"start":{"line":227,"column":4},"end":{"line":242,"column":5}},"73":{"start":{"line":228,"column":25},"end":{"line":228,"column":35}},"74":{"start":{"line":230,"column":23},"end":{"line":230,"column":70}},"75":{"start":{"line":232,"column":6},"end":{"line":235,"column":9}},"76":{"start":{"line":237,"column":6},"end":{"line":237,"column":55}},"77":{"start":{"line":238,"column":6},"end":{"line":241,"column":9}},"78":{"start":{"line":246,"column":0},"end":{"line":246,"column":32}}},"fnMap":{"0":{"name":"(anonymous_0)","decl":{"start":{"line":9,"column":2},"end":{"line":9,"column":3}},"loc":{"start":{"line":9,"column":36},"end":{"line":117,"column":3}},"line":9},"1":{"name":"(anonymous_1)","decl":{"start":{"line":122,"column":2},"end":{"line":122,"column":3}},"loc":{"start":{"line":122,"column":38},"end":{"line":152,"column":3}},"line":122},"2":{"name":"(anonymous_2)","decl":{"start":{"line":157,"column":2},"end":{"line":157,"column":3}},"loc":{"start":{"line":157,"column":34},"end":{"line":171,"column":3}},"line":157},"3":{"name":"(anonymous_3)","decl":{"start":{"line":176,"column":2},"end":{"line":176,"column":3}},"loc":{"start":{"line":176,"column":35},"end":{"line":221,"column":3}},"line":176},"4":{"name":"(anonymous_4)","decl":{"start":{"line":226,"column":2},"end":{"line":226,"column":3}},"loc":{"start":{"line":226,"column":41},"end":{"line":243,"column":3}},"line":226}},"branchMap":{"0":{"loc":{"start":{"line":13,"column":6},"end":{"line":17,"column":7}},"type":"if","locations":[{"start":{"line":13,"column":6},"end":{"line":17,"column":7}},{"start":{},"end":{}}],"line":13},"1":{"loc":{"start":{"line":13,"column":10},"end":{"line":13,"column":36}},"type":"binary-expr","locations":[{"start":{"line":13,"column":10},"end":{"line":13,"column":20}},{"start":{"line":13,"column":24},"end":{"line":13,"column":36}}],"line":13},"2":{"loc":{"start":{"line":22,"column":6},"end":{"line":29,"column":7}},"type":"if","locations":[{"start":{"line":22,"column":6},"end":{"line":29,"column":7}},{"start":{},"end":{}}],"line":22},"3":{"loc":{"start":{"line":33,"column":6},"end":{"line":35,"column":7}},"type":"if","locations":[{"start":{"line":33,"column":6},"end":{"line":35,"column":7}},{"start":{},"end":{}}],"line":33},"4":{"loc":{"start":{"line":44,"column":8},"end":{"line":44,"column":34}},"type":"binary-expr","locations":[{"start":{"line":44,"column":8},"end":{"line":44,"column":28}},{"start":{"line":44,"column":32},"end":{"line":44,"column":34}}],"line":44},"5":{"loc":{"start":{"line":48,"column":6},"end":{"line":63,"column":7}},"type":"if","locations":[{"start":{"line":48,"column":6},"end":{"line":63,"column":7}},{"start":{},"end":{}}],"line":48},"6":{"loc":{"start":{"line":49,"column":19},"end":{"line":49,"column":108}},"type":"binary-expr","locations":[{"start":{"line":49,"column":20},"end":{"line":49,"column":40}},{"start":{"line":49,"column":44},"end":{"line":49,"column":77}},{"start":{"line":49,"column":82},"end":{"line":49,"column":102}},{"start":{"line":49,"column":106},"end":{"line":49,"column":108}}],"line":49},"7":{"loc":{"start":{"line":50,"column":21},"end":{"line":50,"column":36}},"type":"binary-expr","locations":[{"start":{"line":50,"column":21},"end":{"line":50,"column":28}},{"start":{"line":50,"column":32},"end":{"line":50,"column":36}}],"line":50},"8":{"loc":{"start":{"line":51,"column":27},"end":{"line":51,"column":48}},"type":"binary-expr","locations":[{"start":{"line":51,"column":27},"end":{"line":51,"column":40}},{"start":{"line":51,"column":44},"end":{"line":51,"column":48}}],"line":51},"9":{"loc":{"start":{"line":52,"column":29},"end":{"line":52,"column":52}},"type":"binary-expr","locations":[{"start":{"line":52,"column":29},"end":{"line":52,"column":44}},{"start":{"line":52,"column":48},"end":{"line":52,"column":52}}],"line":52},"10":{"loc":{"start":{"line":55,"column":8},"end":{"line":57,"column":9}},"type":"if","locations":[{"start":{"line":55,"column":8},"end":{"line":57,"column":9}},{"start":{},"end":{}}],"line":55},"11":{"loc":{"start":{"line":55,"column":12},"end":{"line":55,"column":38}},"type":"binary-expr","locations":[{"start":{"line":55,"column":12},"end":{"line":55,"column":22}},{"start":{"line":55,"column":26},"end":{"line":55,"column":38}}],"line":55},"12":{"loc":{"start":{"line":65,"column":6},"end":{"line":82,"column":7}},"type":"if","locations":[{"start":{"line":65,"column":6},"end":{"line":82,"column":7}},{"start":{},"end":{}}],"line":65},"13":{"loc":{"start":{"line":66,"column":19},"end":{"line":66,"column":108}},"type":"binary-expr","locations":[{"start":{"line":66,"column":20},"end":{"line":66,"column":40}},{"start":{"line":66,"column":44},"end":{"line":66,"column":77}},{"start":{"line":66,"column":82},"end":{"line":66,"column":102}},{"start":{"line":66,"column":106},"end":{"line":66,"column":108}}],"line":66},"14":{"loc":{"start":{"line":69,"column":8},"end":{"line":72,"column":9}},"type":"if","locations":[{"start":{"line":69,"column":8},"end":{"line":72,"column":9}},{"start":{},"end":{}}],"line":69},"15":{"loc":{"start":{"line":78,"column":88},"end":{"line":78,"column":112}},"type":"binary-expr","locations":[{"start":{"line":78,"column":88},"end":{"line":78,"column":108}},{"start":{"line":78,"column":110},"end":{"line":78,"column":112}}],"line":78},"16":{"loc":{"start":{"line":94,"column":6},"end":{"line":96,"column":7}},"type":"if","locations":[{"start":{"line":94,"column":6},"end":{"line":96,"column":7}},{"start":{},"end":{}}],"line":94},"17":{"loc":{"start":{"line":94,"column":10},"end":{"line":94,"column":67}},"type":"binary-expr","locations":[{"start":{"line":94,"column":10},"end":{"line":94,"column":30}},{"start":{"line":94,"column":34},"end":{"line":94,"column":67}}],"line":94},"18":{"loc":{"start":{"line":95,"column":43},"end":{"line":95,"column":69}},"type":"binary-expr","locations":[{"start":{"line":95,"column":43},"end":{"line":95,"column":63}},{"start":{"line":95,"column":67},"end":{"line":95,"column":69}}],"line":95},"19":{"loc":{"start":{"line":98,"column":6},"end":{"line":100,"column":7}},"type":"if","locations":[{"start":{"line":98,"column":6},"end":{"line":100,"column":7}},{"start":{},"end":{}}],"line":98},"20":{"loc":{"start":{"line":108,"column":22},"end":{"line":108,"column":57}},"type":"binary-expr","locations":[{"start":{"line":108,"column":22},"end":{"line":108,"column":48}},{"start":{"line":108,"column":52},"end":{"line":108,"column":57}}],"line":108},"21":{"loc":{"start":{"line":128,"column":6},"end":{"line":133,"column":7}},"type":"if","locations":[{"start":{"line":128,"column":6},"end":{"line":133,"column":7}},{"start":{},"end":{}}],"line":128},"22":{"loc":{"start":{"line":128,"column":10},"end":{"line":128,"column":35}},"type":"binary-expr","locations":[{"start":{"line":128,"column":10},"end":{"line":128,"column":20}},{"start":{"line":128,"column":24},"end":{"line":128,"column":35}}],"line":128},"23":{"loc":{"start":{"line":130,"column":22},"end":{"line":130,"column":40}},"type":"binary-expr","locations":[{"start":{"line":130,"column":22},"end":{"line":130,"column":32}},{"start":{"line":130,"column":36},"end":{"line":130,"column":40}}],"line":130},"24":{"loc":{"start":{"line":131,"column":24},"end":{"line":131,"column":43}},"type":"binary-expr","locations":[{"start":{"line":131,"column":24},"end":{"line":131,"column":35}},{"start":{"line":131,"column":39},"end":{"line":131,"column":43}}],"line":131},"25":{"loc":{"start":{"line":180,"column":6},"end":{"line":184,"column":7}},"type":"if","locations":[{"start":{"line":180,"column":6},"end":{"line":184,"column":7}},{"start":{},"end":{}}],"line":180},"26":{"loc":{"start":{"line":180,"column":10},"end":{"line":180,"column":40}},"type":"binary-expr","locations":[{"start":{"line":180,"column":10},"end":{"line":180,"column":17}},{"start":{"line":180,"column":21},"end":{"line":180,"column":28}},{"start":{"line":180,"column":32},"end":{"line":180,"column":40}}],"line":180},"27":{"loc":{"start":{"line":188,"column":6},"end":{"line":190,"column":7}},"type":"if","locations":[{"start":{"line":188,"column":6},"end":{"line":190,"column":7}},{"start":{},"end":{}}],"line":188},"28":{"loc":{"start":{"line":192,"column":6},"end":{"line":196,"column":7}},"type":"if","locations":[{"start":{"line":192,"column":6},"end":{"line":196,"column":7}},{"start":{},"end":{}}],"line":192},"29":{"loc":{"start":{"line":192,"column":10},"end":{"line":192,"column":66}},"type":"binary-expr","locations":[{"start":{"line":192,"column":10},"end":{"line":192,"column":36}},{"start":{"line":192,"column":40},"end":{"line":192,"column":66}}],"line":192}},"s":{"0":1,"1":1,"2":1,"3":5,"4":5,"5":5,"6":1,"7":4,"8":4,"9":3,"10":4,"11":4,"12":0,"13":4,"14":4,"15":0,"16":0,"17":0,"18":0,"19":0,"20":0,"21":0,"22":0,"23":4,"24":0,"25":0,"26":0,"27":0,"28":0,"29":0,"30":0,"31":0,"32":0,"33":0,"34":4,"35":4,"36":4,"37":0,"38":4,"39":4,"40":4,"41":4,"42":0,"43":0,"44":1,"45":1,"46":1,"47":1,"48":1,"49":1,"50":1,"51":0,"52":0,"53":4,"54":4,"55":4,"56":0,"57":0,"58":0,"59":0,"60":0,"61":0,"62":0,"63":0,"64":0,"65":0,"66":0,"67":0,"68":0,"69":0,"70":0,"71":0,"72":0,"73":0,"74":0,"75":0,"76":0,"77":0,"78":1},"f":{"0":5,"1":1,"2":4,"3":0,"4":0},"b":{"0":[1,4],"1":[5,4],"2":[3,1],"3":[0,4],"4":[4,0],"5":[0,4],"6":[0,0,0,0],"7":[0,0],"8":[0,0],"9":[0,0],"10":[0,0],"11":[0,0],"12":[0,4],"13":[0,0,0,0],"14":[0,0],"15":[0,0],"16":[0,4],"17":[4,0],"18":[0,0],"19":[4,0],"20":[4,4],"21":[1,0],"22":[1,0],"23":[1,0],"24":[1,0],"25":[0,0],"26":[0,0,0],"27":[0,0],"28":[0,0],"29":[0,0]},"_coverageSchema":"1a1c01bbd47fc00a2c39e90264f33305004495a9","hash":"21570827f151b4e9aa1250c8f517d1619844ed44"}
,"/home/def/Projects/ssd/src/models/Payment.js": {"path":"/home/def/Projects/ssd/src/models/Payment.js","statementMap":{"0":{"start":{"line":1,"column":18},"end":{"line":1,"column":38}},"1":{"start":{"line":5,"column":4},"end":{"line":5,"column":22}},"2":{"start":{"line":9,"column":4},"end":{"line":29,"column":6}},"3":{"start":{"line":33,"column":4},"end":{"line":50,"column":6}},"4":{"start":{"line":54,"column":0},"end":{"line":54,"column":25}}},"fnMap":{"0":{"name":"(anonymous_0)","decl":{"start":{"line":4,"column":2},"end":{"line":4,"column":3}},"loc":{"start":{"line":4,"column":25},"end":{"line":6,"column":3}},"line":4},"1":{"name":"(anonymous_1)","decl":{"start":{"line":8,"column":2},"end":{"line":8,"column":3}},"loc":{"start":{"line":8,"column":26},"end":{"line":30,"column":3}},"line":8},"2":{"name":"(anonymous_2)","decl":{"start":{"line":32,"column":2},"end":{"line":32,"column":3}},"loc":{"start":{"line":32,"column":32},"end":{"line":51,"column":3}},"line":32}},"branchMap":{},"s":{"0":1,"1":10,"2":1,"3":1,"4":1},"f":{"0":10,"1":1,"2":1},"b":{},"_coverageSchema":"1a1c01bbd47fc00a2c39e90264f33305004495a9","hash":"08f4f9051ff8b8e6bef16359c7d61045d0d5def5"}
,"/home/def/Projects/ssd/src/models/Plan.js": {"path":"/home/def/Projects/ssd/src/models/Plan.js","statementMap":{"0":{"start":{"line":1,"column":18},"end":{"line":1,"column":38}},"1":{"start":{"line":5,"column":4},"end":{"line":5,"column":19}},"2":{"start":{"line":9,"column":4},"end":{"line":26,"column":6}},"3":{"start":{"line":30,"column":4},"end":{"line":39,"column":6}},"4":{"start":{"line":43,"column":0},"end":{"line":43,"column":22}}},"fnMap":{"0":{"name":"(anonymous_0)","decl":{"start":{"line":4,"column":2},"end":{"line":4,"column":3}},"loc":{"start":{"line":4,"column":25},"end":{"line":6,"column":3}},"line":4},"1":{"name":"(anonymous_1)","decl":{"start":{"line":8,"column":2},"end":{"line":8,"column":3}},"loc":{"start":{"line":8,"column":26},"end":{"line":27,"column":3}},"line":8},"2":{"name":"(anonymous_2)","decl":{"start":{"line":29,"column":2},"end":{"line":29,"column":3}},"loc":{"start":{"line":29,"column":32},"end":{"line":40,"column":3}},"line":29}},"branchMap":{},"s":{"0":1,"1":12,"2":1,"3":0,"4":1},"f":{"0":12,"1":1,"2":0},"b":{},"_coverageSchema":"1a1c01bbd47fc00a2c39e90264f33305004495a9","hash":"43fa7dae5448f1db5c8632846a38a649429f5f14"}
,"/home/def/Projects/ssd/src/models/Policy.js": {"path":"/home/def/Projects/ssd/src/models/Policy.js","statementMap":{"0":{"start":{"line":1,"column":18},"end":{"line":1,"column":38}},"1":{"start":{"line":5,"column":4},"end":{"line":5,"column":22}},"2":{"start":{"line":9,"column":4},"end":{"line":26,"column":6}},"3":{"start":{"line":30,"column":4},"end":{"line":55,"column":6}},"4":{"start":{"line":59,"column":0},"end":{"line":59,"column":24}}},"fnMap":{"0":{"name":"(anonymous_0)","decl":{"start":{"line":4,"column":2},"end":{"line":4,"column":3}},"loc":{"start":{"line":4,"column":25},"end":{"line":6,"column":3}},"line":4},"1":{"name":"(anonymous_1)","decl":{"start":{"line":8,"column":2},"end":{"line":8,"column":3}},"loc":{"start":{"line":8,"column":26},"end":{"line":27,"column":3}},"line":8},"2":{"name":"(anonymous_2)","decl":{"start":{"line":29,"column":2},"end":{"line":29,"column":3}},"loc":{"start":{"line":29,"column":32},"end":{"line":56,"column":3}},"line":29}},"branchMap":{},"s":{"0":1,"1":0,"2":0,"3":0,"4":1},"f":{"0":0,"1":0,"2":0},"b":{},"_coverageSchema":"1a1c01bbd47fc00a2c39e90264f33305004495a9","hash":"f22850d8d3be636f8166533e0c0cb4489fed839d"}
,"/home/def/Projects/ssd/src/models/Session.js": {"path":"/home/def/Projects/ssd/src/models/Session.js","statementMap":{"0":{"start":{"line":1,"column":18},"end":{"line":1,"column":38}},"1":{"start":{"line":5,"column":4},"end":{"line":5,"column":22}},"2":{"start":{"line":9,"column":4},"end":{"line":33,"column":6}},"3":{"start":{"line":37,"column":4},"end":{"line":46,"column":6}},"4":{"start":{"line":50,"column":0},"end":{"line":50,"column":25}}},"fnMap":{"0":{"name":"(anonymous_0)","decl":{"start":{"line":4,"column":2},"end":{"line":4,"column":3}},"loc":{"start":{"line":4,"column":25},"end":{"line":6,"column":3}},"line":4},"1":{"name":"(anonymous_1)","decl":{"start":{"line":8,"column":2},"end":{"line":8,"column":3}},"loc":{"start":{"line":8,"column":26},"end":{"line":34,"column":3}},"line":8},"2":{"name":"(anonymous_2)","decl":{"start":{"line":36,"column":2},"end":{"line":36,"column":3}},"loc":{"start":{"line":36,"column":32},"end":{"line":47,"column":3}},"line":36}},"branchMap":{},"s":{"0":1,"1":100,"2":1,"3":1,"4":1},"f":{"0":100,"1":1,"2":1},"b":{},"_coverageSchema":"1a1c01bbd47fc00a2c39e90264f33305004495a9","hash":"7c00ab0aa792e1b0c0ab2529d76f031d68ac37c5"}
,"/home/def/Projects/ssd/src/models/User.js": {"path":"/home/def/Projects/ssd/src/models/User.js","statementMap":{"0":{"start":{"line":1,"column":18},"end":{"line":1,"column":38}},"1":{"start":{"line":2,"column":13},"end":{"line":2,"column":42}},"2":{"start":{"line":4,"column":0},"end":{"line":4,"column":17}},"3":{"start":{"line":8,"column":4},"end":{"line":8,"column":19}},"4":{"start":{"line":12,"column":4},"end":{"line":26,"column":6}},"5":{"start":{"line":30,"column":4},"end":{"line":55,"column":6}},"6":{"start":{"line":59,"column":0},"end":{"line":59,"column":22}}},"fnMap":{"0":{"name":"(anonymous_0)","decl":{"start":{"line":7,"column":2},"end":{"line":7,"column":3}},"loc":{"start":{"line":7,"column":25},"end":{"line":9,"column":3}},"line":7},"1":{"name":"(anonymous_1)","decl":{"start":{"line":11,"column":2},"end":{"line":11,"column":3}},"loc":{"start":{"line":11,"column":26},"end":{"line":27,"column":3}},"line":11},"2":{"name":"(anonymous_2)","decl":{"start":{"line":29,"column":2},"end":{"line":29,"column":3}},"loc":{"start":{"line":29,"column":32},"end":{"line":56,"column":3}},"line":29}},"branchMap":{},"s":{"0":1,"1":1,"2":1,"3":16,"4":1,"5":1,"6":1},"f":{"0":16,"1":1,"2":1},"b":{},"_coverageSchema":"1a1c01bbd47fc00a2c39e90264f33305004495a9","hash":"9b14db70e047ed09fc1575cdffe857cc6cd54a64"}
,"/home/def/Projects/ssd/src/routes/payments.js": {"path":"/home/def/Projects/ssd/src/routes/payments.js","statementMap":{"0":{"start":{"line":1,"column":16},"end":{"line":1,"column":34}},"1":{"start":{"line":2,"column":26},"end":{"line":2,"column":69}},"2":{"start":{"line":4,"column":15},"end":{"line":4,"column":31}},"3":{"start":{"line":7,"column":0},"end":{"line":7,"column":71}},"4":{"start":{"line":10,"column":0},"end":{"line":10,"column":70}},"5":{"start":{"line":13,"column":0},"end":{"line":13,"column":85}},"6":{"start":{"line":16,"column":0},"end":{"line":16,"column":68}},"7":{"start":{"line":18,"column":0},"end":{"line":18,"column":24}}},"fnMap":{},"branchMap":{},"s":{"0":1,"1":1,"2":1,"3":1,"4":1,"5":1,"6":1,"7":1},"f":{},"b":{},"_coverageSchema":"1a1c01bbd47fc00a2c39e90264f33305004495a9","hash":"650a564562df0351a1b2a967636733138044a4e5"}
,"/home/def/Projects/ssd/src/routes/plans.js": {"path":"/home/def/Projects/ssd/src/routes/plans.js","statementMap":{"0":{"start":{"line":1,"column":16},"end":{"line":1,"column":34}},"1":{"start":{"line":3,"column":15},"end":{"line":3,"column":31}},"2":{"start":{"line":6,"column":0},"end":{"line":10,"column":3}},"3":{"start":{"line":7,"column":2},"end":{"line":9,"column":5}},"4":{"start":{"line":12,"column":0},"end":{"line":12,"column":24}}},"fnMap":{"0":{"name":"(anonymous_0)","decl":{"start":{"line":6,"column":16},"end":{"line":6,"column":17}},"loc":{"start":{"line":6,"column":36},"end":{"line":10,"column":1}},"line":6}},"branchMap":{},"s":{"0":1,"1":1,"2":1,"3":0,"4":1},"f":{"0":0},"b":{},"_coverageSchema":"1a1c01bbd47fc00a2c39e90264f33305004495a9","hash":"67316071c56d6af400540727e432788896958a27"}
,"/home/def/Projects/ssd/src/routes/users.js": {"path":"/home/def/Projects/ssd/src/routes/users.js","statementMap":{"0":{"start":{"line":1,"column":16},"end":{"line":1,"column":34}},"1":{"start":{"line":2,"column":23},"end":{"line":2,"column":38}},"2":{"start":{"line":4,"column":15},"end":{"line":4,"column":31}},"3":{"start":{"line":7,"column":0},"end":{"line":12,"column":3}},"4":{"start":{"line":8,"column":2},"end":{"line":11,"column":5}},"5":{"start":{"line":14,"column":0},"end":{"line":19,"column":3}},"6":{"start":{"line":15,"column":2},"end":{"line":18,"column":5}},"7":{"start":{"line":21,"column":0},"end":{"line":21,"column":24}}},"fnMap":{"0":{"name":"(anonymous_0)","decl":{"start":{"line":7,"column":23},"end":{"line":7,"column":24}},"loc":{"start":{"line":7,"column":43},"end":{"line":12,"column":1}},"line":7},"1":{"name":"(anonymous_1)","decl":{"start":{"line":14,"column":23},"end":{"line":14,"column":24}},"loc":{"start":{"line":14,"column":43},"end":{"line":19,"column":1}},"line":14}},"branchMap":{},"s":{"0":1,"1":1,"2":1,"3":1,"4":0,"5":1,"6":0,"7":1},"f":{"0":0,"1":0},"b":{},"_coverageSchema":"1a1c01bbd47fc00a2c39e90264f33305004495a9","hash":"43cf37851f9fa64110ce97f2f25661276ee8de1f"}
,"/home/def/Projects/ssd/src/routes/ussd.js": {"path":"/home/def/Projects/ssd/src/routes/ussd.js","statementMap":{"0":{"start":{"line":1,"column":16},"end":{"line":1,"column":34}},"1":{"start":{"line":2,"column":23},"end":{"line":2,"column":63}},"2":{"start":{"line":3,"column":33},"end":{"line":3,"column":83}},"3":{"start":{"line":5,"column":15},"end":{"line":5,"column":31}},"4":{"start":{"line":8,"column":0},"end":{"line":8,"column":44}},"5":{"start":{"line":12,"column":0},"end":{"line":12,"column":68}},"6":{"start":{"line":15,"column":0},"end":{"line":15,"column":54}},"7":{"start":{"line":18,"column":0},"end":{"line":18,"column":46}},"8":{"start":{"line":21,"column":0},"end":{"line":21,"column":53}},"9":{"start":{"line":24,"column":0},"end":{"line":24,"column":64}},"10":{"start":{"line":26,"column":0},"end":{"line":26,"column":24}}},"fnMap":{},"branchMap":{},"s":{"0":1,"1":1,"2":1,"3":1,"4":1,"5":1,"6":1,"7":1,"8":1,"9":1,"10":1},"f":{},"b":{},"_coverageSchema":"1a1c01bbd47fc00a2c39e90264f33305004495a9","hash":"a704664e7f215a0ac7a8ddce6f80827ef3c51aa0"}
,"/home/def/Projects/ssd/src/services/AfricasTalkingService.js": {"path":"/home/def/Projects/ssd/src/services/AfricasTalkingService.js","statementMap":{"0":{"start":{"line":1,"column":14},"end":{"line":1,"column":30}},"1":{"start":{"line":9,"column":4},"end":{"line":9,"column":74}},"2":{"start":{"line":10,"column":4},"end":{"line":10,"column":57}},"3":{"start":{"line":11,"column":4},"end":{"line":11,"column":47}},"4":{"start":{"line":12,"column":4},"end":{"line":12,"column":56}},"5":{"start":{"line":14,"column":4},"end":{"line":20,"column":7}},"6":{"start":{"line":27,"column":4},"end":{"line":30,"column":5}},"7":{"start":{"line":28,"column":6},"end":{"line":28,"column":88}},"8":{"start":{"line":29,"column":6},"end":{"line":29,"column":19}},"9":{"start":{"line":31,"column":4},"end":{"line":31,"column":16}},"10":{"start":{"line":41,"column":4},"end":{"line":57,"column":5}},"11":{"start":{"line":42,"column":27},"end":{"line":42,"column":58}},"12":{"start":{"line":43,"column":32},"end":{"line":43,"column":61}},"13":{"start":{"line":47,"column":6},"end":{"line":53,"column":8}},"14":{"start":{"line":55,"column":6},"end":{"line":55,"column":59}},"15":{"start":{"line":56,"column":6},"end":{"line":56,"column":18}},"16":{"start":{"line":71,"column":4},"end":{"line":88,"column":5}},"17":{"start":{"line":72,"column":64},"end":{"line":72,"column":79}},"18":{"start":{"line":74,"column":6},"end":{"line":76,"column":7}},"19":{"start":{"line":75,"column":8},"end":{"line":75,"column":75}},"20":{"start":{"line":78,"column":6},"end":{"line":84,"column":8}},"21":{"start":{"line":86,"column":6},"end":{"line":86,"column":73}},"22":{"start":{"line":87,"column":6},"end":{"line":87,"column":18}},"23":{"start":{"line":97,"column":19},"end":{"line":97,"column":50}},"24":{"start":{"line":98,"column":4},"end":{"line":98,"column":31}},"25":{"start":{"line":106,"column":4},"end":{"line":106,"column":55}},"26":{"start":{"line":106,"column":15},"end":{"line":106,"column":55}},"27":{"start":{"line":108,"column":20},"end":{"line":108,"column":31}},"28":{"start":{"line":111,"column":4},"end":{"line":113,"column":5}},"29":{"start":{"line":112,"column":6},"end":{"line":112,"column":56}},"30":{"start":{"line":116,"column":4},"end":{"line":116,"column":45}},"31":{"start":{"line":124,"column":20},"end":{"line":124,"column":45}},"32":{"start":{"line":125,"column":4},"end":{"line":125,"column":37}},"33":{"start":{"line":132,"column":4},"end":{"line":134,"column":5}},"34":{"start":{"line":133,"column":6},"end":{"line":133,"column":25}},"35":{"start":{"line":135,"column":4},"end":{"line":137,"column":5}},"36":{"start":{"line":136,"column":6},"end":{"line":136,"column":47}},"37":{"start":{"line":138,"column":4},"end":{"line":138,"column":32}},"38":{"start":{"line":145,"column":4},"end":{"line":145,"column":24}},"39":{"start":{"line":152,"column":4},"end":{"line":152,"column":60}},"40":{"start":{"line":159,"column":4},"end":{"line":159,"column":78}},"41":{"start":{"line":160,"column":4},"end":{"line":165,"column":6}},"42":{"start":{"line":172,"column":16},"end":{"line":180,"column":5}},"43":{"start":{"line":182,"column":4},"end":{"line":182,"column":41}},"44":{"start":{"line":184,"column":4},"end":{"line":184,"column":15}},"45":{"start":{"line":188,"column":0},"end":{"line":188,"column":45}}},"fnMap":{"0":{"name":"(anonymous_0)","decl":{"start":{"line":8,"column":2},"end":{"line":8,"column":3}},"loc":{"start":{"line":8,"column":16},"end":{"line":21,"column":3}},"line":8},"1":{"name":"(anonymous_1)","decl":{"start":{"line":26,"column":2},"end":{"line":26,"column":3}},"loc":{"start":{"line":26,"column":15},"end":{"line":32,"column":3}},"line":26},"2":{"name":"(anonymous_2)","decl":{"start":{"line":40,"column":2},"end":{"line":40,"column":3}},"loc":{"start":{"line":40,"column":68},"end":{"line":58,"column":3}},"line":40},"3":{"name":"(anonymous_3)","decl":{"start":{"line":70,"column":2},"end":{"line":70,"column":3}},"loc":{"start":{"line":70,"column":28},"end":{"line":89,"column":3}},"line":70},"4":{"name":"(anonymous_4)","decl":{"start":{"line":96,"column":2},"end":{"line":96,"column":3}},"loc":{"start":{"line":96,"column":49},"end":{"line":99,"column":3}},"line":96},"5":{"name":"(anonymous_5)","decl":{"start":{"line":105,"column":2},"end":{"line":105,"column":3}},"loc":{"start":{"line":105,"column":19},"end":{"line":117,"column":3}},"line":105},"6":{"name":"(anonymous_6)","decl":{"start":{"line":122,"column":2},"end":{"line":122,"column":3}},"loc":{"start":{"line":122,"column":35},"end":{"line":126,"column":3}},"line":122},"7":{"name":"(anonymous_7)","decl":{"start":{"line":131,"column":2},"end":{"line":131,"column":3}},"loc":{"start":{"line":131,"column":33},"end":{"line":139,"column":3}},"line":131},"8":{"name":"(anonymous_8)","decl":{"start":{"line":144,"column":2},"end":{"line":144,"column":3}},"loc":{"start":{"line":144,"column":26},"end":{"line":146,"column":3}},"line":144},"9":{"name":"(anonymous_9)","decl":{"start":{"line":151,"column":2},"end":{"line":151,"column":3}},"loc":{"start":{"line":151,"column":54},"end":{"line":153,"column":3}},"line":151},"10":{"name":"(anonymous_10)","decl":{"start":{"line":158,"column":2},"end":{"line":158,"column":3}},"loc":{"start":{"line":158,"column":47},"end":{"line":166,"column":3}},"line":158},"11":{"name":"(anonymous_11)","decl":{"start":{"line":171,"column":2},"end":{"line":171,"column":3}},"loc":{"start":{"line":171,"column":68},"end":{"line":185,"column":3}},"line":171}},"branchMap":{"0":{"loc":{"start":{"line":10,"column":20},"end":{"line":10,"column":56}},"type":"binary-expr","locations":[{"start":{"line":10,"column":20},"end":{"line":10,"column":43}},{"start":{"line":10,"column":47},"end":{"line":10,"column":56}}],"line":10},"1":{"loc":{"start":{"line":11,"column":18},"end":{"line":11,"column":46}},"type":"binary-expr","locations":[{"start":{"line":11,"column":18},"end":{"line":11,"column":40}},{"start":{"line":11,"column":44},"end":{"line":11,"column":46}}],"line":11},"2":{"loc":{"start":{"line":12,"column":21},"end":{"line":12,"column":55}},"type":"binary-expr","locations":[{"start":{"line":12,"column":21},"end":{"line":12,"column":45}},{"start":{"line":12,"column":49},"end":{"line":12,"column":55}}],"line":12},"3":{"loc":{"start":{"line":27,"column":4},"end":{"line":30,"column":5}},"type":"if","locations":[{"start":{"line":27,"column":4},"end":{"line":30,"column":5}},{"start":{},"end":{}}],"line":27},"4":{"loc":{"start":{"line":40,"column":44},"end":{"line":40,"column":66}},"type":"default-arg","locations":[{"start":{"line":40,"column":62},"end":{"line":40,"column":66}}],"line":40},"5":{"loc":{"start":{"line":42,"column":27},"end":{"line":42,"column":58}},"type":"cond-expr","locations":[{"start":{"line":42,"column":45},"end":{"line":42,"column":50}},{"start":{"line":42,"column":53},"end":{"line":42,"column":58}}],"line":42},"6":{"loc":{"start":{"line":72,"column":64},"end":{"line":72,"column":79}},"type":"binary-expr","locations":[{"start":{"line":72,"column":64},"end":{"line":72,"column":72}},{"start":{"line":72,"column":76},"end":{"line":72,"column":79}}],"line":72},"7":{"loc":{"start":{"line":74,"column":6},"end":{"line":76,"column":7}},"type":"if","locations":[{"start":{"line":74,"column":6},"end":{"line":76,"column":7}},{"start":{},"end":{}}],"line":74},"8":{"loc":{"start":{"line":74,"column":10},"end":{"line":74,"column":36}},"type":"binary-expr","locations":[{"start":{"line":74,"column":10},"end":{"line":74,"column":20}},{"start":{"line":74,"column":24},"end":{"line":74,"column":36}}],"line":74},"9":{"loc":{"start":{"line":81,"column":14},"end":{"line":81,"column":24}},"type":"binary-expr","locations":[{"start":{"line":81,"column":14},"end":{"line":81,"column":18}},{"start":{"line":81,"column":22},"end":{"line":81,"column":24}}],"line":81},"10":{"loc":{"start":{"line":82,"column":25},"end":{"line":82,"column":53}},"type":"binary-expr","locations":[{"start":{"line":82,"column":25},"end":{"line":82,"column":40}},{"start":{"line":82,"column":44},"end":{"line":82,"column":53}}],"line":82},"11":{"loc":{"start":{"line":96,"column":25},"end":{"line":96,"column":47}},"type":"default-arg","locations":[{"start":{"line":96,"column":43},"end":{"line":96,"column":47}}],"line":96},"12":{"loc":{"start":{"line":97,"column":19},"end":{"line":97,"column":50}},"type":"cond-expr","locations":[{"start":{"line":97,"column":37},"end":{"line":97,"column":42}},{"start":{"line":97,"column":45},"end":{"line":97,"column":50}}],"line":97},"13":{"loc":{"start":{"line":106,"column":4},"end":{"line":106,"column":55}},"type":"if","locations":[{"start":{"line":106,"column":4},"end":{"line":106,"column":55}},{"start":{},"end":{}}],"line":106},"14":{"loc":{"start":{"line":111,"column":4},"end":{"line":113,"column":5}},"type":"if","locations":[{"start":{"line":111,"column":4},"end":{"line":113,"column":5}},{"start":{},"end":{}}],"line":111},"15":{"loc":{"start":{"line":132,"column":4},"end":{"line":134,"column":5}},"type":"if","locations":[{"start":{"line":132,"column":4},"end":{"line":134,"column":5}},{"start":{},"end":{}}],"line":132},"16":{"loc":{"start":{"line":135,"column":4},"end":{"line":137,"column":5}},"type":"if","locations":[{"start":{"line":135,"column":4},"end":{"line":137,"column":5}},{"start":{},"end":{}}],"line":135},"17":{"loc":{"start":{"line":151,"column":30},"end":{"line":151,"column":52}},"type":"default-arg","locations":[{"start":{"line":151,"column":48},"end":{"line":151,"column":52}}],"line":151}},"s":{"0":1,"1":1,"2":1,"3":1,"4":1,"5":1,"6":0,"7":0,"8":0,"9":0,"10":0,"11":0,"12":0,"13":0,"14":0,"15":0,"16":0,"17":0,"18":0,"19":0,"20":0,"21":0,"22":0,"23":0,"24":0,"25":0,"26":0,"27":0,"28":0,"29":0,"30":0,"31":0,"32":0,"33":0,"34":0,"35":0,"36":0,"37":0,"38":0,"39":0,"40":0,"41":0,"42":0,"43":0,"44":0,"45":1},"f":{"0":1,"1":0,"2":0,"3":0,"4":0,"5":0,"6":0,"7":0,"8":0,"9":0,"10":0,"11":0},"b":{"0":[1,0],"1":[1,0],"2":[1,1],"3":[0,0],"4":[0],"5":[0,0],"6":[0,0],"7":[0,0],"8":[0,0],"9":[0,0],"10":[0,0],"11":[0],"12":[0,0],"13":[0,0],"14":[0,0],"15":[0,0],"16":[0,0],"17":[0]},"_coverageSchema":"1a1c01bbd47fc00a2c39e90264f33305004495a9","hash":"b01e528f77f73181e7c5236b62449b01dd31cbf9"}
,"/home/def/Projects/ssd/src/services/DataService.js": {"path":"/home/def/Projects/ssd/src/services/DataService.js","statementMap":{"0":{"start":{"line":1,"column":13},"end":{"line":1,"column":38}},"1":{"start":{"line":2,"column":13},"end":{"line":2,"column":38}},"2":{"start":{"line":3,"column":15},"end":{"line":3,"column":42}},"3":{"start":{"line":4,"column":16},"end":{"line":4,"column":44}},"4":{"start":{"line":5,"column":16},"end":{"line":5,"column":44}},"5":{"start":{"line":6,"column":23},"end":{"line":6,"column":38}},"6":{"start":{"line":13,"column":4},"end":{"line":28,"column":5}},"7":{"start":{"line":14,"column":17},"end":{"line":14,"column":54}},"8":{"start":{"line":16,"column":6},"end":{"line":22,"column":7}},"9":{"start":{"line":17,"column":8},"end":{"line":21,"column":11}},"10":{"start":{"line":24,"column":6},"end":{"line":24,"column":18}},"11":{"start":{"line":26,"column":6},"end":{"line":26,"column":49}},"12":{"start":{"line":27,"column":6},"end":{"line":27,"column":18}},"13":{"start":{"line":35,"column":4},"end":{"line":42,"column":5}},"14":{"start":{"line":36,"column":6},"end":{"line":38,"column":34}},"15":{"start":{"line":40,"column":6},"end":{"line":40,"column":52}},"16":{"start":{"line":41,"column":6},"end":{"line":41,"column":18}},"17":{"start":{"line":49,"column":4},"end":{"line":77,"column":5}},"18":{"start":{"line":50,"column":6},"end":{"line":50,"column":97}},"19":{"start":{"line":51,"column":20},"end":{"line":51,"column":76}},"20":{"start":{"line":53,"column":6},"end":{"line":73,"column":7}},"21":{"start":{"line":55,"column":8},"end":{"line":60,"column":42}},"22":{"start":{"line":62,"column":8},"end":{"line":62,"column":72}},"23":{"start":{"line":64,"column":27},"end":{"line":70,"column":9}},"24":{"start":{"line":72,"column":8},"end":{"line":72,"column":56}},"25":{"start":{"line":75,"column":6},"end":{"line":75,"column":52}},"26":{"start":{"line":76,"column":6},"end":{"line":76,"column":18}},"27":{"start":{"line":84,"column":4},"end":{"line":89,"column":5}},"28":{"start":{"line":85,"column":6},"end":{"line":85,"column":54}},"29":{"start":{"line":87,"column":6},"end":{"line":87,"column":50}},"30":{"start":{"line":88,"column":6},"end":{"line":88,"column":18}},"31":{"start":{"line":96,"column":4},"end":{"line":104,"column":5}},"32":{"start":{"line":97,"column":6},"end":{"line":100,"column":17}},"33":{"start":{"line":102,"column":6},"end":{"line":102,"column":49}},"34":{"start":{"line":103,"column":6},"end":{"line":103,"column":18}},"35":{"start":{"line":111,"column":4},"end":{"line":129,"column":5}},"36":{"start":{"line":112,"column":27},"end":{"line":112,"column":74}},"37":{"start":{"line":114,"column":6},"end":{"line":125,"column":9}},"38":{"start":{"line":127,"column":6},"end":{"line":127,"column":53}},"39":{"start":{"line":128,"column":6},"end":{"line":128,"column":18}},"40":{"start":{"line":136,"column":4},"end":{"line":144,"column":5}},"41":{"start":{"line":137,"column":6},"end":{"line":140,"column":34}},"42":{"start":{"line":142,"column":6},"end":{"line":142,"column":53}},"43":{"start":{"line":143,"column":6},"end":{"line":143,"column":18}},"44":{"start":{"line":151,"column":4},"end":{"line":167,"column":5}},"45":{"start":{"line":152,"column":6},"end":{"line":163,"column":9}},"46":{"start":{"line":165,"column":6},"end":{"line":165,"column":54}},"47":{"start":{"line":166,"column":6},"end":{"line":166,"column":18}},"48":{"start":{"line":174,"column":4},"end":{"line":188,"column":5}},"49":{"start":{"line":175,"column":6},"end":{"line":184,"column":17}},"50":{"start":{"line":186,"column":6},"end":{"line":186,"column":52}},"51":{"start":{"line":187,"column":6},"end":{"line":187,"column":18}},"52":{"start":{"line":195,"column":4},"end":{"line":203,"column":5}},"53":{"start":{"line":196,"column":6},"end":{"line":199,"column":22}},"54":{"start":{"line":201,"column":6},"end":{"line":201,"column":60}},"55":{"start":{"line":202,"column":6},"end":{"line":202,"column":18}},"56":{"start":{"line":210,"column":4},"end":{"line":219,"column":5}},"57":{"start":{"line":211,"column":6},"end":{"line":215,"column":17}},"58":{"start":{"line":217,"column":6},"end":{"line":217,"column":49}},"59":{"start":{"line":218,"column":6},"end":{"line":218,"column":18}},"60":{"start":{"line":223,"column":0},"end":{"line":223,"column":29}}},"fnMap":{"0":{"name":"(anonymous_0)","decl":{"start":{"line":12,"column":2},"end":{"line":12,"column":3}},"loc":{"start":{"line":12,"column":51},"end":{"line":29,"column":3}},"line":12},"1":{"name":"(anonymous_1)","decl":{"start":{"line":34,"column":2},"end":{"line":34,"column":3}},"loc":{"start":{"line":34,"column":37},"end":{"line":43,"column":3}},"line":34},"2":{"name":"(anonymous_2)","decl":{"start":{"line":48,"column":2},"end":{"line":48,"column":3}},"loc":{"start":{"line":48,"column":61},"end":{"line":78,"column":3}},"line":48},"3":{"name":"(anonymous_3)","decl":{"start":{"line":83,"column":2},"end":{"line":83,"column":3}},"loc":{"start":{"line":83,"column":26},"end":{"line":90,"column":3}},"line":83},"4":{"name":"(anonymous_4)","decl":{"start":{"line":95,"column":2},"end":{"line":95,"column":3}},"loc":{"start":{"line":95,"column":51},"end":{"line":105,"column":3}},"line":95},"5":{"name":"(anonymous_5)","decl":{"start":{"line":110,"column":2},"end":{"line":110,"column":3}},"loc":{"start":{"line":110,"column":69},"end":{"line":130,"column":3}},"line":110},"6":{"name":"(anonymous_6)","decl":{"start":{"line":135,"column":2},"end":{"line":135,"column":3}},"loc":{"start":{"line":135,"column":45},"end":{"line":145,"column":3}},"line":135},"7":{"name":"(anonymous_7)","decl":{"start":{"line":150,"column":2},"end":{"line":150,"column":3}},"loc":{"start":{"line":150,"column":85},"end":{"line":168,"column":3}},"line":150},"8":{"name":"(anonymous_8)","decl":{"start":{"line":173,"column":2},"end":{"line":173,"column":3}},"loc":{"start":{"line":173,"column":84},"end":{"line":189,"column":3}},"line":173},"9":{"name":"(anonymous_9)","decl":{"start":{"line":194,"column":2},"end":{"line":194,"column":3}},"loc":{"start":{"line":194,"column":57},"end":{"line":204,"column":3}},"line":194},"10":{"name":"(anonymous_10)","decl":{"start":{"line":209,"column":2},"end":{"line":209,"column":3}},"loc":{"start":{"line":209,"column":50},"end":{"line":220,"column":3}},"line":209}},"branchMap":{"0":{"loc":{"start":{"line":12,"column":38},"end":{"line":12,"column":49}},"type":"default-arg","locations":[{"start":{"line":12,"column":45},"end":{"line":12,"column":49}}],"line":12},"1":{"loc":{"start":{"line":16,"column":6},"end":{"line":22,"column":7}},"type":"if","locations":[{"start":{"line":16,"column":6},"end":{"line":22,"column":7}},{"start":{},"end":{}}],"line":16},"2":{"loc":{"start":{"line":16,"column":10},"end":{"line":16,"column":23}},"type":"binary-expr","locations":[{"start":{"line":16,"column":10},"end":{"line":16,"column":15}},{"start":{"line":16,"column":19},"end":{"line":16,"column":23}}],"line":16},"3":{"loc":{"start":{"line":48,"column":47},"end":{"line":48,"column":59}},"type":"default-arg","locations":[{"start":{"line":48,"column":57},"end":{"line":48,"column":59}}],"line":48},"4":{"loc":{"start":{"line":53,"column":6},"end":{"line":73,"column":7}},"type":"if","locations":[{"start":{"line":53,"column":6},"end":{"line":73,"column":7}},{"start":{"line":63,"column":13},"end":{"line":73,"column":7}}],"line":53},"5":{"loc":{"start":{"line":180,"column":21},"end":{"line":180,"column":77}},"type":"cond-expr","locations":[{"start":{"line":180,"column":46},"end":{"line":180,"column":70}},{"start":{"line":180,"column":73},"end":{"line":180,"column":77}}],"line":180},"6":{"loc":{"start":{"line":194,"column":45},"end":{"line":194,"column":55}},"type":"default-arg","locations":[{"start":{"line":194,"column":53},"end":{"line":194,"column":55}}],"line":194}},"s":{"0":1,"1":1,"2":1,"3":1,"4":1,"5":1,"6":1,"7":1,"8":1,"9":0,"10":1,"11":0,"12":0,"13":4,"14":4,"15":0,"16":0,"17":8,"18":8,"19":8,"20":8,"21":5,"22":5,"23":3,"24":3,"25":0,"26":0,"27":4,"28":4,"29":0,"30":0,"31":0,"32":0,"33":0,"34":0,"35":0,"36":0,"37":0,"38":0,"39":0,"40":0,"41":0,"42":0,"43":0,"44":3,"45":3,"46":1,"47":1,"48":0,"49":0,"50":0,"51":0,"52":0,"53":0,"54":0,"55":0,"56":1,"57":1,"58":0,"59":0,"60":1},"f":{"0":1,"1":4,"2":8,"3":4,"4":0,"5":0,"6":0,"7":3,"8":0,"9":0,"10":1},"b":{"0":[0],"1":[0,1],"2":[1,0],"3":[0],"4":[5,3],"5":[0,0],"6":[0]},"_coverageSchema":"1a1c01bbd47fc00a2c39e90264f33305004495a9","hash":"bcc6590c1950bdee88f2746e38d16d93a0112dbd"}
,"/home/def/Projects/ssd/src/services/MpesaService.js": {"path":"/home/def/Projects/ssd/src/services/MpesaService.js","statementMap":{"0":{"start":{"line":1,"column":14},"end":{"line":1,"column":30}},"1":{"start":{"line":8,"column":4},"end":{"line":26,"column":5}},"2":{"start":{"line":9,"column":19},"end":{"line":11,"column":26}},"3":{"start":{"line":13,"column":23},"end":{"line":20,"column":7}},"4":{"start":{"line":22,"column":6},"end":{"line":22,"column":40}},"5":{"start":{"line":24,"column":6},"end":{"line":24,"column":50}},"6":{"start":{"line":25,"column":6},"end":{"line":25,"column":64}},"7":{"start":{"line":33,"column":4},"end":{"line":73,"column":5}},"8":{"start":{"line":34,"column":20},"end":{"line":34,"column":47}},"9":{"start":{"line":35,"column":24},"end":{"line":35,"column":84}},"10":{"start":{"line":37,"column":23},"end":{"line":39,"column":26}},"11":{"start":{"line":41,"column":22},"end":{"line":53,"column":7}},"12":{"start":{"line":55,"column":23},"end":{"line":63,"column":7}},"13":{"start":{"line":65,"column":6},"end":{"line":69,"column":8}},"14":{"start":{"line":71,"column":6},"end":{"line":71,"column":53}},"15":{"start":{"line":72,"column":6},"end":{"line":72,"column":18}},"16":{"start":{"line":80,"column":4},"end":{"line":109,"column":5}},"17":{"start":{"line":81,"column":20},"end":{"line":81,"column":47}},"18":{"start":{"line":82,"column":24},"end":{"line":82,"column":84}},"19":{"start":{"line":84,"column":23},"end":{"line":86,"column":26}},"20":{"start":{"line":88,"column":22},"end":{"line":93,"column":7}},"21":{"start":{"line":95,"column":23},"end":{"line":103,"column":7}},"22":{"start":{"line":105,"column":6},"end":{"line":105,"column":27}},"23":{"start":{"line":107,"column":6},"end":{"line":107,"column":57}},"24":{"start":{"line":108,"column":6},"end":{"line":108,"column":18}},"25":{"start":{"line":116,"column":20},"end":{"line":116,"column":44}},"26":{"start":{"line":117,"column":4},"end":{"line":121,"column":5}},"27":{"start":{"line":118,"column":6},"end":{"line":118,"column":49}},"28":{"start":{"line":119,"column":11},"end":{"line":121,"column":5}},"29":{"start":{"line":120,"column":6},"end":{"line":120,"column":36}},"30":{"start":{"line":122,"column":4},"end":{"line":122,"column":21}},"31":{"start":{"line":129,"column":27},"end":{"line":129,"column":35}},"32":{"start":{"line":130,"column":4},"end":{"line":130,"column":64}},"33":{"start":{"line":130,"column":41},"end":{"line":130,"column":62}},"34":{"start":{"line":137,"column":4},"end":{"line":160,"column":5}},"35":{"start":{"line":138,"column":26},"end":{"line":138,"column":55}},"36":{"start":{"line":140,"column":21},"end":{"line":145,"column":7}},"37":{"start":{"line":147,"column":6},"end":{"line":154,"column":7}},"38":{"start":{"line":149,"column":33},"end":{"line":149,"column":66}},"39":{"start":{"line":150,"column":8},"end":{"line":150,"column":85}},"40":{"start":{"line":150,"column":54},"end":{"line":150,"column":76}},"41":{"start":{"line":151,"column":8},"end":{"line":151,"column":109}},"42":{"start":{"line":151,"column":66},"end":{"line":151,"column":100}},"43":{"start":{"line":152,"column":8},"end":{"line":152,"column":103}},"44":{"start":{"line":152,"column":63},"end":{"line":152,"column":94}},"45":{"start":{"line":153,"column":8},"end":{"line":153,"column":95}},"46":{"start":{"line":153,"column":59},"end":{"line":153,"column":86}},"47":{"start":{"line":156,"column":6},"end":{"line":156,"column":20}},"48":{"start":{"line":158,"column":6},"end":{"line":158,"column":64}},"49":{"start":{"line":159,"column":6},"end":{"line":159,"column":18}},"50":{"start":{"line":164,"column":0},"end":{"line":164,"column":30}}},"fnMap":{"0":{"name":"(anonymous_0)","decl":{"start":{"line":7,"column":2},"end":{"line":7,"column":3}},"loc":{"start":{"line":7,"column":32},"end":{"line":27,"column":3}},"line":7},"1":{"name":"(anonymous_1)","decl":{"start":{"line":32,"column":2},"end":{"line":32,"column":3}},"loc":{"start":{"line":32,"column":83},"end":{"line":74,"column":3}},"line":32},"2":{"name":"(anonymous_2)","decl":{"start":{"line":79,"column":2},"end":{"line":79,"column":3}},"loc":{"start":{"line":79,"column":53},"end":{"line":110,"column":3}},"line":79},"3":{"name":"(anonymous_3)","decl":{"start":{"line":115,"column":2},"end":{"line":115,"column":3}},"loc":{"start":{"line":115,"column":34},"end":{"line":123,"column":3}},"line":115},"4":{"name":"(anonymous_4)","decl":{"start":{"line":128,"column":2},"end":{"line":128,"column":3}},"loc":{"start":{"line":128,"column":40},"end":{"line":131,"column":3}},"line":128},"5":{"name":"(anonymous_5)","decl":{"start":{"line":130,"column":32},"end":{"line":130,"column":33}},"loc":{"start":{"line":130,"column":41},"end":{"line":130,"column":62}},"line":130},"6":{"name":"(anonymous_6)","decl":{"start":{"line":136,"column":2},"end":{"line":136,"column":3}},"loc":{"start":{"line":136,"column":39},"end":{"line":161,"column":3}},"line":136},"7":{"name":"(anonymous_7)","decl":{"start":{"line":150,"column":46},"end":{"line":150,"column":47}},"loc":{"start":{"line":150,"column":54},"end":{"line":150,"column":76}},"line":150},"8":{"name":"(anonymous_8)","decl":{"start":{"line":151,"column":58},"end":{"line":151,"column":59}},"loc":{"start":{"line":151,"column":66},"end":{"line":151,"column":100}},"line":151},"9":{"name":"(anonymous_9)","decl":{"start":{"line":152,"column":55},"end":{"line":152,"column":56}},"loc":{"start":{"line":152,"column":63},"end":{"line":152,"column":94}},"line":152},"10":{"name":"(anonymous_10)","decl":{"start":{"line":153,"column":51},"end":{"line":153,"column":52}},"loc":{"start":{"line":153,"column":59},"end":{"line":153,"column":86}},"line":153}},"branchMap":{"0":{"loc":{"start":{"line":117,"column":4},"end":{"line":121,"column":5}},"type":"if","locations":[{"start":{"line":117,"column":4},"end":{"line":121,"column":5}},{"start":{"line":119,"column":11},"end":{"line":121,"column":5}}],"line":117},"1":{"loc":{"start":{"line":119,"column":11},"end":{"line":121,"column":5}},"type":"if","locations":[{"start":{"line":119,"column":11},"end":{"line":121,"column":5}},{"start":{},"end":{}}],"line":119},"2":{"loc":{"start":{"line":147,"column":6},"end":{"line":154,"column":7}},"type":"if","locations":[{"start":{"line":147,"column":6},"end":{"line":154,"column":7}},{"start":{},"end":{}}],"line":147}},"s":{"0":1,"1":2,"2":2,"3":2,"4":0,"5":2,"6":2,"7":2,"8":2,"9":0,"10":0,"11":0,"12":0,"13":0,"14":2,"15":2,"16":0,"17":0,"18":0,"19":0,"20":0,"21":0,"22":0,"23":0,"24":0,"25":0,"26":0,"27":0,"28":0,"29":0,"30":0,"31":0,"32":0,"33":0,"34":0,"35":0,"36":0,"37":0,"38":0,"39":0,"40":0,"41":0,"42":0,"43":0,"44":0,"45":0,"46":0,"47":0,"48":0,"49":0,"50":1},"f":{"0":2,"1":2,"2":0,"3":0,"4":0,"5":0,"6":0,"7":0,"8":0,"9":0,"10":0},"b":{"0":[0,0],"1":[0,0],"2":[0,0]},"_coverageSchema":"1a1c01bbd47fc00a2c39e90264f33305004495a9","hash":"fc68e6d4c4243acd05e3c20406eae0924740d6a7"}
[...]
}},{"start":{},"end":{}}],"line":349},"31":{"loc":{"start":{"line":349,"column":8},"end":{"line":349,"column":61}},"type":"binary-expr","locations":[{"start":{"line":349,"column":8},"end":{"line":349,"column":13}},{"start":{"line":349,"column":17},"end":{"line":349,"column":31}},{"start":{"line":349,"column":35},"end":{"line":349,"column":61}}],"line":349},"32":{"loc":{"start":{"line":350,"column":18},"end":{"line":352,"column":38}},"type":"cond-expr","locations":[{"start":{"line":351,"column":10},"end":{"line":351,"column":55}},{"start":{"line":352,"column":10},"end":{"line":352,"column":38}}],"line":350},"33":{"loc":{"start":{"line":373,"column":4},"end":{"line":383,"column":5}},"type":"if","locations":[{"start":{"line":373,"column":4},"end":{"line":383,"column":5}},{"start":{},"end":{}}],"line":373},"34":{"loc":{"start":{"line":373,"column":8},"end":{"line":373,"column":61}},"type":"binary-expr","locations":[{"start":{"line":373,"column":8},"end":{"line":373,"column":13}},{"start":{"line":373,"column":17},"end":{"line":373,"column":31}},{"start":{"line":373,"column":35},"end":{"line":373,"column":61}}],"line":373},"35":{"loc":{"start":{"line":374,"column":18},"end":{"line":376,"column":34}},"type":"cond-expr","locations":[{"start":{"line":375,"column":10},"end":{"line":375,"column":44}},{"start":{"line":376,"column":10},"end":{"line":376,"column":34}}],"line":374},"36":{"loc":{"start":{"line":387,"column":21},"end":{"line":389,"column":37}},"type":"cond-expr","locations":[{"start":{"line":388,"column":8},"end":{"line":388,"column":87}},{"start":{"line":389,"column":8},"end":{"line":389,"column":37}}],"line":387},"37":{"loc":{"start":{"line":401,"column":47},"end":{"line":401,"column":63}},"type":"default-arg","locations":[{"start":{"line":401,"column":60},"end":{"line":401,"column":63}}],"line":401},"38":{"loc":{"start":{"line":410,"column":4},"end":{"line":416,"column":5}},"type":"if","locations":[{"start":{"line":410,"column":4},"end":{"line":416,"column":5}},{"start":{"line":412,"column":11},"end":{"line":416,"column":5}}],"line":410},"39":{"loc":{"start":{"line":412,"column":11},"end":{"line":416,"column":5}},"type":"if","locations":[{"start":{"line":412,"column":11},"end":{"line":416,"column":5}},{"start":{"line":414,"column":11},"end":{"line":416,"column":5}}],"line":412},"40":{"loc":{"start":{"line":425,"column":6},"end":{"line":427,"column":7}},"type":"if","locations":[{"start":{"line":425,"column":6},"end":{"line":427,"column":7}},{"start":{},"end":{}}],"line":425},"41":{"loc":{"start":{"line":434,"column":4},"end":{"line":434,"column":38}},"type":"if","locations":[{"start":{"line":434,"column":4},"end":{"line":434,"column":38}},{"start":{},"end":{}}],"line":434},"42":{"loc":{"start":{"line":440,"column":11},"end":{"line":440,"column":28}},"type":"binary-expr","locations":[{"start":{"line":440,"column":11},"end":{"line":440,"column":20}},{"start":{"line":440,"column":24},"end":{"line":440,"column":28}}],"line":440},"43":{"loc":{"start":{"line":451,"column":4},"end":{"line":460,"column":5}},"type":"if","locations":[{"start":{"line":451,"column":4},"end":{"line":460,"column":5}},{"start":{},"end":{}}],"line":451},"44":{"loc":{"start":{"line":452,"column":6},"end":{"line":455,"column":7}},"type":"if","locations":[{"start":{"line":452,"column":6},"end":{"line":455,"column":7}},{"start":{},"end":{}}],"line":452},"45":{"loc":{"start":{"line":458,"column":23},"end":{"line":458,"column":63}},"type":"binary-expr","locations":[{"start":{"line":458,"column":23},"end":{"line":458,"column":43}},{"start":{"line":458,"column":47},"end":{"line":458,"column":63}}],"line":458},"46":{"loc":{"start":{"line":463,"column":4},"end":{"line":474,"column":5}},"type":"if","locations":[{"start":{"line":463,"column":4},"end":{"line":474,"column":5}},{"start":{},"end":{}}],"line":463},"47":{"loc":{"start":{"line":464,"column":6},"end":{"line":473,"column":7}},"type":"switch","locations":[{"start":{"line":465,"column":8},"end":{"line":466,"column":106}},{"start":{"line":467,"column":8},"end":{"line":468,"column":109}},{"start":{"line":469,"column":8},"end":{"line":470,"column":108}},{"start":{"line":471,"column":8},"end":{"line":472,"column":96}}],"line":464},"48":{"loc":{"start":{"line":477,"column":4},"end":{"line":501,"column":5}},"type":"switch","locations":[{"start":{"line":478,"column":6},"end":{"line":485,"column":7}},{"start":{"line":486,"column":6},"end":{"line":487,"column":50}},{"start":{"line":488,"column":6},"end":{"line":489,"column":107}},{"start":{"line":490,"column":6},"end":{"line":491,"column":53}},{"start":{"line":492,"column":6},"end":{"line":493,"column":55}},{"start":{"line":494,"column":6},"end":{"line":496,"column":183}},{"start":{"line":497,"column":6},"end":{"line":498,"column":106}},{"start":{"line":499,"column":6},"end":{"line":500,"column":94}}],"line":477},"49":{"loc":{"start":{"line":480,"column":21},"end":{"line":480,"column":39}},"type":"binary-expr","locations":[{"start":{"line":480,"column":21},"end":{"line":480,"column":30}},{"start":{"line":480,"column":34},"end":{"line":480,"column":39}}],"line":480},"50":{"loc":{"start":{"line":481,"column":22},"end":{"line":481,"column":41}},"type":"binary-expr","locations":[{"start":{"line":481,"column":22},"end":{"line":481,"column":32}},{"start":{"line":481,"column":36},"end":{"line":481,"column":41}}],"line":481},"51":{"loc":{"start":{"line":482,"column":22},"end":{"line":482,"column":41}},"type":"binary-expr","locations":[{"start":{"line":482,"column":22},"end":{"line":482,"column":32}},{"start":{"line":482,"column":36},"end":{"line":482,"column":41}}],"line":482},"52":{"loc":{"start":{"line":496,"column":134},"end":{"line":496,"column":151}},"type":"binary-expr","locations":[{"start":{"line":496,"column":134},"end":{"line":496,"column":145}},{"start":{"line":496,"column":149},"end":{"line":496,"column":151}}],"line":496}},"s":{"0":1,"1":0,"2":0,"3":0,"4":0,"5":4,"6":4,"7":4,"8":4,"9":0,"10":4,"11":3,"12":0,"13":0,"14":0,"15":0,"16":0,"17":0,"18":0,"19":0,"20":0,"21":0,"22":0,"23":0,"24":0,"25":0,"26":0,"27":0,"28":0,"29":0,"30":0,"31":0,"32":0,"33":0,"34":0,"35":0,"36":1,"37":0,"38":0,"39":0,"40":0,"41":0,"42":0,"43":0,"44":0,"45":0,"46":0,"47":0,"48":0,"49":0,"50":0,"51":0,"52":0,"53":0,"54":0,"55":0,"56":0,"57":0,"58":0,"59":0,"60":0,"61":0,"62":0,"63":0,"64":0,"65":0,"66":0,"67":0,"68":0,"69":0,"70":2,"71":2,"72":3,"73":1,"74":2,"75":1,"76":1,"77":5,"78":5,"79":5,"80":1,"81":4,"82":5,"83":0,"84":0,"85":0,"86":0,"87":3,"88":3,"89":0,"90":0,"91":0,"92":0,"93":0,"94":3,"95":3,"96":0,"97":0,"98":0,"99":3,"100":0,"101":0,"102":0,"103":0,"104":0,"105":0,"106":0,"107":0,"108":0,"109":0,"110":0,"111":0,"112":0,"113":1},"f":{"0":0,"1":0,"2":0,"3":0,"4":4,"5":0,"6":0,"7":0,"8":0,"9":2,"10":3,"11":5,"12":5,"13":0,"14":3},"b":{"0":[0],"1":[0],"2":[4,4,4],"3":[4,0],"4":[0,4],"5":[4,0],"6":[3,0,0,0,0,0,0,0,1],"7":[0,0],"8":[0,0],"9":[0,0],"10":[0,0],"11":[0,0],"12":[0,0],"13":[0,0],"14":[0,0],"15":[0,0],"16":[0,0],"17":[0,0],"18":[0,0],"19":[0,0],"20":[0,0],"21":[0,0],"22":[0,0],"23":[0,0],"24":[0,0],"25":[0,0,0,0,0,0,0],"26":[0,0],"27":[0,0],"28":[0,0],"29":[0,0],"30":[0,0],"31":[0,0,0],"32":[0,0],"33":[0,0],"34":[0,0,0],"35":[0,0],"36":[0,0],"37":[0],"38":[1,2],"39":[1,1],"40":[1,4],"41":[0,0],"42":[0,0],"43":[0,3],"44":[0,0],"45":[0,0],"46":[3,0],"47":[0,0,0,3],"48":[0,0,0,0,0,0,0,0],"49":[0,0],"50":[0,0],"51":[0,0],"52":[0,0]},"_coverageSchema":"1a1c01bbd47fc00a2c39e90264f33305004495a9","hash":"96378f52197f4fec7676d7fbc2604c2b408d4b92"}
,"/home/def/Projects/ssd/src/utils/helpers.js": {"path":"/home/def/Projects/ssd/src/utils/helpers.js","statementMap":{"0":{"start":{"line":10,"column":20},"end":{"line":10,"column":44}},"1":{"start":{"line":12,"column":4},"end":{"line":16,"column":5}},"2":{"start":{"line":13,"column":6},"end":{"line":13,"column":49}},"3":{"start":{"line":14,"column":11},"end":{"line":16,"column":5}},"4":{"start":{"line":15,"column":6},"end":{"line":15,"column":36}},"5":{"start":{"line":18,"column":4},"end":{"line":18,"column":27}},"6":{"start":{"line":25,"column":20},"end":{"line":25,"column":41}},"7":{"start":{"line":26,"column":4},"end":{"line":26,"column":31}},"8":{"start":{"line":33,"column":22},"end":{"line":33,"column":32}},"9":{"start":{"line":34,"column":19},"end":{"line":34,"column":58}},"10":{"start":{"line":35,"column":4},"end":{"line":35,"column":54}},"11":{"start":{"line":42,"column":4},"end":{"line":42,"column":88}},"12":{"start":{"line":49,"column":4},"end":{"line":49,"column":92}},"13":{"start":{"line":56,"column":22},"end":{"line":59,"column":6}},"14":{"start":{"line":60,"column":4},"end":{"line":60,"column":36}},"15":{"start":{"line":67,"column":18},"end":{"line":67,"column":28}},"16":{"start":{"line":68,"column":14},"end":{"line":68,"column":61}},"17":{"start":{"line":69,"column":22},"end":{"line":69,"column":63}},"18":{"start":{"line":71,"column":4},"end":{"line":73,"column":5}},"19":{"start":{"line":72,"column":6},"end":{"line":72,"column":12}},"20":{"start":{"line":75,"column":4},"end":{"line":75,"column":15}},"21":{"start":{"line":82,"column":4},"end":{"line":82,"column":39}},"22":{"start":{"line":89,"column":19},"end":{"line":89,"column":33}},"23":{"start":{"line":90,"column":4},"end":{"line":90,"column":44}},"24":{"start":{"line":91,"column":4},"end":{"line":91,"column":18}},"25":{"start":{"line":98,"column":14},"end":{"line":98,"column":28}},"26":{"start":{"line":99,"column":16},"end":{"line":99,"column":52}},"27":{"start":{"line":100,"column":18},"end":{"line":100,"column":59}},"28":{"start":{"line":101,"column":17},"end":{"line":101,"column":32}},"29":{"start":{"line":103,"column":4},"end":{"line":103,"column":37}},"30":{"start":{"line":110,"column":20},"end":{"line":114,"column":5}},"31":{"start":{"line":115,"column":4},"end":{"line":115,"column":33}},"32":{"start":{"line":122,"column":19},"end":{"line":122,"column":21}},"33":{"start":{"line":123,"column":4},"end":{"line":125,"column":5}},"34":{"start":{"line":123,"column":17},"end":{"line":123,"column":18}},"35":{"start":{"line":124,"column":6},"end":{"line":124,"column":44}},"36":{"start":{"line":126,"column":4},"end":{"line":126,"column":18}},"37":{"start":{"line":133,"column":4},"end":{"line":133,"column":59}},"38":{"start":{"line":133,"column":34},"end":{"line":133,"column":57}},"39":{"start":{"line":140,"column":4},"end":{"line":148,"column":5}},"40":{"start":{"line":141,"column":6},"end":{"line":141,"column":24}},"41":{"start":{"line":143,"column":6},"end":{"line":145,"column":7}},"42":{"start":{"line":144,"column":8},"end":{"line":144,"column":20}},"43":{"start":{"line":146,"column":6},"end":{"line":146,"column":30}},"44":{"start":{"line":147,"column":6},"end":{"line":147,"column":48}},"45":{"start":{"line":155,"column":4},"end":{"line":159,"column":5}},"46":{"start":{"line":156,"column":6},"end":{"line":156,"column":29}},"47":{"start":{"line":158,"column":6},"end":{"line":158,"column":22}},"48":{"start":{"line":166,"column":4},"end":{"line":166,"column":43}},"49":{"start":{"line":173,"column":4},"end":{"line":173,"column":59}},"50":{"start":{"line":173,"column":47},"end":{"line":173,"column":59}},"51":{"start":{"line":174,"column":4},"end":{"line":174,"column":70}},"52":{"start":{"line":174,"column":58},"end":{"line":174,"column":70}},"53":{"start":{"line":175,"column":4},"end":{"line":175,"column":64}},"54":{"start":{"line":175,"column":52},"end":{"line":175,"column":64}},"55":{"start":{"line":176,"column":4},"end":{"line":176,"column":82}},"56":{"start":{"line":176,"column":70},"end":{"line":176,"column":82}},"57":{"start":{"line":177,"column":4},"end":{"line":177,"column":17}},"58":{"start":{"line":181,"column":0},"end":{"line":181,"column":25}}},"fnMap":{"0":{"name":"(anonymous_0)","decl":{"start":{"line":9,"column":2},"end":{"line":9,"column":3}},"loc":{"start":{"line":9,"column":34},"end":{"line":19,"column":3}},"line":9},"1":{"name":"(anonymous_1)","decl":{"start":{"line":24,"column":2},"end":{"line":24,"column":3}},"loc":{"start":{"line":24,"column":35},"end":{"line":27,"column":3}},"line":24},"2":{"name":"(anonymous_2)","decl":{"start":{"line":32,"column":2},"end":{"line":32,"column":3}},"loc":{"start":{"line":32,"column":32},"end":{"line":36,"column":3}},"line":32},"3":{"name":"(anonymous_3)","decl":{"start":{"line":41,"column":2},"end":{"line":41,"column":3}},"loc":{"start":{"line":41,"column":34},"end":{"line":43,"column":3}},"line":41},"4":{"name":"(anonymous_4)","decl":{"start":{"line":48,"column":2},"end":{"line":48,"column":3}},"loc":{"start":{"line":48,"column":29},"end":{"line":50,"column":3}},"line":48},"5":{"name":"(anonymous_5)","decl":{"start":{"line":55,"column":2},"end":{"line":55,"column":3}},"loc":{"start":{"line":55,"column":50},"end":{"line":61,"column":3}},"line":55},"6":{"name":"(anonymous_6)","decl":{"start":{"line":66,"column":2},"end":{"line":66,"column":3}},"loc":{"start":{"line":66,"column":35},"end":{"line":76,"column":3}},"line":66},"7":{"name":"(anonymous_7)","decl":{"start":{"line":81,"column":2},"end":{"line":81,"column":3}},"loc":{"start":{"line":81,"column":26},"end":{"line":83,"column":3}},"line":81},"8":{"name":"(anonymous_8)","decl":{"start":{"line":88,"column":2},"end":{"line":88,"column":3}},"loc":{"start":{"line":88,"column":35},"end":{"line":92,"column":3}},"line":88},"9":{"name":"(anonymous_9)","decl":{"start":{"line":97,"column":2},"end":{"line":97,"column":3}},"loc":{"start":{"line":97,"column":49},"end":{"line":104,"column":3}},"line":97},"10":{"name":"(anonymous_10)","decl":{"start":{"line":109,"column":2},"end":{"line":109,"column":3}},"loc":{"start":{"line":109,"column":33},"end":{"line":116,"column":3}},"line":109},"11":{"name":"(anonymous_11)","decl":{"start":{"line":121,"column":2},"end":{"line":121,"column":3}},"loc":{"start":{"line":121,"column":33},"end":{"line":127,"column":3}},"line":121},"12":{"name":"(anonymous_12)","decl":{"start":{"line":132,"column":2},"end":{"line":132,"column":3}},"loc":{"start":{"line":132,"column":19},"end":{"line":134,"column":3}},"line":132},"13":{"name":"(anonymous_13)","decl":{"start":{"line":133,"column":23},"end":{"line":133,"column":24}},"loc":{"start":{"line":133,"column":34},"end":{"line":133,"column":57}},"line":133},"14":{"name":"(anonymous_14)","decl":{"start":{"line":139,"column":2},"end":{"line":139,"column":3}},"loc":{"start":{"line":139,"column":52},"end":{"line":149,"column":3}},"line":139},"15":{"name":"(anonymous_15)","decl":{"start":{"line":154,"column":2},"end":{"line":154,"column":3}},"loc":{"start":{"line":154,"column":45},"end":{"line":160,"column":3}},"line":154},"16":{"name":"(anonymous_16)","decl":{"start":{"line":165,"column":2},"end":{"line":165,"column":3}},"loc":{"start":{"line":165,"column":24},"end":{"line":167,"column":3}},"line":165},"17":{"name":"(anonymous_17)","decl":{"start":{"line":172,"column":2},"end":{"line":172,"column":3}},"loc":{"start":{"line":172,"column":24},"end":{"line":178,"column":3}},"line":172}},"branchMap":{"0":{"loc":{"start":{"line":12,"column":4},"end":{"line":16,"column":5}},"type":"if","locations":[{"start":{"line":12,"column":4},"end":{"line":16,"column":5}},{"start":{"line":14,"column":11},"end":{"line":16,"column":5}}],"line":12},"1":{"loc":{"start":{"line":14,"column":11},"end":{"line":16,"column":5}},"type":"if","locations":[{"start":{"line":14,"column":11},"end":{"line":16,"column":5}},{"start":{},"end":{}}],"line":14},"2":{"loc":{"start":{"line":55,"column":32},"end":{"line":55,"column":48}},"type":"default-arg","locations":[{"start":{"line":55,"column":43},"end":{"line":55,"column":48}}],"line":55},"3":{"loc":{"start":{"line":71,"column":4},"end":{"line":73,"column":5}},"type":"if","locations":[{"start":{"line":71,"column":4},"end":{"line":73,"column":5}},{"start":{},"end":{}}],"line":71},"4":{"loc":{"start":{"line":71,"column":8},"end":{"line":71,"column":85}},"type":"binary-expr","locations":[{"start":{"line":71,"column":8},"end":{"line":71,"column":21}},{"start":{"line":71,"column":26},"end":{"line":71,"column":41}},{"start":{"line":71,"column":45},"end":{"line":71,"column":84}}],"line":71},"5":{"loc":{"start":{"line":97,"column":26},"end":{"line":97,"column":47}},"type":"default-arg","locations":[{"start":{"line":97,"column":35},"end":{"line":97,"column":47}}],"line":97},"6":{"loc":{"start":{"line":115,"column":11},"end":{"line":115,"column":32}},"type":"binary-expr","locations":[{"start":{"line":115,"column":11},"end":{"line":115,"column":26}},{"start":{"line":115,"column":30},"end":{"line":115,"column":32}}],"line":115},"7":{"loc":{"start":{"line":139,"column":25},"end":{"line":139,"column":36}},"type":"default-arg","locations":[{"start":{"line":139,"column":35},"end":{"line":139,"column":36}}],"line":139},"8":{"loc":{"start":{"line":139,"column":38},"end":{"line":139,"column":50}},"type":"default-arg","locations":[{"start":{"line":139,"column":46},"end":{"line":139,"column":50}}],"line":139},"9":{"loc":{"start":{"line":143,"column":6},"end":{"line":145,"column":7}},"type":"if","locations":[{"start":{"line":143,"column":6},"end":{"line":145,"column":7}},{"start":{},"end":{}}],"line":143},"10":{"loc":{"start":{"line":154,"column":28},"end":{"line":154,"column":43}},"type":"default-arg","locations":[{"start":{"line":154,"column":39},"end":{"line":154,"column":43}}],"line":154},"11":{"loc":{"start":{"line":173,"column":4},"end":{"line":173,"column":59}},"type":"if","locations":[{"start":{"line":173,"column":4},"end":{"line":173,"column":59}},{"start":{},"end":{}}],"line":173},"12":{"loc":{"start":{"line":173,"column":8},"end":{"line":173,"column":45}},"type":"binary-expr","locations":[{"start":{"line":173,"column":8},"end":{"line":173,"column":22}},{"start":{"line":173,"column":26},"end":{"line":173,"column":45}}],"line":173},"13":{"loc":{"start":{"line":174,"column":4},"end":{"line":174,"column":70}},"type":"if","locations":[{"start":{"line":174,"column":4},"end":{"line":174,"column":70}},{"start":{},"end":{}}],"line":174},"14":{"loc":{"start":{"line":174,"column":8},"end":{"line":174,"column":56}},"type":"binary-expr","locations":[{"start":{"line":174,"column":8},"end":{"line":174,"column":33}},{"start":{"line":174,"column":37},"end":{"line":174,"column":56}}],"line":174},"15":{"loc":{"start":{"line":175,"column":4},"end":{"line":175,"column":64}},"type":"if","locations":[{"start":{"line":175,"column":4},"end":{"line":175,"column":64}},{"start":{},"end":{}}],"line":175},"16":{"loc":{"start":{"line":175,"column":8},"end":{"line":175,"column":50}},"type":"binary-expr","locations":[{"start":{"line":175,"column":8},"end":{"line":175,"column":28}},{"start":{"line":175,"column":32},"end":{"line":175,"column":50}}],"line":175},"17":{"loc":{"start":{"line":176,"column":4},"end":{"line":176,"column":82}},"type":"if","locations":[{"start":{"line":176,"column":4},"end":{"line":176,"column":82}},{"start":{},"end":{}}],"line":176},"18":{"loc":{"start":{"line":176,"column":8},"end":{"line":176,"column":68}},"type":"binary-expr","locations":[{"start":{"line":176,"column":8},"end":{"line":176,"column":33}},{"start":{"line":176,"column":37},"end":{"line":176,"column":68}}],"line":176}},"s":{"0":2,"1":2,"2":1,"3":1,"4":0,"5":2,"6":4,"7":4,"8":2,"9":2,"10":2,"11":0,"12":0,"13":1,"14":1,"15":0,"16":0,"17":0,"18":0,"19":0,"20":0,"21":0,"22":0,"23":0,"24":0,"25":0,"26":0,"27":0,"28":0,"29":0,"30":0,"31":0,"32":0,"33":0,"34":0,"35":0,"36":0,"37":0,"38":0,"39":0,"40":0,"41":0,"42":0,"43":0,"44":0,"45":0,"46":0,"47":0,"48":0,"49":5,"50":1,"51":4,"52":1,"53":3,"54":1,"55":2,"56":1,"57":1,"58":1},"f":{"0":2,"1":4,"2":2,"3":0,"4":0,"5":1,"6":0,"7":0,"8":0,"9":0,"10":0,"11":0,"12":0,"13":0,"14":0,"15":0,"16":0,"17":5},"b":{"0":[1,1],"1":[0,1],"2":[1],"3":[0,0],"4":[0,0,0],"5":[0],"6":[0,0],"7":[0],"8":[0],"9":[0,0],"10":[0],"11":[1,4],"12":[5,4],"13":[1,3],"14":[4,2],"15":[1,2],"16":[3,1],"17":[1,1],"18":[2,1]},"_coverageSchema":"1a1c01bbd47fc00a2c39e90264f33305004495a9","hash":"193a52bf4b39f3d2532314d2a5c671c4d0f15d81"}
}
