{"/home/def/Projects/ssd/knexfile.sqlite.js": {"path":"/home/def/Projects/ssd/knexfile.sqlite.js","statementMap":{"0":{"start":{"line":1,"column":13},"end":{"line":1,"column":28}},"1":{"start":{"line":3,"column":0},"end":{"line":17,"column":1}}},"fnMap":{},"branchMap":{},"s":{"0":1,"1":1},"f":{},"b":{},"_coverageSchema":"1a1c01bbd47fc00a2c39e90264f33305004495a9","hash":"e35904766cac3f2ce1f358b215572d09c9df781d"}
,"/home/def/Projects/ssd/src/server.js": {"path":"/home/def/Projects/ssd/src/server.js","statementMap":{"0":{"start":{"line":1,"column":0},"end":{"line":1,"column":27}},"1":{"start":{"line":2,"column":16},"end":{"line":2,"column":34}},"2":{"start":{"line":3,"column":13},"end":{"line":3,"column":28}},"3":{"start":{"line":4,"column":15},"end":{"line":4,"column":32}},"4":{"start":{"line":5,"column":15},"end":{"line":5,"column":32}},"5":{"start":{"line":6,"column":13},"end":{"line":6,"column":28}},"6":{"start":{"line":9,"column":19},"end":{"line":9,"column":43}},"7":{"start":{"line":10,"column":22},"end":{"line":10,"column":50}},"8":{"start":{"line":11,"column":19},"end":{"line":11,"column":44}},"9":{"start":{"line":12,"column":19},"end":{"line":12,"column":44}},"10":{"start":{"line":13,"column":24},"end":{"line":13,"column":53}},"11":{"start":{"line":14,"column":33},"end":{"line":14,"column":82}},"12":{"start":{"line":17,"column":12},"end":{"line":17,"column":21}},"13":{"start":{"line":20,"column":0},"end":{"line":20,"column":18}},"14":{"start":{"line":21,"column":0},"end":{"line":21,"column":16}},"15":{"start":{"line":24,"column":0},"end":{"line":24,"column":28}},"16":{"start":{"line":27,"column":0},"end":{"line":27,"column":41}},"17":{"start":{"line":28,"column":0},"end":{"line":28,"column":63}},"18":{"start":{"line":31,"column":0},"end":{"line":37,"column":3}},"19":{"start":{"line":32,"column":2},"end":{"line":36,"column":5}},"20":{"start":{"line":40,"column":0},"end":{"line":40,"column":33}},"21":{"start":{"line":41,"column":0},"end":{"line":41,"column":40}},"22":{"start":{"line":42,"column":0},"end":{"line":42,"column":34}},"23":{"start":{"line":43,"column":0},"end":{"line":43,"column":34}},"24":{"start":{"line":44,"column":0},"end":{"line":44,"column":43}},"25":{"start":{"line":47,"column":0},"end":{"line":53,"column":3}},"26":{"start":{"line":48,"column":2},"end":{"line":52,"column":5}},"27":{"start":{"line":57,"column":0},"end":{"line":57,"column":82}},"28":{"start":{"line":60,"column":0},"end":{"line":60,"column":84}},"29":{"start":{"line":63,"column":0},"end":{"line":68,"column":3}},"30":{"start":{"line":64,"column":2},"end":{"line":67,"column":5}},"31":{"start":{"line":71,"column":0},"end":{"line":77,"column":3}},"32":{"start":{"line":72,"column":2},"end":{"line":72,"column":27}},"33":{"start":{"line":73,"column":2},"end":{"line":76,"column":5}},"34":{"start":{"line":80,"column":13},"end":{"line":80,"column":37}},"35":{"start":{"line":81,"column":0},"end":{"line":97,"column":1}},"36":{"start":{"line":82,"column":17},"end":{"line":85,"column":4}},"37":{"start":{"line":83,"column":4},"end":{"line":83,"column":52}},"38":{"start":{"line":84,"column":4},"end":{"line":84,"column":75}},"39":{"start":{"line":88,"column":2},"end":{"line":96,"column":5}},"40":{"start":{"line":89,"column":4},"end":{"line":93,"column":5}},"41":{"start":{"line":90,"column":6},"end":{"line":90,"column":57}},"42":{"start":{"line":91,"column":6},"end":{"line":91,"column":147}},"43":{"start":{"line":92,"column":6},"end":{"line":92,"column":22}},"44":{"start":{"line":94,"column":4},"end":{"line":94,"column":40}},"45":{"start":{"line":95,"column":4},"end":{"line":95,"column":20}},"46":{"start":{"line":99,"column":0},"end":{"line":99,"column":21}}},"fnMap":{"0":{"name":"(anonymous_0)","decl":{"start":{"line":31,"column":19},"end":{"line":31,"column":20}},"loc":{"start":{"line":31,"column":33},"end":{"line":37,"column":1}},"line":31},"1":{"name":"(anonymous_1)","decl":{"start":{"line":47,"column":13},"end":{"line":47,"column":14}},"loc":{"start":{"line":47,"column":27},"end":{"line":53,"column":1}},"line":47},"2":{"name":"(anonymous_2)","decl":{"start":{"line":63,"column":8},"end":{"line":63,"column":9}},"loc":{"start":{"line":63,"column":22},"end":{"line":68,"column":1}},"line":63},"3":{"name":"(anonymous_3)","decl":{"start":{"line":71,"column":8},"end":{"line":71,"column":9}},"loc":{"start":{"line":71,"column":33},"end":{"line":77,"column":1}},"line":71},"4":{"name":"(anonymous_4)","decl":{"start":{"line":82,"column":34},"end":{"line":82,"column":35}},"loc":{"start":{"line":82,"column":40},"end":{"line":85,"column":3}},"line":82},"5":{"name":"(anonymous_5)","decl":{"start":{"line":88,"column":21},"end":{"line":88,"column":22}},"loc":{"start":{"line":88,"column":30},"end":{"line":96,"column":3}},"line":88}},"branchMap":{"0":{"loc":{"start":{"line":73,"column":13},"end":{"line":73,"column":30}},"type":"binary-expr","locations":[{"start":{"line":73,"column":13},"end":{"line":73,"column":23}},{"start":{"line":73,"column":27},"end":{"line":73,"column":30}}],"line":73},"1":{"loc":{"start":{"line":74,"column":11},"end":{"line":74,"column":49}},"type":"binary-expr","locations":[{"start":{"line":74,"column":11},"end":{"line":74,"column":22}},{"start":{"line":74,"column":26},"end":{"line":74,"column":49}}],"line":74},"2":{"loc":{"start":{"line":75,"column":8},"end":{"line":75,"column":70}},"type":"binary-expr","locations":[{"start":{"line":75,"column":8},"end":{"line":75,"column":46}},{"start":{"line":75,"column":50},"end":{"line":75,"column":70}}],"line":75},"3":{"loc":{"start":{"line":80,"column":13},"end":{"line":80,"column":37}},"type":"binary-expr","locations":[{"start":{"line":80,"column":13},"end":{"line":80,"column":29}},{"start":{"line":80,"column":33},"end":{"line":80,"column":37}}],"line":80},"4":{"loc":{"start":{"line":81,"column":0},"end":{"line":97,"column":1}},"type":"if","locations":[{"start":{"line":81,"column":0},"end":{"line":97,"column":1}},{"start":{},"end":{}}],"line":81},"5":{"loc":{"start":{"line":84,"column":34},"end":{"line":84,"column":71}},"type":"binary-expr","locations":[{"start":{"line":84,"column":34},"end":{"line":84,"column":54}},{"start":{"line":84,"column":58},"end":{"line":84,"column":71}}],"line":84},"6":{"loc":{"start":{"line":89,"column":4},"end":{"line":93,"column":5}},"type":"if","locations":[{"start":{"line":89,"column":4},"end":{"line":93,"column":5}},{"start":{},"end":{}}],"line":89},"7":{"loc":{"start":{"line":89,"column":8},"end":{"line":89,"column":40}},"type":"binary-expr","locations":[{"start":{"line":89,"column":8},"end":{"line":89,"column":11}},{"start":{"line":89,"column":15},"end":{"line":89,"column":40}}],"line":89}},"s":{"0":1,"1":1,"2":1,"3":1,"4":1,"5":1,"6":1,"7":1,"8":1,"9":1,"10":1,"11":1,"12":1,"13":1,"14":1,"15":1,"16":1,"17":1,"18":1,"19":1,"20":1,"21":1,"22":1,"23":1,"24":1,"25":1,"26":1,"27":1,"28":1,"29":1,"30":1,"31":1,"32":0,"33":0,"34":1,"35":1,"36":0,"37":0,"38":0,"39":0,"40":0,"41":0,"42":0,"43":0,"44":0,"45":0,"46":1},"f":{"0":1,"1":1,"2":1,"3":0,"4":0,"5":0},"b":{"0":[0,0],"1":[0,0],"2":[0,0],"3":[1,0],"4":[0,1],"5":[0,0],"6":[0,0],"7":[0,0]},"_coverageSchema":"1a1c01bbd47fc00a2c39e90264f33305004495a9","hash":"0bf2258d7b2671485851bbf0a77bb591971ea2ae"}
,"/home/def/Projects/ssd/src/config/database.js": {"path":"/home/def/Projects/ssd/src/config/database.js","statementMap":{"0":{"start":{"line":1,"column":13},"end":{"line":1,"column":28}},"1":{"start":{"line":2,"column":20},"end":{"line":2,"column":57}},"2":{"start":{"line":6,"column":0},"end":{"line":14,"column":3}},"3":{"start":{"line":7,"column":25},"end":{"line":7,"column":57}},"4":{"start":{"line":8,"column":2},"end":{"line":8,"column":73}},"5":{"start":{"line":11,"column":19},"end":{"line":11,"column":44}},"6":{"start":{"line":12,"column":2},"end":{"line":12,"column":61}},"7":{"start":{"line":16,"column":11},"end":{"line":16,"column":27}},"8":{"start":{"line":18,"column":0},"end":{"line":18,"column":20}}},"fnMap":{},"branchMap":{"0":{"loc":{"start":{"line":2,"column":20},"end":{"line":2,"column":57}},"type":"binary-expr","locations":[{"start":{"line":2,"column":20},"end":{"line":2,"column":40}},{"start":{"line":2,"column":44},"end":{"line":2,"column":57}}],"line":2},"1":{"loc":{"start":{"line":8,"column":15},"end":{"line":8,"column":72}},"type":"binary-expr","locations":[{"start":{"line":8,"column":15},"end":{"line":8,"column":42}},{"start":{"line":8,"column":46},"end":{"line":8,"column":72}}],"line":8},"2":{"loc":{"start":{"line":12,"column":15},"end":{"line":12,"column":60}},"type":"binary-expr","locations":[{"start":{"line":12,"column":15},"end":{"line":12,"column":36}},{"start":{"line":12,"column":40},"end":{"line":12,"column":60}}],"line":12}},"s":{"0":1,"1":1,"2":1,"3":1,"4":1,"5":0,"6":0,"7":1,"8":1},"f":{},"b":{"0":[1,0],"1":[1,1],"2":[0,0]},"_coverageSchema":"1a1c01bbd47fc00a2c39e90264f33305004495a9","hash":"712b079987a4f007b4615e14856da8fceb6ff02f"}
,"/home/def/Projects/ssd/src/controllers/AfricasTalkingController.js": {"path":"/home/def/Projects/ssd/src/controllers/AfricasTalkingController.js","statementMap":{"0":{"start":{"line":1,"column":30},"end":{"line":1,"column":74}},"1":{"start":{"line":2,"column":20},"end":{"line":2,"column":54}},"2":{"start":{"line":3,"column":20},"end":{"line":3,"column":54}},"3":{"start":{"line":4,"column":16},"end":{"line":4,"column":43}},"4":{"start":{"line":20,"column":22},"end":{"line":20,"column":32}},"5":{"start":{"line":23,"column":4},"end":{"line":193,"column":5}},"6":{"start":{"line":25,"column":27},"end":{"line":25,"column":74}},"7":{"start":{"line":27,"column":6},"end":{"line":27,"column":41}},"8":{"start":{"line":28,"column":6},"end":{"line":28,"column":45}},"9":{"start":{"line":29,"column":6},"end":{"line":29,"column":31}},"10":{"start":{"line":31,"column":6},"end":{"line":31,"column":119}},"11":{"start":{"line":34,"column":6},"end":{"line":37,"column":7}},"12":{"start":{"line":35,"column":25},"end":{"line":35,"column":101}},"13":{"start":{"line":36,"column":8},"end":{"line":36,"column":34}},"14":{"start":{"line":40,"column":29},"end":{"line":40,"column":81}},"15":{"start":{"line":43,"column":20},"end":{"line":43,"column":59}},"16":{"start":{"line":44,"column":25},"end":{"line":44,"column":30}},"17":{"start":{"line":46,"column":6},"end":{"line":55,"column":7}},"18":{"start":{"line":48,"column":8},"end":{"line":48,"column":28}},"19":{"start":{"line":49,"column":8},"end":{"line":54,"column":11}},"20":{"start":{"line":58,"column":17},"end":{"line":58,"column":21}},"21":{"start":{"line":59,"column":6},"end":{"line":63,"column":7}},"22":{"start":{"line":60,"column":8},"end":{"line":60,"column":65}},"23":{"start":{"line":62,"column":8},"end":{"line":62,"column":55}},"24":{"start":{"line":66,"column":26},"end":{"line":66,"column":64}},"25":{"start":{"line":69,"column":27},"end":{"line":76,"column":7}},"26":{"start":{"line":79,"column":24},"end":{"line":84,"column":7}},"27":{"start":{"line":87,"column":6},"end":{"line":96,"column":7}},"28":{"start":{"line":88,"column":8},"end":{"line":90,"column":9}},"29":{"start":{"line":89,"column":10},"end":{"line":89,"column":118}},"30":{"start":{"line":92,"column":8},"end":{"line":95,"column":11}},"31":{"start":{"line":93,"column":10},"end":{"line":93,"column":43}},"32":{"start":{"line":93,"column":36},"end":{"line":93,"column":43}},"33":{"start":{"line":94,"column":10},"end":{"line":94,"column":51}},"34":{"start":{"line":100,"column":6},"end":{"line":102,"column":7}},"35":{"start":{"line":101,"column":8},"end":{"line":101,"column":37}},"36":{"start":{"line":105,"column":6},"end":{"line":105,"column":88}},"37":{"start":{"line":108,"column":6},"end":{"line":146,"column":7}},"38":{"start":{"line":109,"column":8},"end":{"line":122,"column":9}},"39":{"start":{"line":110,"column":21},"end":{"line":110,"column":47}},"40":{"start":{"line":111,"column":26},"end":{"line":111,"column":92}},"41":{"start":{"line":112,"column":10},"end":{"line":118,"column":11}},"42":{"start":{"line":113,"column":12},"end":{"line":117,"column":15}},"43":{"start":{"line":119,"column":10},"end":{"line":119,"column":25}},"44":{"start":{"line":121,"column":10},"end":{"line":121,"column":64}},"45":{"start":{"line":123,"column":13},"end":{"line":146,"column":7}},"46":{"start":{"line":124,"column":8},"end":{"line":145,"column":9}},"47":{"start":{"line":125,"column":21},"end":{"line":125,"column":47}},"48":{"start":{"line":126,"column":10},"end":{"line":142,"column":11}},"49":{"start":{"line":127,"column":12},"end":{"line":131,"column":15}},"50":{"start":{"line":133,"column":28},"end":{"line":133,"column":94}},"51":{"start":{"line":134,"column":12},"end":{"line":141,"column":13}},"52":{"start":{"line":135,"column":14},"end":{"line":139,"column":17}},"53":{"start":{"line":140,"column":14},"end":{"line":140,"column":29}},"54":{"start":{"line":144,"column":10},"end":{"line":144,"column":64}},"55":{"start":{"line":149,"column":25},"end":{"line":152,"column":7}},"56":{"start":{"line":155,"column":23},"end":{"line":155,"column":45}},"57":{"start":{"line":156,"column":6},"end":{"line":162,"column":8}},"58":{"start":{"line":164,"column":6},"end":{"line":164,"column":130}},"59":{"start":{"line":167,"column":6},"end":{"line":167,"column":44}},"60":{"start":{"line":168,"column":6},"end":{"line":168,"column":27}},"61":{"start":{"line":171,"column":6},"end":{"line":171,"column":56}},"62":{"start":{"line":174,"column":6},"end":{"line":185,"column":7}},"63":{"start":{"line":175,"column":8},"end":{"line":182,"column":9}},"64":{"start":{"line":176,"column":36},"end":{"line":176,"column":88}},"65":{"start":{"line":177,"column":10},"end":{"line":181,"column":13}},"66":{"start":{"line":184,"column":8},"end":{"line":184,"column":76}},"67":{"start":{"line":188,"column":32},"end":{"line":188,"column":108}},"68":{"start":{"line":189,"column":28},"end":{"line":189,"column":89}},"69":{"start":{"line":191,"column":6},"end":{"line":191,"column":44}},"70":{"start":{"line":192,"column":6},"end":{"line":192,"column":30}},"71":{"start":{"line":200,"column":4},"end":{"line":240,"column":5}},"72":{"start":{"line":201,"column":41},"end":{"line":201,"column":49}},"73":{"start":{"line":203,"column":6},"end":{"line":205,"column":7}},"74":{"start":{"line":204,"column":8},"end":{"line":204,"column":74}},"75":{"start":{"line":208,"column":26},"end":{"line":215,"column":7}},"76":{"start":{"line":218,"column":25},"end":{"line":218,"column":27}},"77":{"start":{"line":219,"column":22},"end":{"line":224,"column":7}},"78":{"start":{"line":222,"column":10},"end":{"line":222,"column":30}},"79":{"start":{"line":226,"column":6},"end":{"line":226,"column":56}},"80":{"start":{"line":228,"column":6},"end":{"line":232,"column":9}},"81":{"start":{"line":235,"column":6},"end":{"line":235,"column":53}},"82":{"start":{"line":236,"column":6},"end":{"line":239,"column":9}},"83":{"start":{"line":247,"column":4},"end":{"line":271,"column":5}},"84":{"start":{"line":248,"column":28},"end":{"line":248,"column":38}},"85":{"start":{"line":250,"column":6},"end":{"line":252,"column":7}},"86":{"start":{"line":251,"column":8},"end":{"line":251,"column":72}},"87":{"start":{"line":254,"column":22},"end":{"line":254,"column":61}},"88":{"start":{"line":256,"column":6},"end":{"line":258,"column":7}},"89":{"start":{"line":257,"column":8},"end":{"line":257,"column":68}},"90":{"start":{"line":260,"column":6},"end":{"line":263,"column":9}},"91":{"start":{"line":266,"column":6},"end":{"line":266,"column":53}},"92":{"start":{"line":267,"column":6},"end":{"line":270,"column":9}},"93":{"start":{"line":275,"column":0},"end":{"line":275,"column":42}}},"fnMap":{"0":{"name":"(anonymous_0)","decl":{"start":{"line":19,"column":2},"end":{"line":19,"column":3}},"loc":{"start":{"line":19,"column":42},"end":{"line":194,"column":3}},"line":19},"1":{"name":"(anonymous_1)","decl":{"start":{"line":92,"column":50},"end":{"line":92,"column":51}},"loc":{"start":{"line":92,"column":57},"end":{"line":95,"column":9}},"line":92},"2":{"name":"(anonymous_2)","decl":{"start":{"line":199,"column":2},"end":{"line":199,"column":3}},"loc":{"start":{"line":199,"column":45},"end":{"line":241,"column":3}},"line":199},"3":{"name":"(anonymous_3)","decl":{"start":{"line":220,"column":13},"end":{"line":220,"column":14}},"loc":{"start":{"line":220,"column":32},"end":{"line":220,"column":34}},"line":220},"4":{"name":"(anonymous_4)","decl":{"start":{"line":221,"column":14},"end":{"line":221,"column":15}},"loc":{"start":{"line":221,"column":24},"end":{"line":223,"column":9}},"line":221},"5":{"name":"(anonymous_5)","decl":{"start":{"line":246,"column":2},"end":{"line":246,"column":3}},"loc":{"start":{"line":246,"column":43},"end":{"line":272,"column":3}},"line":246}},"branchMap":{"0":{"loc":{"start":{"line":34,"column":6},"end":{"line":37,"column":7}},"type":"if","locations":[{"start":{"line":34,"column":6},"end":{"line":37,"column":7}},{"start":{},"end":{}}],"line":34},"1":{"loc":{"start":{"line":46,"column":6},"end":{"line":55,"column":7}},"type":"if","locations":[{"start":{"line":46,"column":6},"end":{"line":55,"column":7}},{"start":{},"end":{}}],"line":46},"2":{"loc":{"start":{"line":53,"column":20},"end":{"line":53,"column":61}},"type":"binary-expr","locations":[{"start":{"line":53,"column":20},"end":{"line":53,"column":48}},{"start":{"line":53,"column":52},"end":{"line":53,"column":61}}],"line":53},"3":{"loc":{"start":{"line":75,"column":8},"end":{"line":75,"column":34}},"type":"binary-expr","locations":[{"start":{"line":75,"column":8},"end":{"line":75,"column":28}},{"start":{"line":75,"column":32},"end":{"line":75,"column":34}}],"line":75},"4":{"loc":{"start":{"line":87,"column":6},"end":{"line":96,"column":7}},"type":"if","locations":[{"start":{"line":87,"column":6},"end":{"line":96,"column":7}},{"start":{},"end":{}}],"line":87},"5":{"loc":{"start":{"line":88,"column":8},"end":{"line":90,"column":9}},"type":"if","locations":[{"start":{"line":88,"column":8},"end":{"line":90,"column":9}},{"start":{},"end":{}}],"line":88},"6":{"loc":{"start":{"line":89,"column":55},"end":{"line":89,"column":81}},"type":"binary-expr","locations":[{"start":{"line":89,"column":55},"end":{"line":89,"column":75}},{"start":{"line":89,"column":79},"end":{"line":89,"column":81}}],"line":89},"7":{"loc":{"start":{"line":93,"column":10},"end":{"line":93,"column":43}},"type":"if","locations":[{"start":{"line":93,"column":10},"end":{"line":93,"column":43}},{"start":{},"end":{}}],"line":93},"8":{"loc":{"start":{"line":100,"column":6},"end":{"line":102,"column":7}},"type":"if","locations":[{"start":{"line":100,"column":6},"end":{"line":102,"column":7}},{"start":{},"end":{}}],"line":100},"9":{"loc":{"start":{"line":108,"column":6},"end":{"line":146,"column":7}},"type":"if","locations":[{"start":{"line":108,"column":6},"end":{"line":146,"column":7}},{"start":{"line":123,"column":13},"end":{"line":146,"column":7}}],"line":108},"10":{"loc":{"start":{"line":110,"column":21},"end":{"line":110,"column":47}},"type":"binary-expr","locations":[{"start":{"line":110,"column":21},"end":{"line":110,"column":41}},{"start":{"line":110,"column":45},"end":{"line":110,"column":47}}],"line":110},"11":{"loc":{"start":{"line":111,"column":76},"end":{"line":111,"column":91}},"type":"binary-expr","locations":[{"start":{"line":111,"column":76},"end":{"line":111,"column":83}},{"start":{"line":111,"column":87},"end":{"line":111,"column":91}}],"line":111},"12":{"loc":{"start":{"line":112,"column":10},"end":{"line":118,"column":11}},"type":"if","locations":[{"start":{"line":112,"column":10},"end":{"line":118,"column":11}},{"start":{},"end":{}}],"line":112},"13":{"loc":{"start":{"line":112,"column":14},"end":{"line":112,"column":70}},"type":"binary-expr","locations":[{"start":{"line":112,"column":14},"end":{"line":112,"column":21}},{"start":{"line":112,"column":26},"end":{"line":112,"column":39}},{"start":{"line":112,"column":43},"end":{"line":112,"column":58}},{"start":{"line":112,"column":62},"end":{"line":112,"column":69}}],"line":112},"14":{"loc":{"start":{"line":123,"column":13},"end":{"line":146,"column":7}},"type":"if","locations":[{"start":{"line":123,"column":13},"end":{"line":146,"column":7}},{"start":{},"end":{}}],"line":123},"15":{"loc":{"start":{"line":125,"column":21},"end":{"line":125,"column":47}},"type":"binary-expr","locations":[{"start":{"line":125,"column":21},"end":{"line":125,"column":41}},{"start":{"line":125,"column":45},"end":{"line":125,"column":47}}],"line":125},"16":{"loc":{"start":{"line":126,"column":10},"end":{"line":142,"column":11}},"type":"if","locations":[{"start":{"line":126,"column":10},"end":{"line":142,"column":11}},{"start":{"line":132,"column":17},"end":{"line":142,"column":11}}],"line":126},"17":{"loc":{"start":{"line":133,"column":78},"end":{"line":133,"column":93}},"type":"binary-expr","locations":[{"start":{"line":133,"column":78},"end":{"line":133,"column":85}},{"start":{"line":133,"column":89},"end":{"line":133,"column":93}}],"line":133},"18":{"loc":{"start":{"line":134,"column":12},"end":{"line":141,"column":13}},"type":"if","locations":[{"start":{"line":134,"column":12},"end":{"line":141,"column":13}},{"start":{},"end":{}}],"line":134},"19":{"loc":{"start":{"line":175,"column":8},"end":{"line":182,"column":9}},"type":"if","locations":[{"start":{"line":175,"column":8},"end":{"line":182,"column":9}},{"start":{},"end":{}}],"line":175},"20":{"loc":{"start":{"line":175,"column":12},"end":{"line":175,"column":36}},"type":"binary-expr","locations":[{"start":{"line":175,"column":12},"end":{"line":175,"column":21}},{"start":{"line":175,"column":25},"end":{"line":175,"column":36}}],"line":175},"21":{"loc":{"start":{"line":201,"column":27},"end":{"line":201,"column":36}},"type":"default-arg","locations":[{"start":{"line":201,"column":34},"end":{"line":201,"column":36}}],"line":201},"22":{"loc":{"start":{"line":203,"column":6},"end":{"line":205,"column":7}},"type":"if","locations":[{"start":{"line":203,"column":6},"end":{"line":205,"column":7}},{"start":{},"end":{}}],"line":203},"23":{"loc":{"start":{"line":250,"column":6},"end":{"line":252,"column":7}},"type":"if","locations":[{"start":{"line":250,"column":6},"end":{"line":252,"column":7}},{"start":{},"end":{}}],"line":250},"24":{"loc":{"start":{"line":256,"column":6},"end":{"line":258,"column":7}},"type":"if","locations":[{"start":{"line":256,"column":6},"end":{"line":258,"column":7}},{"start":{},"end":{}}],"line":256}},"s":{"0":1,"1":1,"2":1,"3":1,"4":0,"5":0,"6":0,"7":0,"8":0,"9":0,"10":0,"11":0,"12":0,"13":0,"14":0,"15":0,"16":0,"17":0,"18":0,"19":0,"20":0,"21":0,"22":0,"23":0,"24":0,"25":0,"26":0,"27":0,"28":0,"29":0,"30":0,"31":0,"32":0,"33":0,"34":0,"35":0,"36":0,"37":0,"38":0,"39":0,"40":0,"41":0,"42":0,"43":0,"44":0,"45":0,"46":0,"47":0,"48":0,"49":0,"50":0,"51":0,"52":0,"53":0,"54":0,"55":0,"56":0,"57":0,"58":0,"59":0,"60":0,"61":0,"62":0,"63":0,"64":0,"65":0,"66":0,"67":0,"68":0,"69":0,"70":0,"71":0,"72":0,"73":0,"74":0,"75":0,"76":0,"77":0,"78":0,"79":0,"80":0,"81":0,"82":0,"83":0,"84":0,"85":0,"86":0,"87":0,"88":0,"89":0,"90":0,"91":0,"92":0,"93":1},"f":{"0":0,"1":0,"2":0,"3":0,"4":0,"5":0},"b":{"0":[0,0],"1":[0,0],"2":[0,0],"3":[0,0],"4":[0,0],"5":[0,0],"6":[0,0],"7":[0,0],"8":[0,0],"9":[0,0],"10":[0,0],"11":[0,0],"12":[0,0],"13":[0,0,0,0],"14":[0,0],"15":[0,0],"16":[0,0],"17":[0,0],"18":[0,0],"19":[0,0],"20":[0,0],"21":[0],"22":[0,0],"23":[0,0],"24":[0,0]},"_coverageSchema":"1a1c01bbd47fc00a2c39e90264f33305004495a9","hash":"6ccae73a5578f390b89ccb632be4ed13f51efae0"}
,"/home/def/Projects/ssd/src/controllers/AnalyticsController.js": {"path":"/home/def/Projects/ssd/src/controllers/AnalyticsController.js","statementMap":{"0":{"start":{"line":1,"column":13},"end":{"line":1,"column":38}},"1":{"start":{"line":2,"column":16},"end":{"line":2,"column":44}},"2":{"start":{"line":3,"column":15},"end":{"line":3,"column":42}},"3":{"start":{"line":4,"column":13},"end":{"line":4,"column":38}},"4":{"start":{"line":11,"column":8},"end":{"line":67,"column":9}},"5":{"start":{"line":13,"column":31},"end":{"line":13,"column":62}},"6":{"start":{"line":14,"column":34},"end":{"line":14,"column":67}},"7":{"start":{"line":15,"column":35},"end":{"line":15,"column":94}},"8":{"start":{"line":17,"column":32},"end":{"line":20,"column":24}},"9":{"start":{"line":22,"column":33},"end":{"line":22,"column":74}},"10":{"start":{"line":25,"column":34},"end":{"line":25,"column":44}},"11":{"start":{"line":26,"column":12},"end":{"line":26,"column":64}},"12":{"start":{"line":28,"column":39},"end":{"line":30,"column":29}},"13":{"start":{"line":33,"column":30},"end":{"line":42,"column":18}},"14":{"start":{"line":37,"column":20},"end":{"line":41,"column":24}},"15":{"start":{"line":37,"column":43},"end":{"line":41,"column":21}},"16":{"start":{"line":45,"column":39},"end":{"line":48,"column":25}},"17":{"start":{"line":50,"column":12},"end":{"line":63,"column":15}},"18":{"start":{"line":65,"column":12},"end":{"line":65,"column":53}},"19":{"start":{"line":66,"column":12},"end":{"line":66,"column":73}},"20":{"start":{"line":71,"column":0},"end":{"line":71,"column":37}}},"fnMap":{"0":{"name":"(anonymous_0)","decl":{"start":{"line":10,"column":4},"end":{"line":10,"column":5}},"loc":{"start":{"line":10,"column":36},"end":{"line":68,"column":5}},"line":10},"1":{"name":"(anonymous_1)","decl":{"start":{"line":36,"column":22},"end":{"line":36,"column":23}},"loc":{"start":{"line":36,"column":31},"end":{"line":42,"column":17}},"line":36},"2":{"name":"(anonymous_2)","decl":{"start":{"line":37,"column":37},"end":{"line":37,"column":38}},"loc":{"start":{"line":37,"column":43},"end":{"line":41,"column":21}},"line":37}},"branchMap":{"0":{"loc":{"start":{"line":22,"column":44},"end":{"line":22,"column":73}},"type":"binary-expr","locations":[{"start":{"line":22,"column":44},"end":{"line":22,"column":68}},{"start":{"line":22,"column":72},"end":{"line":22,"column":73}}],"line":22},"1":{"loc":{"start":{"line":40,"column":37},"end":{"line":40,"column":71}},"type":"cond-expr","locations":[{"start":{"line":40,"column":50},"end":{"line":40,"column":67}},{"start":{"line":40,"column":70},"end":{"line":40,"column":71}}],"line":40}},"s":{"0":1,"1":1,"2":1,"3":1,"4":0,"5":0,"6":0,"7":0,"8":0,"9":0,"10":0,"11":0,"12":0,"13":0,"14":0,"15":0,"16":0,"17":0,"18":0,"19":0,"20":1},"f":{"0":0,"1":0,"2":0},"b":{"0":[0,0],"1":[0,0]},"_coverageSchema":"1a1c01bbd47fc00a2c39e90264f33305004495a9","hash":"ee62665813073ba9be894c1089e4de9c85251ee4"}
,"/home/def/Projects/ssd/src/controllers/PaymentController.js": {"path":"/home/def/Projects/ssd/src/controllers/PaymentController.js","statementMap":{"0":{"start":{"line":1,"column":21},"end":{"line":1,"column":56}},"1":{"start":{"line":2,"column":20},"end":{"line":2,"column":54}},"2":{"start":{"line":3,"column":23},"end":{"line":3,"column":38}},"3":{"start":{"line":10,"column":4},"end":{"line":55,"column":5}},"4":{"start":{"line":11,"column":69},"end":{"line":11,"column":77}},"5":{"start":{"line":13,"column":6},"end":{"line":17,"column":7}},"6":{"start":{"line":14,"column":8},"end":{"line":16,"column":11}},"7":{"start":{"line":20,"column":28},"end":{"line":20,"column":36}},"8":{"start":{"line":21,"column":22},"end":{"line":21,"column":103}},"9":{"start":{"line":24,"column":24},"end":{"line":29,"column":7}},"10":{"start":{"line":32,"column":32},"end":{"line":32,"column":147}},"11":{"start":{"line":33,"column":32},"end":{"line":33,"column":124}},"12":{"start":{"line":35,"column":6},"end":{"line":37,"column":7}},"13":{"start":{"line":36,"column":8},"end":{"line":36,"column":94}},"14":{"start":{"line":39,"column":6},"end":{"line":48,"column":9}},"15":{"start":{"line":50,"column":6},"end":{"line":50,"column":63}},"16":{"start":{"line":51,"column":6},"end":{"line":54,"column":9}},"17":{"start":{"line":62,"column":4},"end":{"line":91,"column":5}},"18":{"start":{"line":64,"column":6},"end":{"line":64,"column":19}},"19":{"start":{"line":67,"column":6},"end":{"line":70,"column":7}},"20":{"start":{"line":68,"column":8},"end":{"line":68,"column":49}},"21":{"start":{"line":69,"column":8},"end":{"line":69,"column":15}},"22":{"start":{"line":73,"column":28},"end":{"line":73,"column":66}},"23":{"start":{"line":76,"column":21},"end":{"line":76,"column":76}},"24":{"start":{"line":78,"column":22},"end":{"line":83,"column":7}},"25":{"start":{"line":85,"column":6},"end":{"line":88,"column":7}},"26":{"start":{"line":87,"column":8},"end":{"line":87,"column":52}},"27":{"start":{"line":90,"column":6},"end":{"line":90,"column":53}},"28":{"start":{"line":98,"column":4},"end":{"line":113,"column":5}},"29":{"start":{"line":99,"column":36},"end":{"line":99,"column":46}},"30":{"start":{"line":101,"column":21},"end":{"line":101,"column":77}},"31":{"start":{"line":103,"column":6},"end":{"line":106,"column":9}},"32":{"start":{"line":108,"column":6},"end":{"line":108,"column":58}},"33":{"start":{"line":109,"column":6},"end":{"line":112,"column":9}},"34":{"start":{"line":120,"column":4},"end":{"line":136,"column":5}},"35":{"start":{"line":121,"column":25},"end":{"line":121,"column":35}},"36":{"start":{"line":122,"column":20},"end":{"line":122,"column":41}},"37":{"start":{"line":124,"column":23},"end":{"line":124,"column":77}},"38":{"start":{"line":126,"column":6},"end":{"line":129,"column":9}},"39":{"start":{"line":131,"column":6},"end":{"line":131,"column":57}},"40":{"start":{"line":132,"column":6},"end":{"line":135,"column":9}},"41":{"start":{"line":140,"column":0},"end":{"line":140,"column":35}}},"fnMap":{"0":{"name":"(anonymous_0)","decl":{"start":{"line":9,"column":2},"end":{"line":9,"column":3}},"loc":{"start":{"line":9,"column":46},"end":{"line":56,"column":3}},"line":9},"1":{"name":"(anonymous_1)","decl":{"start":{"line":61,"column":2},"end":{"line":61,"column":3}},"loc":{"start":{"line":61,"column":45},"end":{"line":92,"column":3}},"line":61},"2":{"name":"(anonymous_2)","decl":{"start":{"line":97,"column":2},"end":{"line":97,"column":3}},"loc":{"start":{"line":97,"column":44},"end":{"line":114,"column":3}},"line":97},"3":{"name":"(anonymous_3)","decl":{"start":{"line":119,"column":2},"end":{"line":119,"column":3}},"loc":{"start":{"line":119,"column":43},"end":{"line":137,"column":3}},"line":119}},"branchMap":{"0":{"loc":{"start":{"line":13,"column":6},"end":{"line":17,"column":7}},"type":"if","locations":[{"start":{"line":13,"column":6},"end":{"line":17,"column":7}},{"start":{},"end":{}}],"line":13},"1":{"loc":{"start":{"line":13,"column":10},"end":{"line":13,"column":44}},"type":"binary-expr","locations":[{"start":{"line":13,"column":10},"end":{"line":13,"column":17}},{"start":{"line":13,"column":21},"end":{"line":13,"column":28}},{"start":{"line":13,"column":32},"end":{"line":13,"column":44}}],"line":13},"2":{"loc":{"start":{"line":28,"column":8},"end":{"line":28,"column":50}},"type":"binary-expr","locations":[{"start":{"line":28,"column":8},"end":{"line":28,"column":19}},{"start":{"line":28,"column":23},"end":{"line":28,"column":50}}],"line":28},"3":{"loc":{"start":{"line":32,"column":32},"end":{"line":32,"column":147}},"type":"cond-expr","locations":[{"start":{"line":32,"column":85},"end":{"line":32,"column":117}},{"start":{"line":32,"column":120},"end":{"line":32,"column":147}}],"line":32},"4":{"loc":{"start":{"line":32,"column":32},"end":{"line":32,"column":82}},"type":"binary-expr","locations":[{"start":{"line":32,"column":32},"end":{"line":32,"column":46}},{"start":{"line":32,"column":50},"end":{"line":32,"column":82}}],"line":32},"5":{"loc":{"start":{"line":33,"column":32},"end":{"line":33,"column":124}},"type":"cond-expr","locations":[{"start":{"line":33,"column":85},"end":{"line":33,"column":117}},{"start":{"line":33,"column":120},"end":{"line":33,"column":124}}],"line":33},"6":{"loc":{"start":{"line":33,"column":32},"end":{"line":33,"column":82}},"type":"binary-expr","locations":[{"start":{"line":33,"column":32},"end":{"line":33,"column":46}},{"start":{"line":33,"column":50},"end":{"line":33,"column":82}}],"line":33},"7":{"loc":{"start":{"line":35,"column":6},"end":{"line":37,"column":7}},"type":"if","locations":[{"start":{"line":35,"column":6},"end":{"line":37,"column":7}},{"start":{},"end":{}}],"line":35},"8":{"loc":{"start":{"line":35,"column":10},"end":{"line":35,"column":48}},"type":"binary-expr","locations":[{"start":{"line":35,"column":10},"end":{"line":35,"column":27}},{"start":{"line":35,"column":31},"end":{"line":35,"column":48}}],"line":35},"9":{"loc":{"start":{"line":41,"column":17},"end":{"line":41,"column":93}},"type":"cond-expr","locations":[{"start":{"line":41,"column":37},"end":{"line":41,"column":65}},{"start":{"line":41,"column":68},"end":{"line":41,"column":93}}],"line":41},"10":{"loc":{"start":{"line":67,"column":6},"end":{"line":70,"column":7}},"type":"if","locations":[{"start":{"line":67,"column":6},"end":{"line":70,"column":7}},{"start":{},"end":{}}],"line":67},"11":{"loc":{"start":{"line":76,"column":21},"end":{"line":76,"column":76}},"type":"cond-expr","locations":[{"start":{"line":76,"column":54},"end":{"line":76,"column":65}},{"start":{"line":76,"column":68},"end":{"line":76,"column":76}}],"line":76},"12":{"loc":{"start":{"line":85,"column":6},"end":{"line":88,"column":7}},"type":"if","locations":[{"start":{"line":85,"column":6},"end":{"line":88,"column":7}},{"start":{},"end":{}}],"line":85},"13":{"loc":{"start":{"line":85,"column":10},"end":{"line":85,"column":43}},"type":"binary-expr","locations":[{"start":{"line":85,"column":10},"end":{"line":85,"column":32}},{"start":{"line":85,"column":36},"end":{"line":85,"column":43}}],"line":85},"14":{"loc":{"start":{"line":122,"column":20},"end":{"line":122,"column":41}},"type":"binary-expr","locations":[{"start":{"line":122,"column":20},"end":{"line":122,"column":35}},{"start":{"line":122,"column":39},"end":{"line":122,"column":41}}],"line":122}},"s":{"0":1,"1":1,"2":1,"3":3,"4":3,"5":3,"6":1,"7":2,"8":2,"9":1,"10":0,"11":0,"12":0,"13":0,"14":0,"15":2,"16":2,"17":0,"18":0,"19":0,"20":0,"21":0,"22":0,"23":0,"24":0,"25":0,"26":0,"27":0,"28":0,"29":0,"30":0,"31":0,"32":0,"33":0,"34":0,"35":0,"36":0,"37":0,"38":0,"39":0,"40":0,"41":1},"f":{"0":3,"1":0,"2":0,"3":0},"b":{"0":[1,2],"1":[3,2,2],"2":[1,0],"3":[0,0],"4":[0,0],"5":[0,0],"6":[0,0],"7":[0,0],"8":[0,0],"9":[0,0],"10":[0,0],"11":[0,0],"12":[0,0],"13":[0,0],"14":[0,0]},"_coverageSchema":"1a1c01bbd47fc00a2c39e90264f33305004495a9","hash":"4c455ff9517b088ae583166ad8f8906b5bf1b17f"}
,"/home/def/Projects/ssd/src/controllers/USSDController.js": {"path":"/home/def/Projects/ssd/src/controllers/USSDController.js","statementMap":{"0":{"start":{"line":1,"column":20},"end":{"line":1,"column":54}},"1":{"start":{"line":2,"column":20},"end":{"line":2,"column":54}},"2":{"start":{"line":3,"column":21},"end":{"line":3,"column":56}},"3":{"start":{"line":6,"column":14},"end":{"line":6,"column":16}},"4":{"start":{"line":7,"column":17},"end":{"line":7,"column":19}},"5":{"start":{"line":8,"column":15},"end":{"line":8,"column":17}},"6":{"start":{"line":9,"column":17},"end":{"line":9,"column":19}},"7":{"start":{"line":16,"column":4},"end":{"line":38,"column":5}},"8":{"start":{"line":17,"column":52},"end":{"line":17,"column":60}},"9":{"start":{"line":19,"column":6},"end":{"line":21,"column":7}},"10":{"start":{"line":20,"column":8},"end":{"line":20,"column":98}},"11":{"start":{"line":23,"column":21},"end":{"line":23,"column":80}},"12":{"start":{"line":26,"column":6},"end":{"line":31,"column":7}},"13":{"start":{"line":27,"column":8},"end":{"line":30,"column":11}},"14":{"start":{"line":33,"column":6},"end":{"line":33,"column":44}},"15":{"start":{"line":34,"column":6},"end":{"line":34,"column":32}},"16":{"start":{"line":36,"column":6},"end":{"line":36,"column":50}},"17":{"start":{"line":37,"column":6},"end":{"line":37,"column":96}},"18":{"start":{"line":45,"column":4},"end":{"line":73,"column":5}},"19":{"start":{"line":46,"column":72},"end":{"line":46,"column":80}},"20":{"start":{"line":48,"column":19},"end":{"line":48,"column":71}},"21":{"start":{"line":50,"column":6},"end":{"line":55,"column":7}},"22":{"start":{"line":51,"column":8},"end":{"line":54,"column":11}},"23":{"start":{"line":58,"column":6},"end":{"line":60,"column":9}},"24":{"start":{"line":62,"column":6},"end":{"line":66,"column":9}},"25":{"start":{"line":68,"column":6},"end":{"line":68,"column":55}},"26":{"start":{"line":69,"column":6},"end":{"line":72,"column":9}},"27":{"start":{"line":80,"column":4},"end":{"line":92,"column":5}},"28":{"start":{"line":81,"column":20},"end":{"line":81,"column":48}},"29":{"start":{"line":82,"column":6},"end":{"line":85,"column":9}},"30":{"start":{"line":87,"column":6},"end":{"line":87,"column":47}},"31":{"start":{"line":88,"column":6},"end":{"line":91,"column":9}},"32":{"start":{"line":99,"column":4},"end":{"line":142,"column":5}},"33":{"start":{"line":100,"column":42},"end":{"line":100,"column":50}},"34":{"start":{"line":102,"column":6},"end":{"line":106,"column":7}},"35":{"start":{"line":103,"column":8},"end":{"line":105,"column":11}},"36":{"start":{"line":109,"column":19},"end":{"line":109,"column":54}},"37":{"start":{"line":110,"column":6},"end":{"line":112,"column":7}},"38":{"start":{"line":111,"column":8},"end":{"line":111,"column":65}},"39":{"start":{"line":114,"column":6},"end":{"line":118,"column":7}},"40":{"start":{"line":115,"column":8},"end":{"line":117,"column":11}},"41":{"start":{"line":121,"column":23},"end":{"line":121,"column":98}},"42":{"start":{"line":124,"column":21},"end":{"line":124,"column":86}},"43":{"start":{"line":126,"column":6},"end":{"line":135,"column":9}},"44":{"start":{"line":137,"column":6},"end":{"line":137,"column":48}},"45":{"start":{"line":138,"column":6},"end":{"line":141,"column":9}},"46":{"start":{"line":149,"column":4},"end":{"line":164,"column":5}},"47":{"start":{"line":150,"column":25},"end":{"line":150,"column":35}},"48":{"start":{"line":152,"column":23},"end":{"line":152,"column":70}},"49":{"start":{"line":154,"column":6},"end":{"line":157,"column":9}},"50":{"start":{"line":159,"column":6},"end":{"line":159,"column":55}},"51":{"start":{"line":160,"column":6},"end":{"line":163,"column":9}},"52":{"start":{"line":168,"column":0},"end":{"line":168,"column":32}}},"fnMap":{"0":{"name":"(anonymous_0)","decl":{"start":{"line":15,"column":2},"end":{"line":15,"column":3}},"loc":{"start":{"line":15,"column":36},"end":{"line":39,"column":3}},"line":15},"1":{"name":"(anonymous_1)","decl":{"start":{"line":44,"column":2},"end":{"line":44,"column":3}},"loc":{"start":{"line":44,"column":38},"end":{"line":74,"column":3}},"line":44},"2":{"name":"(anonymous_2)","decl":{"start":{"line":79,"column":2},"end":{"line":79,"column":3}},"loc":{"start":{"line":79,"column":34},"end":{"line":93,"column":3}},"line":79},"3":{"name":"(anonymous_3)","decl":{"start":{"line":98,"column":2},"end":{"line":98,"column":3}},"loc":{"start":{"line":98,"column":35},"end":{"line":143,"column":3}},"line":98},"4":{"name":"(anonymous_4)","decl":{"start":{"line":148,"column":2},"end":{"line":148,"column":3}},"loc":{"start":{"line":148,"column":41},"end":{"line":165,"column":3}},"line":148}},"branchMap":{"0":{"loc":{"start":{"line":17,"column":38},"end":{"line":17,"column":47}},"type":"default-arg","locations":[{"start":{"line":17,"column":45},"end":{"line":17,"column":47}}],"line":17},"1":{"loc":{"start":{"line":19,"column":6},"end":{"line":21,"column":7}},"type":"if","locations":[{"start":{"line":19,"column":6},"end":{"line":21,"column":7}},{"start":{},"end":{}}],"line":19},"2":{"loc":{"start":{"line":19,"column":10},"end":{"line":19,"column":36}},"type":"binary-expr","locations":[{"start":{"line":19,"column":10},"end":{"line":19,"column":20}},{"start":{"line":19,"column":24},"end":{"line":19,"column":36}}],"line":19},"3":{"loc":{"start":{"line":26,"column":6},"end":{"line":31,"column":7}},"type":"if","locations":[{"start":{"line":26,"column":6},"end":{"line":31,"column":7}},{"start":{},"end":{}}],"line":26},"4":{"loc":{"start":{"line":29,"column":24},"end":{"line":29,"column":57}},"type":"binary-expr","locations":[{"start":{"line":29,"column":24},"end":{"line":29,"column":51}},{"start":{"line":29,"column":55},"end":{"line":29,"column":57}}],"line":29},"5":{"loc":{"start":{"line":50,"column":6},"end":{"line":55,"column":7}},"type":"if","locations":[{"start":{"line":50,"column":6},"end":{"line":55,"column":7}},{"start":{},"end":{}}],"line":50},"6":{"loc":{"start":{"line":50,"column":10},"end":{"line":50,"column":35}},"type":"binary-expr","locations":[{"start":{"line":50,"column":10},"end":{"line":50,"column":20}},{"start":{"line":50,"column":24},"end":{"line":50,"column":35}}],"line":50},"7":{"loc":{"start":{"line":52,"column":22},"end":{"line":52,"column":40}},"type":"binary-expr","locations":[{"start":{"line":52,"column":22},"end":{"line":52,"column":32}},{"start":{"line":52,"column":36},"end":{"line":52,"column":40}}],"line":52},"8":{"loc":{"start":{"line":53,"column":24},"end":{"line":53,"column":43}},"type":"binary-expr","locations":[{"start":{"line":53,"column":24},"end":{"line":53,"column":35}},{"start":{"line":53,"column":39},"end":{"line":53,"column":43}}],"line":53},"9":{"loc":{"start":{"line":102,"column":6},"end":{"line":106,"column":7}},"type":"if","locations":[{"start":{"line":102,"column":6},"end":{"line":106,"column":7}},{"start":{},"end":{}}],"line":102},"10":{"loc":{"start":{"line":102,"column":10},"end":{"line":102,"column":40}},"type":"binary-expr","locations":[{"start":{"line":102,"column":10},"end":{"line":102,"column":17}},{"start":{"line":102,"column":21},"end":{"line":102,"column":28}},{"start":{"line":102,"column":32},"end":{"line":102,"column":40}}],"line":102},"11":{"loc":{"start":{"line":110,"column":6},"end":{"line":112,"column":7}},"type":"if","locations":[{"start":{"line":110,"column":6},"end":{"line":112,"column":7}},{"start":{},"end":{}}],"line":110},"12":{"loc":{"start":{"line":114,"column":6},"end":{"line":118,"column":7}},"type":"if","locations":[{"start":{"line":114,"column":6},"end":{"line":118,"column":7}},{"start":{},"end":{}}],"line":114},"13":{"loc":{"start":{"line":114,"column":10},"end":{"line":114,"column":66}},"type":"binary-expr","locations":[{"start":{"line":114,"column":10},"end":{"line":114,"column":36}},{"start":{"line":114,"column":40},"end":{"line":114,"column":66}}],"line":114}},"s":{"0":1,"1":1,"2":1,"3":1,"4":1,"5":1,"6":1,"7":5,"8":5,"9":5,"10":1,"11":4,"12":4,"13":0,"14":4,"15":4,"16":0,"17":0,"18":0,"19":0,"20":0,"21":0,"22":0,"23":0,"24":0,"25":0,"26":0,"27":0,"28":0,"29":0,"30":0,"31":0,"32":0,"33":0,"34":0,"35":0,"36":0,"37":0,"38":0,"39":0,"40":0,"41":0,"42":0,"43":0,"44":0,"45":0,"46":0,"47":0,"48":0,"49":0,"50":0,"51":0,"52":1},"f":{"0":5,"1":0,"2":0,"3":0,"4":0},"b":{"0":[0],"1":[1,4],"2":[5,4],"3":[0,4],"4":[0,0],"5":[0,0],"6":[0,0],"7":[0,0],"8":[0,0],"9":[0,0],"10":[0,0,0],"11":[0,0],"12":[0,0],"13":[0,0]},"_coverageSchema":"1a1c01bbd47fc00a2c39e90264f33305004495a9","hash":"a5f9452c94c1a7aeed77d3dcd85f0a997fae132a"}
,"/home/def/Projects/ssd/src/controllers/UserController.js": {"path":"/home/def/Projects/ssd/src/controllers/UserController.js","statementMap":{"0":{"start":{"line":1,"column":20},"end":{"line":1,"column":54}},"1":{"start":{"line":2,"column":23},"end":{"line":2,"column":52}},"2":{"start":{"line":3,"column":23},"end":{"line":3,"column":38}},"3":{"start":{"line":10,"column":8},"end":{"line":44,"column":9}},"4":{"start":{"line":11,"column":99},"end":{"line":11,"column":107}},"5":{"start":{"line":13,"column":12},"end":{"line":15,"column":13}},"6":{"start":{"line":14,"column":16},"end":{"line":14,"column":86}},"7":{"start":{"line":18,"column":23},"end":{"line":18,"column":69}},"8":{"start":{"line":21,"column":28},"end":{"line":21,"column":30}},"9":{"start":{"line":22,"column":12},"end":{"line":22,"column":45}},"10":{"start":{"line":22,"column":23},"end":{"line":22,"column":45}},"11":{"start":{"line":23,"column":12},"end":{"line":23,"column":60}},"12":{"start":{"line":23,"column":28},"end":{"line":23,"column":60}},"13":{"start":{"line":24,"column":12},"end":{"line":24,"column":66}},"14":{"start":{"line":24,"column":30},"end":{"line":24,"column":66}},"15":{"start":{"line":25,"column":12},"end":{"line":25,"column":84}},"16":{"start":{"line":25,"column":36},"end":{"line":25,"column":84}},"17":{"start":{"line":28,"column":12},"end":{"line":30,"column":13}},"18":{"start":{"line":29,"column":16},"end":{"line":29,"column":77}},"19":{"start":{"line":32,"column":26},"end":{"line":32,"column":63}},"20":{"start":{"line":34,"column":12},"end":{"line":40,"column":15}},"21":{"start":{"line":42,"column":12},"end":{"line":42,"column":61}},"22":{"start":{"line":43,"column":12},"end":{"line":43,"column":71}},"23":{"start":{"line":51,"column":8},"end":{"line":77,"column":9}},"24":{"start":{"line":52,"column":40},"end":{"line":52,"column":48}},"25":{"start":{"line":54,"column":12},"end":{"line":56,"column":13}},"26":{"start":{"line":55,"column":16},"end":{"line":55,"column":76}},"27":{"start":{"line":58,"column":25},"end":{"line":58,"column":65}},"28":{"start":{"line":59,"column":12},"end":{"line":61,"column":13}},"29":{"start":{"line":60,"column":16},"end":{"line":60,"column":73}},"30":{"start":{"line":65,"column":26},"end":{"line":65,"column":63}},"31":{"start":{"line":67,"column":12},"end":{"line":73,"column":15}},"32":{"start":{"line":75,"column":12},"end":{"line":75,"column":54}},"33":{"start":{"line":76,"column":12},"end":{"line":76,"column":63}},"34":{"start":{"line":84,"column":8},"end":{"line":103,"column":9}},"35":{"start":{"line":85,"column":31},"end":{"line":85,"column":39}},"36":{"start":{"line":86,"column":25},"end":{"line":86,"column":70}},"37":{"start":{"line":89,"column":25},"end":{"line":89,"column":50}},"38":{"start":{"line":90,"column":29},"end":{"line":90,"column":110}},"39":{"start":{"line":92,"column":12},"end":{"line":94,"column":13}},"40":{"start":{"line":93,"column":16},"end":{"line":93,"column":73}},"41":{"start":{"line":96,"column":12},"end":{"line":99,"column":15}},"42":{"start":{"line":101,"column":12},"end":{"line":101,"column":55}},"43":{"start":{"line":102,"column":12},"end":{"line":102,"column":69}},"44":{"start":{"line":107,"column":0},"end":{"line":107,"column":32}}},"fnMap":{"0":{"name":"(anonymous_0)","decl":{"start":{"line":9,"column":4},"end":{"line":9,"column":5}},"loc":{"start":{"line":9,"column":36},"end":{"line":45,"column":5}},"line":9},"1":{"name":"(anonymous_1)","decl":{"start":{"line":50,"column":4},"end":{"line":50,"column":5}},"loc":{"start":{"line":50,"column":33},"end":{"line":78,"column":5}},"line":50},"2":{"name":"(anonymous_2)","decl":{"start":{"line":83,"column":4},"end":{"line":83,"column":5}},"loc":{"start":{"line":83,"column":33},"end":{"line":104,"column":5}},"line":83}},"branchMap":{"0":{"loc":{"start":{"line":13,"column":12},"end":{"line":15,"column":13}},"type":"if","locations":[{"start":{"line":13,"column":12},"end":{"line":15,"column":13}},{"start":{},"end":{}}],"line":13},"1":{"loc":{"start":{"line":13,"column":16},"end":{"line":13,"column":31}},"type":"binary-expr","locations":[{"start":{"line":13,"column":16},"end":{"line":13,"column":22}},{"start":{"line":13,"column":26},"end":{"line":13,"column":31}}],"line":13},"2":{"loc":{"start":{"line":22,"column":12},"end":{"line":22,"column":45}},"type":"if","locations":[{"start":{"line":22,"column":12},"end":{"line":22,"column":45}},{"start":{},"end":{}}],"line":22},"3":{"loc":{"start":{"line":23,"column":12},"end":{"line":23,"column":60}},"type":"if","locations":[{"start":{"line":23,"column":12},"end":{"line":23,"column":60}},{"start":{},"end":{}}],"line":23},"4":{"loc":{"start":{"line":24,"column":12},"end":{"line":24,"column":66}},"type":"if","locations":[{"start":{"line":24,"column":12},"end":{"line":24,"column":66}},{"start":{},"end":{}}],"line":24},"5":{"loc":{"start":{"line":25,"column":12},"end":{"line":25,"column":84}},"type":"if","locations":[{"start":{"line":25,"column":12},"end":{"line":25,"column":84}},{"start":{},"end":{}}],"line":25},"6":{"loc":{"start":{"line":28,"column":12},"end":{"line":30,"column":13}},"type":"if","locations":[{"start":{"line":28,"column":12},"end":{"line":30,"column":13}},{"start":{},"end":{}}],"line":28},"7":{"loc":{"start":{"line":54,"column":12},"end":{"line":56,"column":13}},"type":"if","locations":[{"start":{"line":54,"column":12},"end":{"line":56,"column":13}},{"start":{},"end":{}}],"line":54},"8":{"loc":{"start":{"line":59,"column":12},"end":{"line":61,"column":13}},"type":"if","locations":[{"start":{"line":59,"column":12},"end":{"line":61,"column":13}},{"start":{},"end":{}}],"line":59},"9":{"loc":{"start":{"line":92,"column":12},"end":{"line":94,"column":13}},"type":"if","locations":[{"start":{"line":92,"column":12},"end":{"line":94,"column":13}},{"start":{},"end":{}}],"line":92}},"s":{"0":1,"1":1,"2":1,"3":0,"4":0,"5":0,"6":0,"7":0,"8":0,"9":0,"10":0,"11":0,"12":0,"13":0,"14":0,"15":0,"16":0,"17":0,"18":0,"19":0,"20":0,"21":0,"22":0,"23":0,"24":0,"25":0,"26":0,"27":0,"28":0,"29":0,"30":0,"31":0,"32":0,"33":0,"34":0,"35":0,"36":0,"37":0,"38":0,"39":0,"40":0,"41":0,"42":0,"43":0,"44":1},"f":{"0":0,"1":0,"2":0},"b":{"0":[0,0],"1":[0,0],"2":[0,0],"3":[0,0],"4":[0,0],"5":[0,0],"6":[0,0],"7":[0,0],"8":[0,0],"9":[0,0]},"_coverageSchema":"1a1c01bbd47fc00a2c39e90264f33305004495a9","hash":"c0f29989ae2ddbcd70412ac1aa5645f2e6ac9f1c"}
,"/home/def/Projects/ssd/src/middleware/auth.js": {"path":"/home/def/Projects/ssd/src/middleware/auth.js","statementMap":{"0":{"start":{"line":1,"column":12},"end":{"line":1,"column":35}},"1":{"start":{"line":8,"column":4},"end":{"line":24,"column":5}},"2":{"start":{"line":9,"column":20},"end":{"line":9,"column":60}},"3":{"start":{"line":11,"column":6},"end":{"line":15,"column":7}},"4":{"start":{"line":12,"column":8},"end":{"line":14,"column":11}},"5":{"start":{"line":17,"column":22},"end":{"line":17,"column":63}},"6":{"start":{"line":18,"column":6},"end":{"line":18,"column":25}},"7":{"start":{"line":19,"column":6},"end":{"line":19,"column":13}},"8":{"start":{"line":21,"column":6},"end":{"line":23,"column":9}},"9":{"start":{"line":31,"column":4},"end":{"line":35,"column":6}},"10":{"start":{"line":42,"column":4},"end":{"line":46,"column":5}},"11":{"start":{"line":43,"column":6},"end":{"line":43,"column":31}},"12":{"start":{"line":45,"column":6},"end":{"line":45,"column":18}},"13":{"start":{"line":50,"column":0},"end":{"line":50,"column":32}}},"fnMap":{"0":{"name":"(anonymous_0)","decl":{"start":{"line":7,"column":2},"end":{"line":7,"column":3}},"loc":{"start":{"line":7,"column":32},"end":{"line":25,"column":3}},"line":7},"1":{"name":"(anonymous_1)","decl":{"start":{"line":30,"column":2},"end":{"line":30,"column":3}},"loc":{"start":{"line":30,"column":31},"end":{"line":36,"column":3}},"line":30},"2":{"name":"(anonymous_2)","decl":{"start":{"line":41,"column":2},"end":{"line":41,"column":3}},"loc":{"start":{"line":41,"column":28},"end":{"line":47,"column":3}},"line":41}},"branchMap":{"0":{"loc":{"start":{"line":11,"column":6},"end":{"line":15,"column":7}},"type":"if","locations":[{"start":{"line":11,"column":6},"end":{"line":15,"column":7}},{"start":{},"end":{}}],"line":11},"1":{"loc":{"start":{"line":34,"column":19},"end":{"line":34,"column":49}},"type":"binary-expr","locations":[{"start":{"line":34,"column":19},"end":{"line":34,"column":41}},{"start":{"line":34,"column":45},"end":{"line":34,"column":49}}],"line":34}},"s":{"0":1,"1":0,"2":0,"3":0,"4":0,"5":0,"6":0,"7":0,"8":0,"9":0,"10":0,"11":0,"12":0,"13":1},"f":{"0":0,"1":0,"2":0},"b":{"0":[0,0],"1":[0,0]},"_coverageSchema":"1a1c01bbd47fc00a2c39e90264f33305004495a9","hash":"e62aae543cc401d5a8cc7c081796c25c82c483cd"}
,"/home/def/Projects/ssd/src/models/Payment.js": {"path":"/home/def/Projects/ssd/src/models/Payment.js","statementMap":{"0":{"start":{"line":1,"column":18},"end":{"line":1,"column":38}},"1":{"start":{"line":5,"column":4},"end":{"line":5,"column":22}},"2":{"start":{"line":9,"column":4},"end":{"line":29,"column":6}},"3":{"start":{"line":33,"column":4},"end":{"line":50,"column":6}},"4":{"start":{"line":54,"column":0},"end":{"line":54,"column":25}}},"fnMap":{"0":{"name":"(anonymous_0)","decl":{"start":{"line":4,"column":2},"end":{"line":4,"column":3}},"loc":{"start":{"line":4,"column":25},"end":{"line":6,"column":3}},"line":4},"1":{"name":"(anonymous_1)","decl":{"start":{"line":8,"column":2},"end":{"line":8,"column":3}},"loc":{"start":{"line":8,"column":26},"end":{"line":30,"column":3}},"line":8},"2":{"name":"(anonymous_2)","decl":{"start":{"line":32,"column":2},"end":{"line":32,"column":3}},"loc":{"start":{"line":32,"column":32},"end":{"line":51,"column":3}},"line":32}},"branchMap":{},"s":{"0":1,"1":6,"2":1,"3":1,"4":1},"f":{"0":6,"1":1,"2":1},"b":{},"_coverageSchema":"1a1c01bbd47fc00a2c39e90264f33305004495a9","hash":"08f4f9051ff8b8e6bef16359c7d61045d0d5def5"}
,"/home/def/Projects/ssd/src/models/Plan.js": {"path":"/home/def/Projects/ssd/src/models/Plan.js","statementMap":{"0":{"start":{"line":1,"column":18},"end":{"line":1,"column":38}},"1":{"start":{"line":5,"column":4},"end":{"line":5,"column":19}},"2":{"start":{"line":9,"column":4},"end":{"line":26,"column":6}},"3":{"start":{"line":30,"column":4},"end":{"line":39,"column":6}},"4":{"start":{"line":43,"column":0},"end":{"line":43,"column":22}}},"fnMap":{"0":{"name":"(anonymous_0)","decl":{"start":{"line":4,"column":2},"end":{"line":4,"column":3}},"loc":{"start":{"line":4,"column":25},"end":{"line":6,"column":3}},"line":4},"1":{"name":"(anonymous_1)","decl":{"start":{"line":8,"column":2},"end":{"line":8,"column":3}},"loc":{"start":{"line":8,"column":26},"end":{"line":27,"column":3}},"line":8},"2":{"name":"(anonymous_2)","decl":{"start":{"line":29,"column":2},"end":{"line":29,"column":3}},"loc":{"start":{"line":29,"column":32},"end":{"line":40,"column":3}},"line":29}},"branchMap":{},"s":{"0":1,"1":9,"2":1,"3":0,"4":1},"f":{"0":9,"1":1,"2":0},"b":{},"_coverageSchema":"1a1c01bbd47fc00a2c39e90264f33305004495a9","hash":"43fa7dae5448f1db5c8632846a38a649429f5f14"}
,"/home/def/Projects/ssd/src/models/Policy.js": {"path":"/home/def/Projects/ssd/src/models/Policy.js","statementMap":{"0":{"start":{"line":1,"column":18},"end":{"line":1,"column":38}},"1":{"start":{"line":5,"column":4},"end":{"line":5,"column":22}},"2":{"start":{"line":9,"column":4},"end":{"line":26,"column":6}},"3":{"start":{"line":30,"column":4},"end":{"line":55,"column":6}},"4":{"start":{"line":59,"column":0},"end":{"line":59,"column":24}}},"fnMap":{"0":{"name":"(anonymous_0)","decl":{"start":{"line":4,"column":2},"end":{"line":4,"column":3}},"loc":{"start":{"line":4,"column":25},"end":{"line":6,"column":3}},"line":4},"1":{"name":"(anonymous_1)","decl":{"start":{"line":8,"column":2},"end":{"line":8,"column":3}},"loc":{"start":{"line":8,"column":26},"end":{"line":27,"column":3}},"line":8},"2":{"name":"(anonymous_2)","decl":{"start":{"line":29,"column":2},"end":{"line":29,"column":3}},"loc":{"start":{"line":29,"column":32},"end":{"line":56,"column":3}},"line":29}},"branchMap":{},"s":{"0":1,"1":0,"2":0,"3":0,"4":1},"f":{"0":0,"1":0,"2":0},"b":{},"_coverageSchema":"1a1c01bbd47fc00a2c39e90264f33305004495a9","hash":"f22850d8d3be636f8166533e0c0cb4489fed839d"}
,"/home/def/Projects/ssd/src/models/Session.js": {"path":"/home/def/Projects/ssd/src/models/Session.js","statementMap":{"0":{"start":{"line":1,"column":18},"end":{"line":1,"column":38}},"1":{"start":{"line":5,"column":4},"end":{"line":5,"column":22}},"2":{"start":{"line":9,"column":4},"end":{"line":33,"column":6}},"3":{"start":{"line":37,"column":4},"end":{"line":46,"column":6}},"4":{"start":{"line":50,"column":0},"end":{"line":50,"column":25}}},"fnMap":{"0":{"name":"(anonymous_0)","decl":{"start":{"line":4,"column":2},"end":{"line":4,"column":3}},"loc":{"start":{"line":4,"column":25},"end":{"line":6,"column":3}},"line":4},"1":{"name":"(anonymous_1)","decl":{"start":{"line":8,"column":2},"end":{"line":8,"column":3}},"loc":{"start":{"line":8,"column":26},"end":{"line":34,"column":3}},"line":8},"2":{"name":"(anonymous_2)","decl":{"start":{"line":36,"column":2},"end":{"line":36,"column":3}},"loc":{"start":{"line":36,"column":32},"end":{"line":47,"column":3}},"line":36}},"branchMap":{},"s":{"0":1,"1":28,"2":1,"3":1,"4":1},"f":{"0":28,"1":1,"2":1},"b":{},"_coverageSchema":"1a1c01bbd47fc00a2c39e90264f33305004495a9","hash":"7c00ab0aa792e1b0c0ab2529d76f031d68ac37c5"}
,"/home/def/Projects/ssd/src/models/User.js": {"path":"/home/def/Projects/ssd/src/models/User.js","statementMap":{"0":{"start":{"line":1,"column":18},"end":{"line":1,"column":38}},"1":{"start":{"line":2,"column":13},"end":{"line":2,"column":42}},"2":{"start":{"line":4,"column":0},"end":{"line":4,"column":17}},"3":{"start":{"line":8,"column":4},"end":{"line":8,"column":19}},"4":{"start":{"line":12,"column":4},"end":{"line":26,"column":6}},"5":{"start":{"line":30,"column":4},"end":{"line":55,"column":6}},"6":{"start":{"line":59,"column":0},"end":{"line":59,"column":22}}},"fnMap":{"0":{"name":"(anonymous_0)","decl":{"start":{"line":7,"column":2},"end":{"line":7,"column":3}},"loc":{"start":{"line":7,"column":25},"end":{"line":9,"column":3}},"line":7},"1":{"name":"(anonymous_1)","decl":{"start":{"line":11,"column":2},"end":{"line":11,"column":3}},"loc":{"start":{"line":11,"column":26},"end":{"line":27,"column":3}},"line":11},"2":{"name":"(anonymous_2)","decl":{"start":{"line":29,"column":2},"end":{"line":29,"column":3}},"loc":{"start":{"line":29,"column":32},"end":{"line":56,"column":3}},"line":29}},"branchMap":{},"s":{"0":1,"1":1,"2":1,"3":30,"4":1,"5":0,"6":1},"f":{"0":30,"1":1,"2":0},"b":{},"_coverageSchema":"1a1c01bbd47fc00a2c39e90264f33305004495a9","hash":"9b14db70e047ed09fc1575cdffe857cc6cd54a64"}
,"/home/def/Projects/ssd/src/routes/analytics.js": {"path":"/home/def/Projects/ssd/src/routes/analytics.js","statementMap":{"0":{"start":{"line":1,"column":16},"end":{"line":1,"column":34}},"1":{"start":{"line":2,"column":28},"end":{"line":2,"column":73}},"2":{"start":{"line":3,"column":23},"end":{"line":3,"column":52}},"3":{"start":{"line":5,"column":15},"end":{"line":5,"column":31}},"4":{"start":{"line":8,"column":0},"end":{"line":8,"column":74}},"5":{"start":{"line":10,"column":0},"end":{"line":10,"column":24}}},"fnMap":{},"branchMap":{},"s":{"0":1,"1":1,"2":1,"3":1,"4":1,"5":1},"f":{},"b":{},"_coverageSchema":"1a1c01bbd47fc00a2c39e90264f33305004495a9","hash":"798fd83eb2f83202e125dc69b9925d7e6f3f8104"}
,"/home/def/Projects/ssd/src/routes/payments.js": {"path":"/home/def/Projects/ssd/src/routes/payments.js","statementMap":{"0":{"start":{"line":1,"column":16},"end":{"line":1,"column":34}},"1":{"start":{"line":2,"column":26},"end":{"line":2,"column":69}},"2":{"start":{"line":4,"column":15},"end":{"line":4,"column":31}},"3":{"start":{"line":7,"column":0},"end":{"line":7,"column":71}},"4":{"start":{"line":10,"column":0},"end":{"line":10,"column":70}},"5":{"start":{"line":13,"column":0},"end":{"line":13,"column":85}},"6":{"start":{"line":16,"column":0},"end":{"line":16,"column":68}},"7":{"start":{"line":18,"column":0},"end":{"line":18,"column":24}}},"fnMap":{},"branchMap":{},"s":{"0":1,"1":1,"2":1,"3":1,"4":1,"5":1,"6":1,"7":1},"f":{},"b":{},"_coverageSchema":"1a1c01bbd47fc00a2c39e90264f33305004495a9","hash":"650a564562df0351a1b2a967636733138044a4e5"}
,"/home/def/Projects/ssd/src/routes/plans.js": {"path":"/home/def/Projects/ssd/src/routes/plans.js","statementMap":{"0":{"start":{"line":1,"column":16},"end":{"line":1,"column":34}},"1":{"start":{"line":2,"column":20},"end":{"line":2,"column":54}},"2":{"start":{"line":4,"column":15},"end":{"line":4,"column":31}},"3":{"start":{"line":7,"column":0},"end":{"line":18,"column":3}},"4":{"start":{"line":8,"column":2},"end":{"line":17,"column":3}},"5":{"start":{"line":9,"column":18},"end":{"line":9,"column":46}},"6":{"start":{"line":10,"column":4},"end":{"line":13,"column":7}},"7":{"start":{"line":15,"column":4},"end":{"line":15,"column":47}},"8":{"start":{"line":16,"column":4},"end":{"line":16,"column":71}},"9":{"start":{"line":20,"column":0},"end":{"line":20,"column":24}}},"fnMap":{"0":{"name":"(anonymous_0)","decl":{"start":{"line":7,"column":16},"end":{"line":7,"column":17}},"loc":{"start":{"line":7,"column":36},"end":{"line":18,"column":1}},"line":7}},"branchMap":{},"s":{"0":1,"1":1,"2":1,"3":1,"4":3,"5":3,"6":3,"7":0,"8":0,"9":1},"f":{"0":3},"b":{},"_coverageSchema":"1a1c01bbd47fc00a2c39e90264f33305004495a9","hash":"20363b828f7ad8ad61dd3f65316e2bbb03306c45"}
,"/home/def/Projects/ssd/src/routes/users.js": {"path":"/home/def/Projects/ssd/src/routes/users.js","statementMap":{"0":{"start":{"line":1,"column":16},"end":{"line":1,"column":34}},"1":{"start":{"line":2,"column":23},"end":{"line":2,"column":63}},"2":{"start":{"line":3,"column":23},"end":{"line":3,"column":52}},"3":{"start":{"line":5,"column":15},"end":{"line":5,"column":31}},"4":{"start":{"line":8,"column":0},"end":{"line":8,"column":50}},"5":{"start":{"line":9,"column":0},"end":{"line":9,"column":44}},"6":{"start":{"line":12,"column":0},"end":{"line":12,"column":63}},"7":{"start":{"line":14,"column":0},"end":{"line":14,"column":24}}},"fnMap":{},"branchMap":{},"s":{"0":1,"1":1,"2":1,"3":1,"4":1,"5":1,"6":1,"7":1},"f":{},"b":{},"_coverageSchema":"1a1c01bbd47fc00a2c39e90264f33305004495a9","hash":"43aa61158f6768e3483fbe7a2a5d9b80f386a619"}
,"/home/def/Projects/ssd/src/routes/ussd.js": {"path":"/home/def/Projects/ssd/src/routes/ussd.js","statementMap":{"0":{"start":{"line":1,"column":16},"end":{"line":1,"column":34}},"1":{"start":{"line":2,"column":23},"end":{"line":2,"column":63}},"2":{"start":{"line":3,"column":33},"end":{"line":3,"column":83}},"3":{"start":{"line":5,"column":15},"end":{"line":5,"column":31}},"4":{"start":{"line":8,"column":0},"end":{"line":8,"column":44}},"5":{"start":{"line":12,"column":0},"end":{"line":12,"column":68}},"6":{"start":{"line":15,"column":0},"end":{"line":15,"column":54}},"7":{"start":{"line":18,"column":0},"end":{"line":18,"column":46}},"8":{"start":{"line":21,"column":0},"end":{"line":21,"column":53}},"9":{"start":{"line":24,"column":0},"end":{"line":24,"column":64}},"10":{"start":{"line":26,"column":0},"end":{"line":26,"column":24}}},"fnMap":{},"branchMap":{},"s":{"0":1,"1":1,"2":1,"3":1,"4":1,"5":1,"6":1,"7":1,"8":1,"9":1,"10":1},"f":{},"b":{},"_coverageSchema":"1a1c01bbd47fc00a2c39e90264f33305004495a9","hash":"a704664e7f215a0ac7a8ddce6f80827ef3c51aa0"}
,"/home/def/Projects/ssd/src/services/AfricasTalkingService.js": {"path":"/home/def/Projects/ssd/src/services/AfricasTalkingService.js","statementMap":{"0":{"start":{"line":1,"column":14},"end":{"line":1,"column":30}},"1":{"start":{"line":9,"column":4},"end":{"line":9,"column":74}},"2":{"start":{"line":10,"column":4},"end":{"line":10,"column":57}},"3":{"start":{"line":11,"column":4},"end":{"line":11,"column":47}},"4":{"start":{"line":12,"column":4},"end":{"line":12,"column":56}},"5":{"start":{"line":14,"column":4},"end":{"line":20,"column":7}},"6":{"start":{"line":27,"column":4},"end":{"line":30,"column":5}},"7":{"start":{"line":28,"column":6},"end":{"line":28,"column":88}},"8":{"start":{"line":29,"column":6},"end":{"line":29,"column":19}},"9":{"start":{"line":31,"column":4},"end":{"line":31,"column":16}},"10":{"start":{"line":41,"column":4},"end":{"line":57,"column":5}},"11":{"start":{"line":42,"column":27},"end":{"line":42,"column":58}},"12":{"start":{"line":43,"column":32},"end":{"line":43,"column":61}},"13":{"start":{"line":47,"column":6},"end":{"line":53,"column":8}},"14":{"start":{"line":55,"column":6},"end":{"line":55,"column":59}},"15":{"start":{"line":56,"column":6},"end":{"line":56,"column":18}},"16":{"start":{"line":71,"column":4},"end":{"line":88,"column":5}},"17":{"start":{"line":72,"column":64},"end":{"line":72,"column":79}},"18":{"start":{"line":74,"column":6},"end":{"line":76,"column":7}},"19":{"start":{"line":75,"column":8},"end":{"line":75,"column":75}},"20":{"start":{"line":78,"column":6},"end":{"line":84,"column":8}},"21":{"start":{"line":86,"column":6},"end":{"line":86,"column":73}},"22":{"start":{"line":87,"column":6},"end":{"line":87,"column":18}},"23":{"start":{"line":97,"column":19},"end":{"line":97,"column":50}},"24":{"start":{"line":98,"column":4},"end":{"line":98,"column":31}},"25":{"start":{"line":106,"column":4},"end":{"line":106,"column":55}},"26":{"start":{"line":106,"column":15},"end":{"line":106,"column":55}},"27":{"start":{"line":108,"column":20},"end":{"line":108,"column":31}},"28":{"start":{"line":111,"column":4},"end":{"line":113,"column":5}},"29":{"start":{"line":112,"column":6},"end":{"line":112,"column":56}},"30":{"start":{"line":116,"column":4},"end":{"line":116,"column":45}},"31":{"start":{"line":124,"column":20},"end":{"line":124,"column":45}},"32":{"start":{"line":125,"column":4},"end":{"line":125,"column":37}},"33":{"start":{"line":132,"column":4},"end":{"line":134,"column":5}},"34":{"start":{"line":133,"column":6},"end":{"line":133,"column":25}},"35":{"start":{"line":135,"column":4},"end":{"line":137,"column":5}},"36":{"start":{"line":136,"column":6},"end":{"line":136,"column":47}},"37":{"start":{"line":138,"column":4},"end":{"line":138,"column":32}},"38":{"start":{"line":145,"column":4},"end":{"line":145,"column":24}},"39":{"start":{"line":152,"column":4},"end":{"line":152,"column":60}},"40":{"start":{"line":159,"column":4},"end":{"line":159,"column":78}},"41":{"start":{"line":160,"column":4},"end":{"line":165,"column":6}},"42":{"start":{"line":172,"column":16},"end":{"line":180,"column":5}},"43":{"start":{"line":182,"column":4},"end":{"line":182,"column":41}},"44":{"start":{"line":184,"column":4},"end":{"line":184,"column":15}},"45":{"start":{"line":188,"column":0},"end":{"line":188,"column":45}}},"fnMap":{"0":{"name":"(anonymous_0)","decl":{"start":{"line":8,"column":2},"end":{"line":8,"column":3}},"loc":{"start":{"line":8,"column":16},"end":{"line":21,"column":3}},"line":8},"1":{"name":"(anonymous_1)","decl":{"start":{"line":26,"column":2},"end":{"line":26,"column":3}},"loc":{"start":{"line":26,"column":15},"end":{"line":32,"column":3}},"line":26},"2":{"name":"(anonymous_2)","decl":{"start":{"line":40,"column":2},"end":{"line":40,"column":3}},"loc":{"start":{"line":40,"column":68},"end":{"line":58,"column":3}},"line":40},"3":{"name":"(anonymous_3)","decl":{"start":{"line":70,"column":2},"end":{"line":70,"column":3}},"loc":{"start":{"line":70,"column":28},"end":{"line":89,"column":3}},"line":70},"4":{"name":"(anonymous_4)","decl":{"start":{"line":96,"column":2},"end":{"line":96,"column":3}},"loc":{"start":{"line":96,"column":49},"end":{"line":99,"column":3}},"line":96},"5":{"name":"(anonymous_5)","decl":{"start":{"line":105,"column":2},"end":{"line":105,"column":3}},"loc":{"start":{"line":105,"column":19},"end":{"line":117,"column":3}},"line":105},"6":{"name":"(anonymous_6)","decl":{"start":{"line":122,"column":2},"end":{"line":122,"column":3}},"loc":{"start":{"line":122,"column":35},"end":{"line":126,"column":3}},"line":122},"7":{"name":"(anonymous_7)","decl":{"start":{"line":131,"column":2},"end":{"line":131,"column":3}},"loc":{"start":{"line":131,"column":33},"end":{"line":139,"column":3}},"line":131},"8":{"name":"(anonymous_8)","decl":{"start":{"line":144,"column":2},"end":{"line":144,"column":3}},"loc":{"start":{"line":144,"column":26},"end":{"line":146,"column":3}},"line":144},"9":{"name":"(anonymous_9)","decl":{"start":{"line":151,"column":2},"end":{"line":151,"column":3}},"loc":{"start":{"line":151,"column":54},"end":{"line":153,"column":3}},"line":151},"10":{"name":"(anonymous_10)","decl":{"start":{"line":158,"column":2},"end":{"line":158,"column":3}},"loc":{"start":{"line":158,"column":47},"end":{"line":166,"column":3}},"line":158},"11":{"name":"(anonymous_11)","decl":{"start":{"line":171,"column":2},"end":{"line":171,"column":3}},"loc":{"start":{"line":171,"column":68},"end":{"line":185,"column":3}},"line":171}},"branchMap":{"0":{"loc":{"start":{"line":10,"column":20},"end":{"line":10,"column":56}},"type":"binary-expr","locations":[{"start":{"line":10,"column":20},"end":{"line":10,"column":43}},{"start":{"line":10,"column":47},"end":{"line":10,"column":56}}],"line":10},"1":{"loc":{"start":{"line":11,"column":18},"end":{"line":11,"column":46}},"type":"binary-expr","locations":[{"start":{"line":11,"column":18},"end":{"line":11,"column":40}},{"start":{"line":11,"column":44},"end":{"line":11,"column":46}}],"line":11},"2":{"loc":{"start":{"line":12,"column":21},"end":{"line":12,"column":55}},"type":"binary-expr","locations":[{"start":{"line":12,"column":21},"end":{"line":12,"column":45}},{"start":{"line":12,"column":49},"end":{"line":12,"column":55}}],"line":12},"3":{"loc":{"start":{"line":27,"column":4},"end":{"line":30,"column":5}},"type":"if","locations":[{"start":{"line":27,"column":4},"end":{"line":30,"column":5}},{"start":{},"end":{}}],"line":27},"4":{"loc":{"start":{"line":40,"column":44},"end":{"line":40,"column":66}},"type":"default-arg","locations":[{"start":{"line":40,"column":62},"end":{"line":40,"column":66}}],"line":40},"5":{"loc":{"start":{"line":42,"column":27},"end":{"line":42,"column":58}},"type":"cond-expr","locations":[{"start":{"line":42,"column":45},"end":{"line":42,"column":50}},{"start":{"line":42,"column":53},"end":{"line":42,"column":58}}],"line":42},"6":{"loc":{"start":{"line":72,"column":64},"end":{"line":72,"column":79}},"type":"binary-expr","locations":[{"start":{"line":72,"column":64},"end":{"line":72,"column":72}},{"start":{"line":72,"column":76},"end":{"line":72,"column":79}}],"line":72},"7":{"loc":{"start":{"line":74,"column":6},"end":{"line":76,"column":7}},"type":"if","locations":[{"start":{"line":74,"column":6},"end":{"line":76,"column":7}},{"start":{},"end":{}}],"line":74},"8":{"loc":{"start":{"line":74,"column":10},"end":{"line":74,"column":36}},"type":"binary-expr","locations":[{"start":{"line":74,"column":10},"end":{"line":74,"column":20}},{"start":{"line":74,"column":24},"end":{"line":74,"column":36}}],"line":74},"9":{"loc":{"start":{"line":81,"column":14},"end":{"line":81,"column":24}},"type":"binary-expr","locations":[{"start":{"line":81,"column":14},"end":{"line":81,"column":18}},{"start":{"line":81,"column":22},"end":{"line":81,"column":24}}],"line":81},"10":{"loc":{"start":{"line":82,"column":25},"end":{"line":82,"column":53}},"type":"binary-expr","locations":[{"start":{"line":82,"column":25},"end":{"line":82,"column":40}},{"start":{"line":82,"column":44},"end":{"line":82,"column":53}}],"line":82},"11":{"loc":{"start":{"line":96,"column":25},"end":{"line":96,"column":47}},"type":"default-arg","locations":[{"start":{"line":96,"column":43},"end":{"line":96,"column":47}}],"line":96},"12":{"loc":{"start":{"line":97,"column":19},"end":{"line":97,"column":50}},"type":"cond-expr","locations":[{"start":{"line":97,"column":37},"end":{"line":97,"column":42}},{"start":{"line":97,"column":45},"end":{"line":97,"column":50}}],"line":97},"13":{"loc":{"start":{"line":106,"column":4},"end":{"line":106,"column":55}},"type":"if","locations":[{"start":{"line":106,"column":4},"end":{"line":106,"column":55}},{"start":{},"end":{}}],"line":106},"14":{"loc":{"start":{"line":111,"column":4},"end":{"line":113,"column":5}},"type":"if","locations":[{"start":{"line":111,"column":4},"end":{"line":113,"column":5}},{"start":{},"end":{}}],"line":111},"15":{"loc":{"start":{"line":132,"column":4},"end":{"line":134,"column":5}},"type":"if","locations":[{"start":{"line":132,"column":4},"end":{"line":134,"column":5}},{"start":{},"end":{}}],"line":132},"16":{"loc":{"start":{"line":135,"column":4},"end":{"line":137,"column":5}},"type":"if","locations":[{"start":{"line":135,"column":4},"end":{"line":137,"column":5}},{"start":{},"end":{}}],"line":135},"17":{"loc":{"start":{"line":151,"column":30},"end":{"line":151,"column":52}},"type":"default-arg","locations":[{"start":{"line":151,"column":48},"end":{"line":151,"column":52}}],"line":151},"18":{"loc":{"start":{"line":177,"column":16},"end":{"line":177,"column":66}},"type":"cond-expr","locations":[{"start":{"line":177,"column":27},"end":{"line":177,"column":61}},{"start":{"line":177,"column":64},"end":{"line":177,"column":66}}],"line":177}},"s":{"0":1,"1":1,"2":1,"3":1,"4":1,"5":1,"6":0,"7":0,"8":0,"9":0,"10":0,"11":0,"12":0,"13":0,"14":0,"15":0,"16":0,"17":0,"18":0,"19":0,"20":0,"21":0,"22":0,"23":0,"24":0,"25":0,"26":0,"27":0,"28":0,"29":0,"30":0,"31":0,"32":0,"33":0,"34":0,"35":0,"36":0,"37":0,"38":0,"39":0,"40":0,"41":0,"42":0,"43":0,"44":0,"45":1},"f":{"0":1,"1":0,"2":0,"3":0,"4":0,"5":0,"6":0,"7":0,"8":0,"9":0,"10":0,"11":0},"b":{"0":[1,0],"1":[1,0],"2":[1,1],"3":[0,0],"4":[0],"5":[0,0],"6":[0,0],"7":[0,0],"8":[0,0],"9":[0,0],"10":[0,0],"11":[0],"12":[0,0],"13":[0,0],"14":[0,0],"15":[0,0],"16":[0,0],"17":[0],"18":[0,0]},"_coverageSchema":"1a1c01bbd47fc00a2c39e90264f33305004495a9","hash":"6ae81627dba356fe5c19cb491f9080220cca1f12"}
,"/home/def/Projects/ssd/src/services/DataService.js": {"path":"/home/def/Projects/ssd/src/services/DataService.js","statementMap":{"0":{"start":{"line":1,"column":13},"end":{"line":1,"column":38}},"1":{"start":{"line":2,"column":13},"end":{"line":2,"column":38}},"2":{"start":{"line":3,"column":15},"end":{"line":3,"column":42}},"3":{"start":{"line":4,"column":16},"end":{"line":4,"column":44}},"4":{"start":{"line":5,"column":16},"end":{"line":5,"column":44}},"5":{"start":{"line":6,"column":23},"end":{"line":6,"column":38}},"6":{"start":{"line":13,"column":4},"end":{"line":28,"column":5}},"7":{"start":{"line":14,"column":17},"end":{"line":14,"column":54}},"8":{"start":{"line":16,"column":6},"end":{"line":22,"column":7}},"9":{"start":{"line":17,"column":8},"end":{"line":21,"column":11}},"10":{"start":{"line":24,"column":6},"end":{"line":24,"column":18}},"11":{"start":{"line":26,"column":6},"end":{"line":26,"column":49}},"12":{"start":{"line":27,"column":6},"end":{"line":27,"column":18}},"13":{"start":{"line":35,"column":4},"end":{"line":42,"column":5}},"14":{"start":{"line":36,"column":6},"end":{"line":38,"column":34}},"15":{"start":{"line":40,"column":6},"end":{"line":40,"column":52}},"16":{"start":{"line":41,"column":6},"end":{"line":41,"column":18}},"17":{"start":{"line":49,"column":4},"end":{"line":77,"column":5}},"18":{"start":{"line":50,"column":6},"end":{"line":50,"column":97}},"19":{"start":{"line":51,"column":20},"end":{"line":51,"column":76}},"20":{"start":{"line":53,"column":6},"end":{"line":73,"column":7}},"21":{"start":{"line":55,"column":8},"end":{"line":60,"column":42}},"22":{"start":{"line":62,"column":8},"end":{"line":62,"column":72}},"23":{"start":{"line":64,"column":27},"end":{"line":70,"column":9}},"24":{"start":{"line":72,"column":8},"end":{"line":72,"column":56}},"25":{"start":{"line":75,"column":6},"end":{"line":75,"column":52}},"26":{"start":{"line":76,"column":6},"end":{"line":76,"column":18}},"27":{"start":{"line":84,"column":4},"end":{"line":89,"column":5}},"28":{"start":{"line":85,"column":6},"end":{"line":85,"column":54}},"29":{"start":{"line":87,"column":6},"end":{"line":87,"column":50}},"30":{"start":{"line":88,"column":6},"end":{"line":88,"column":18}},"31":{"start":{"line":96,"column":4},"end":{"line":104,"column":5}},"32":{"start":{"line":97,"column":6},"end":{"line":100,"column":17}},"33":{"start":{"line":102,"column":6},"end":{"line":102,"column":49}},"34":{"start":{"line":103,"column":6},"end":{"line":103,"column":18}},"35":{"start":{"line":111,"column":4},"end":{"line":129,"column":5}},"36":{"start":{"line":112,"column":27},"end":{"line":112,"column":74}},"37":{"start":{"line":114,"column":6},"end":{"line":125,"column":9}},"38":{"start":{"line":127,"column":6},"end":{"line":127,"column":53}},"39":{"start":{"line":128,"column":6},"end":{"line":128,"column":18}},"40":{"start":{"line":136,"column":4},"end":{"line":144,"column":5}},"41":{"start":{"line":137,"column":6},"end":{"line":140,"column":34}},"42":{"start":{"line":142,"column":6},"end":{"line":142,"column":53}},"43":{"start":{"line":143,"column":6},"end":{"line":143,"column":18}},"44":{"start":{"line":151,"column":4},"end":{"line":167,"column":5}},"45":{"start":{"line":152,"column":6},"end":{"line":163,"column":9}},"46":{"start":{"line":165,"column":6},"end":{"line":165,"column":54}},"47":{"start":{"line":166,"column":6},"end":{"line":166,"column":18}},"48":{"start":{"line":174,"column":4},"end":{"line":193,"column":5}},"49":{"start":{"line":176,"column":24},"end":{"line":182,"column":7}},"50":{"start":{"line":184,"column":6},"end":{"line":186,"column":9}},"51":{"start":{"line":185,"column":8},"end":{"line":185,"column":147}},"52":{"start":{"line":189,"column":6},"end":{"line":189,"column":174}},"53":{"start":{"line":191,"column":6},"end":{"line":191,"column":52}},"54":{"start":{"line":192,"column":6},"end":{"line":192,"column":18}},"55":{"start":{"line":200,"column":4},"end":{"line":212,"column":5}},"56":{"start":{"line":201,"column":20},"end":{"line":201,"column":22}},"57":{"start":{"line":202,"column":6},"end":{"line":202,"column":75}},"58":{"start":{"line":202,"column":29},"end":{"line":202,"column":75}},"59":{"start":{"line":203,"column":6},"end":{"line":203,"column":75}},"60":{"start":{"line":203,"column":29},"end":{"line":203,"column":75}},"61":{"start":{"line":204,"column":6},"end":{"line":204,"column":50}},"62":{"start":{"line":206,"column":6},"end":{"line":206,"column":80}},"63":{"start":{"line":208,"column":6},"end":{"line":208,"column":78}},"64":{"start":{"line":210,"column":6},"end":{"line":210,"column":55}},"65":{"start":{"line":211,"column":6},"end":{"line":211,"column":18}},"66":{"start":{"line":219,"column":4},"end":{"line":227,"column":5}},"67":{"start":{"line":220,"column":6},"end":{"line":223,"column":22}},"68":{"start":{"line":225,"column":6},"end":{"line":225,"column":60}},"69":{"start":{"line":226,"column":6},"end":{"line":226,"column":18}},"70":{"start":{"line":234,"column":4},"end":{"line":240,"column":5}},"71":{"start":{"line":235,"column":6},"end":{"line":235,"column":60}},"72":{"start":{"line":236,"column":6},"end":{"line":236,"column":56}},"73":{"start":{"line":238,"column":6},"end":{"line":238,"column":49}},"74":{"start":{"line":239,"column":6},"end":{"line":239,"column":18}},"75":{"start":{"line":244,"column":0},"end":{"line":244,"column":29}}},"fnMap":{"0":{"name":"(anonymous_0)","decl":{"start":{"line":12,"column":2},"end":{"line":12,"column":3}},"loc":{"start":{"line":12,"column":51},"end":{"line":29,"column":3}},"line":12},"1":{"name":"(anonymous_1)","decl":{"start":{"line":34,"column":2},"end":{"line":34,"column":3}},"loc":{"start":{"line":34,"column":37},"end":{"line":43,"column":3}},"line":34},"2":{"name":"(anonymous_2)","decl":{"start":{"line":48,"column":2},"end":{"line":48,"column":3}},"loc":{"start":{"line":48,"column":61},"end":{"line":78,"column":3}},"line":48},"3":{"name":"(anonymous_3)","decl":{"start":{"line":83,"column":2},"end":{"line":83,"column":3}},"loc":{"start":{"line":83,"column":26},"end":{"line":90,"column":3}},"line":83},"4":{"name":"(anonymous_4)","decl":{"start":{"line":95,"column":2},"end":{"line":95,"column":3}},"loc":{"start":{"line":95,"column":51},"end":{"line":105,"column":3}},"line":95},"5":{"name":"(anonymous_5)","decl":{"start":{"line":110,"column":2},"end":{"line":110,"column":3}},"loc":{"start":{"line":110,"column":69},"end":{"line":130,"column":3}},"line":110},"6":{"name":"(anonymous_6)","decl":{"start":{"line":135,"column":2},"end":{"line":135,"column":3}},"loc":{"start":{"line":135,"column":45},"end":{"line":145,"column":3}},"line":135},"7":{"name":"(anonymous_7)","decl":{"start":{"line":150,"column":2},"end":{"line":150,"column":3}},"loc":{"start":{"line":150,"column":85},"end":{"line":168,"column":3}},"line":150},"8":{"name":"(anonymous_8)","decl":{"start":{"line":173,"column":2},"end":{"line":173,"column":3}},"loc":{"start":{"line":173,"column":84},"end":{"line":194,"column":3}},"line":173},"9":{"name":"(anonymous_9)","decl":{"start":{"line":184,"column":51},"end":{"line":184,"column":52}},"loc":{"start":{"line":184,"column":62},"end":{"line":186,"column":7}},"line":184},"10":{"name":"(anonymous_10)","decl":{"start":{"line":199,"column":2},"end":{"line":199,"column":3}},"loc":{
[...]
e":"binary-expr","locations":[{"start":{"line":414,"column":58},"end":{"line":414,"column":75}},{"start":{"line":414,"column":79},"end":{"line":414,"column":87}}],"line":414},"94":{"loc":{"start":{"line":420,"column":13},"end":{"line":433,"column":7}},"type":"if","locations":[{"start":{"line":420,"column":13},"end":{"line":433,"column":7}},{"start":{"line":428,"column":13},"end":{"line":433,"column":7}}],"line":420},"95":{"loc":{"start":{"line":421,"column":8},"end":{"line":427,"column":9}},"type":"if","locations":[{"start":{"line":421,"column":8},"end":{"line":427,"column":9}},{"start":{"line":424,"column":15},"end":{"line":427,"column":9}}],"line":421},"96":{"loc":{"start":{"line":428,"column":13},"end":{"line":433,"column":7}},"type":"if","locations":[{"start":{"line":428,"column":13},"end":{"line":433,"column":7}},{"start":{},"end":{}}],"line":428},"97":{"loc":{"start":{"line":437,"column":4},"end":{"line":451,"column":5}},"type":"if","locations":[{"start":{"line":437,"column":4},"end":{"line":451,"column":5}},{"start":{},"end":{}}],"line":437},"98":{"loc":{"start":{"line":438,"column":6},"end":{"line":450,"column":7}},"type":"if","locations":[{"start":{"line":438,"column":6},"end":{"line":450,"column":7}},{"start":{"line":441,"column":13},"end":{"line":450,"column":7}}],"line":438},"99":{"loc":{"start":{"line":441,"column":13},"end":{"line":450,"column":7}},"type":"if","locations":[{"start":{"line":441,"column":13},"end":{"line":450,"column":7}},{"start":{"line":444,"column":13},"end":{"line":450,"column":7}}],"line":441},"100":{"loc":{"start":{"line":444,"column":13},"end":{"line":450,"column":7}},"type":"if","locations":[{"start":{"line":444,"column":13},"end":{"line":450,"column":7}},{"start":{"line":447,"column":13},"end":{"line":450,"column":7}}],"line":444},"101":{"loc":{"start":{"line":447,"column":13},"end":{"line":450,"column":7}},"type":"if","locations":[{"start":{"line":447,"column":13},"end":{"line":450,"column":7}},{"start":{},"end":{}}],"line":447},"102":{"loc":{"start":{"line":454,"column":4},"end":{"line":472,"column":5}},"type":"if","locations":[{"start":{"line":454,"column":4},"end":{"line":472,"column":5}},{"start":{},"end":{}}],"line":454},"103":{"loc":{"start":{"line":455,"column":6},"end":{"line":471,"column":7}},"type":"if","locations":[{"start":{"line":455,"column":6},"end":{"line":471,"column":7}},{"start":{"line":458,"column":13},"end":{"line":471,"column":7}}],"line":455},"104":{"loc":{"start":{"line":458,"column":13},"end":{"line":471,"column":7}},"type":"if","locations":[{"start":{"line":458,"column":13},"end":{"line":471,"column":7}},{"start":{},"end":{}}],"line":458},"105":{"loc":{"start":{"line":461,"column":8},"end":{"line":470,"column":9}},"type":"if","locations":[{"start":{"line":461,"column":8},"end":{"line":470,"column":9}},{"start":{"line":464,"column":15},"end":{"line":470,"column":9}}],"line":461},"106":{"loc":{"start":{"line":466,"column":71},"end":{"line":466,"column":93}},"type":"binary-expr","locations":[{"start":{"line":466,"column":71},"end":{"line":466,"column":88}},{"start":{"line":466,"column":92},"end":{"line":466,"column":93}}],"line":466},"107":{"loc":{"start":{"line":475,"column":4},"end":{"line":478,"column":5}},"type":"if","locations":[{"start":{"line":475,"column":4},"end":{"line":478,"column":5}},{"start":{},"end":{}}],"line":475},"108":{"loc":{"start":{"line":490,"column":47},"end":{"line":490,"column":63}},"type":"default-arg","locations":[{"start":{"line":490,"column":60},"end":{"line":490,"column":63}}],"line":490}},"s":{"0":1,"1":4,"2":4,"3":4,"4":0,"5":4,"6":4,"7":4,"8":4,"9":4,"10":4,"11":4,"12":0,"13":4,"14":4,"15":1,"16":1,"17":3,"18":0,"19":0,"20":0,"21":0,"22":0,"23":0,"24":0,"25":0,"26":0,"27":0,"28":0,"29":0,"30":0,"31":0,"32":0,"33":0,"34":0,"35":0,"36":0,"37":0,"38":0,"39":0,"40":0,"41":0,"42":0,"43":0,"44":0,"45":0,"46":0,"47":0,"48":0,"49":0,"50":0,"51":0,"52":0,"53":0,"54":0,"55":0,"56":0,"57":0,"58":0,"59":0,"60":0,"61":0,"62":0,"63":0,"64":0,"65":0,"66":0,"67":0,"68":0,"69":0,"70":3,"71":0,"72":0,"73":0,"74":0,"75":0,"76":0,"77":0,"78":0,"79":0,"80":0,"81":0,"82":0,"83":0,"84":0,"85":0,"86":0,"87":0,"88":0,"89":0,"90":0,"91":0,"92":0,"93":0,"94":0,"95":0,"96":0,"97":0,"98":0,"99":0,"100":0,"101":0,"102":0,"103":0,"104":0,"105":0,"106":0,"107":0,"108":0,"109":0,"110":0,"111":0,"112":0,"113":0,"114":0,"115":0,"116":0,"117":0,"118":0,"119":0,"120":0,"121":0,"122":0,"123":0,"124":0,"125":0,"126":0,"127":0,"128":0,"129":0,"130":0,"131":0,"132":0,"133":0,"134":0,"135":0,"136":0,"137":0,"138":0,"139":0,"140":0,"141":0,"142":0,"143":0,"144":0,"145":0,"146":0,"147":0,"148":0,"149":0,"150":0,"151":0,"152":0,"153":0,"154":0,"155":0,"156":0,"157":0,"158":0,"159":0,"160":0,"161":0,"162":0,"163":0,"164":0,"165":0,"166":0,"167":0,"168":0,"169":0,"170":0,"171":0,"172":0,"173":0,"174":3,"175":0,"176":0,"177":0,"178":0,"179":0,"180":0,"181":0,"182":0,"183":0,"184":0,"185":0,"186":0,"187":0,"188":0,"189":0,"190":0,"191":0,"192":0,"193":0,"194":0,"195":0,"196":0,"197":0,"198":0,"199":0,"200":0,"201":0,"202":0,"203":0,"204":0,"205":3,"206":0,"207":0,"208":0,"209":0,"210":0,"211":0,"212":0,"213":0,"214":0,"215":0,"216":0,"217":0,"218":0,"219":0,"220":0,"221":0,"222":0,"223":0,"224":0,"225":0,"226":0,"227":0,"228":0,"229":0,"230":0,"231":0,"232":0,"233":0,"234":0,"235":0,"236":0,"237":0,"238":0,"239":0,"240":0,"241":0,"242":0,"243":0,"244":0,"245":0,"246":0,"247":0,"248":0,"249":3,"250":0,"251":0,"252":0,"253":0,"254":0,"255":0,"256":0,"257":0,"258":0,"259":0,"260":0,"261":0,"262":0,"263":0,"264":0,"265":0,"266":0,"267":0,"268":0,"269":0,"270":0,"271":0,"272":0,"273":0,"274":0,"275":0,"276":0,"277":0,"278":0,"279":0,"280":0,"281":0,"282":0,"283":0,"284":0,"285":0,"286":0,"287":0,"288":0,"289":0,"290":0,"291":0,"292":0,"293":0,"294":0,"295":0,"296":0,"297":0,"298":0,"299":0,"300":0,"301":3,"302":0,"303":0,"304":0,"305":0,"306":0,"307":0,"308":0,"309":0,"310":0,"311":0,"312":0,"313":0,"314":3,"315":0,"316":0,"317":0,"318":0,"319":0,"320":0,"321":0,"322":0,"323":0,"324":0,"325":0,"326":0,"327":0,"328":0,"329":0,"330":0,"331":3,"332":0,"333":0,"334":3,"335":3,"336":1,"337":2,"338":2,"339":1},"f":{"0":4,"1":4,"2":0,"3":0,"4":0,"5":0,"6":0,"7":0,"8":1,"9":2},"b":{"0":[0],"1":[0,4],"2":[4,1],"3":[1,3],"4":[0],"5":[0],"6":[4],"7":[0,4],"8":[1,3],"9":[0,3],"10":[0,0],"11":[0,0],"12":[0,0],"13":[0,0],"14":[0,0],"15":[0,0],"16":[0,0],"17":[0,0],"18":[0,0],"19":[0,0],"20":[0,0],"21":[0,0],"22":[0,0],"23":[0,0],"24":[0,0],"25":[0,0],"26":[0,3],"27":[0,0],"28":[0,0],"29":[0,0],"30":[0,0],"31":[0,0],"32":[0,0],"33":[0,0],"34":[0,0],"35":[0,0],"36":[0,0],"37":[0,0],"38":[0,0],"39":[0,0],"40":[0,0],"41":[0,0],"42":[0,0],"43":[0,0],"44":[0,0],"45":[0,0],"46":[0,0],"47":[0,0],"48":[0,0],"49":[0,0],"50":[0,0],"51":[0,0],"52":[0,0],"53":[0,0],"54":[0,0],"55":[0,0],"56":[0,0],"57":[0,0],"58":[0,0],"59":[0,0],"60":[0,0],"61":[0,0],"62":[0,3],"63":[0,0],"64":[0,0],"65":[0,0],"66":[0,0],"67":[0,0],"68":[0,0],"69":[0,0],"70":[0,0],"71":[0,0],"72":[0,3],"73":[0,0],"74":[0,0],"75":[0,0],"76":[0,0],"77":[0,0],"78":[0,0],"79":[0,0],"80":[0,0],"81":[0,0],"82":[0,0],"83":[0,3],"84":[0,0],"85":[0,0],"86":[0,0],"87":[0,0],"88":[0,0],"89":[0,0],"90":[0,0],"91":[0,0],"92":[0,0],"93":[0,0],"94":[0,0],"95":[0,0],"96":[0,0],"97":[0,3],"98":[0,0],"99":[0,0],"100":[0,0],"101":[0,0],"102":[0,3],"103":[0,0],"104":[0,0],"105":[0,0],"106":[0,0],"107":[0,3],"108":[0]},"_coverageSchema":"1a1c01bbd47fc00a2c39e90264f33305004495a9","hash":"1a99c5e4523ba7e1a7f49dc074a293107eabfe91"}
,"/home/def/Projects/ssd/src/utils/helpers.js": {"path":"/home/def/Projects/ssd/src/utils/helpers.js","statementMap":{"0":{"start":{"line":10,"column":20},"end":{"line":10,"column":44}},"1":{"start":{"line":12,"column":4},"end":{"line":16,"column":5}},"2":{"start":{"line":13,"column":6},"end":{"line":13,"column":49}},"3":{"start":{"line":14,"column":11},"end":{"line":16,"column":5}},"4":{"start":{"line":15,"column":6},"end":{"line":15,"column":36}},"5":{"start":{"line":18,"column":4},"end":{"line":18,"column":27}},"6":{"start":{"line":25,"column":20},"end":{"line":25,"column":41}},"7":{"start":{"line":26,"column":4},"end":{"line":26,"column":31}},"8":{"start":{"line":33,"column":22},"end":{"line":33,"column":32}},"9":{"start":{"line":34,"column":19},"end":{"line":34,"column":58}},"10":{"start":{"line":35,"column":4},"end":{"line":35,"column":54}},"11":{"start":{"line":42,"column":4},"end":{"line":42,"column":88}},"12":{"start":{"line":49,"column":4},"end":{"line":49,"column":92}},"13":{"start":{"line":56,"column":22},"end":{"line":59,"column":6}},"14":{"start":{"line":60,"column":4},"end":{"line":60,"column":36}},"15":{"start":{"line":67,"column":18},"end":{"line":67,"column":28}},"16":{"start":{"line":68,"column":14},"end":{"line":68,"column":61}},"17":{"start":{"line":69,"column":22},"end":{"line":69,"column":63}},"18":{"start":{"line":71,"column":4},"end":{"line":73,"column":5}},"19":{"start":{"line":72,"column":6},"end":{"line":72,"column":12}},"20":{"start":{"line":75,"column":4},"end":{"line":75,"column":15}},"21":{"start":{"line":82,"column":4},"end":{"line":82,"column":39}},"22":{"start":{"line":89,"column":19},"end":{"line":89,"column":33}},"23":{"start":{"line":90,"column":4},"end":{"line":90,"column":44}},"24":{"start":{"line":91,"column":4},"end":{"line":91,"column":18}},"25":{"start":{"line":98,"column":14},"end":{"line":98,"column":28}},"26":{"start":{"line":99,"column":16},"end":{"line":99,"column":52}},"27":{"start":{"line":100,"column":18},"end":{"line":100,"column":59}},"28":{"start":{"line":101,"column":17},"end":{"line":101,"column":32}},"29":{"start":{"line":103,"column":4},"end":{"line":103,"column":37}},"30":{"start":{"line":110,"column":20},"end":{"line":114,"column":5}},"31":{"start":{"line":115,"column":4},"end":{"line":115,"column":33}},"32":{"start":{"line":122,"column":19},"end":{"line":122,"column":21}},"33":{"start":{"line":123,"column":4},"end":{"line":125,"column":5}},"34":{"start":{"line":123,"column":17},"end":{"line":123,"column":18}},"35":{"start":{"line":124,"column":6},"end":{"line":124,"column":44}},"36":{"start":{"line":126,"column":4},"end":{"line":126,"column":18}},"37":{"start":{"line":133,"column":4},"end":{"line":133,"column":59}},"38":{"start":{"line":133,"column":34},"end":{"line":133,"column":57}},"39":{"start":{"line":140,"column":4},"end":{"line":148,"column":5}},"40":{"start":{"line":141,"column":6},"end":{"line":141,"column":24}},"41":{"start":{"line":143,"column":6},"end":{"line":145,"column":7}},"42":{"start":{"line":144,"column":8},"end":{"line":144,"column":20}},"43":{"start":{"line":146,"column":6},"end":{"line":146,"column":30}},"44":{"start":{"line":147,"column":6},"end":{"line":147,"column":48}},"45":{"start":{"line":155,"column":4},"end":{"line":159,"column":5}},"46":{"start":{"line":156,"column":6},"end":{"line":156,"column":29}},"47":{"start":{"line":158,"column":6},"end":{"line":158,"column":22}},"48":{"start":{"line":166,"column":4},"end":{"line":166,"column":43}},"49":{"start":{"line":173,"column":4},"end":{"line":173,"column":59}},"50":{"start":{"line":173,"column":47},"end":{"line":173,"column":59}},"51":{"start":{"line":174,"column":4},"end":{"line":174,"column":70}},"52":{"start":{"line":174,"column":58},"end":{"line":174,"column":70}},"53":{"start":{"line":175,"column":4},"end":{"line":175,"column":64}},"54":{"start":{"line":175,"column":52},"end":{"line":175,"column":64}},"55":{"start":{"line":176,"column":4},"end":{"line":176,"column":82}},"56":{"start":{"line":176,"column":70},"end":{"line":176,"column":82}},"57":{"start":{"line":177,"column":4},"end":{"line":177,"column":17}},"58":{"start":{"line":181,"column":0},"end":{"line":181,"column":25}}},"fnMap":{"0":{"name":"(anonymous_0)","decl":{"start":{"line":9,"column":2},"end":{"line":9,"column":3}},"loc":{"start":{"line":9,"column":34},"end":{"line":19,"column":3}},"line":9},"1":{"name":"(anonymous_1)","decl":{"start":{"line":24,"column":2},"end":{"line":24,"column":3}},"loc":{"start":{"line":24,"column":35},"end":{"line":27,"column":3}},"line":24},"2":{"name":"(anonymous_2)","decl":{"start":{"line":32,"column":2},"end":{"line":32,"column":3}},"loc":{"start":{"line":32,"column":32},"end":{"line":36,"column":3}},"line":32},"3":{"name":"(anonymous_3)","decl":{"start":{"line":41,"column":2},"end":{"line":41,"column":3}},"loc":{"start":{"line":41,"column":34},"end":{"line":43,"column":3}},"line":41},"4":{"name":"(anonymous_4)","decl":{"start":{"line":48,"column":2},"end":{"line":48,"column":3}},"loc":{"start":{"line":48,"column":29},"end":{"line":50,"column":3}},"line":48},"5":{"name":"(anonymous_5)","decl":{"start":{"line":55,"column":2},"end":{"line":55,"column":3}},"loc":{"start":{"line":55,"column":50},"end":{"line":61,"column":3}},"line":55},"6":{"name":"(anonymous_6)","decl":{"start":{"line":66,"column":2},"end":{"line":66,"column":3}},"loc":{"start":{"line":66,"column":35},"end":{"line":76,"column":3}},"line":66},"7":{"name":"(anonymous_7)","decl":{"start":{"line":81,"column":2},"end":{"line":81,"column":3}},"loc":{"start":{"line":81,"column":26},"end":{"line":83,"column":3}},"line":81},"8":{"name":"(anonymous_8)","decl":{"start":{"line":88,"column":2},"end":{"line":88,"column":3}},"loc":{"start":{"line":88,"column":35},"end":{"line":92,"column":3}},"line":88},"9":{"name":"(anonymous_9)","decl":{"start":{"line":97,"column":2},"end":{"line":97,"column":3}},"loc":{"start":{"line":97,"column":49},"end":{"line":104,"column":3}},"line":97},"10":{"name":"(anonymous_10)","decl":{"start":{"line":109,"column":2},"end":{"line":109,"column":3}},"loc":{"start":{"line":109,"column":33},"end":{"line":116,"column":3}},"line":109},"11":{"name":"(anonymous_11)","decl":{"start":{"line":121,"column":2},"end":{"line":121,"column":3}},"loc":{"start":{"line":121,"column":33},"end":{"line":127,"column":3}},"line":121},"12":{"name":"(anonymous_12)","decl":{"start":{"line":132,"column":2},"end":{"line":132,"column":3}},"loc":{"start":{"line":132,"column":19},"end":{"line":134,"column":3}},"line":132},"13":{"name":"(anonymous_13)","decl":{"start":{"line":133,"column":23},"end":{"line":133,"column":24}},"loc":{"start":{"line":133,"column":34},"end":{"line":133,"column":57}},"line":133},"14":{"name":"(anonymous_14)","decl":{"start":{"line":139,"column":2},"end":{"line":139,"column":3}},"loc":{"start":{"line":139,"column":52},"end":{"line":149,"column":3}},"line":139},"15":{"name":"(anonymous_15)","decl":{"start":{"line":154,"column":2},"end":{"line":154,"column":3}},"loc":{"start":{"line":154,"column":45},"end":{"line":160,"column":3}},"line":154},"16":{"name":"(anonymous_16)","decl":{"start":{"line":165,"column":2},"end":{"line":165,"column":3}},"loc":{"start":{"line":165,"column":24},"end":{"line":167,"column":3}},"line":165},"17":{"name":"(anonymous_17)","decl":{"start":{"line":172,"column":2},"end":{"line":172,"column":3}},"loc":{"start":{"line":172,"column":24},"end":{"line":178,"column":3}},"line":172}},"branchMap":{"0":{"loc":{"start":{"line":12,"column":4},"end":{"line":16,"column":5}},"type":"if","locations":[{"start":{"line":12,"column":4},"end":{"line":16,"column":5}},{"start":{"line":14,"column":11},"end":{"line":16,"column":5}}],"line":12},"1":{"loc":{"start":{"line":14,"column":11},"end":{"line":16,"column":5}},"type":"if","locations":[{"start":{"line":14,"column":11},"end":{"line":16,"column":5}},{"start":{},"end":{}}],"line":14},"2":{"loc":{"start":{"line":55,"column":32},"end":{"line":55,"column":48}},"type":"default-arg","locations":[{"start":{"line":55,"column":43},"end":{"line":55,"column":48}}],"line":55},"3":{"loc":{"start":{"line":71,"column":4},"end":{"line":73,"column":5}},"type":"if","locations":[{"start":{"line":71,"column":4},"end":{"line":73,"column":5}},{"start":{},"end":{}}],"line":71},"4":{"loc":{"start":{"line":71,"column":8},"end":{"line":71,"column":85}},"type":"binary-expr","locations":[{"start":{"line":71,"column":8},"end":{"line":71,"column":21}},{"start":{"line":71,"column":26},"end":{"line":71,"column":41}},{"start":{"line":71,"column":45},"end":{"line":71,"column":84}}],"line":71},"5":{"loc":{"start":{"line":97,"column":26},"end":{"line":97,"column":47}},"type":"default-arg","locations":[{"start":{"line":97,"column":35},"end":{"line":97,"column":47}}],"line":97},"6":{"loc":{"start":{"line":115,"column":11},"end":{"line":115,"column":32}},"type":"binary-expr","locations":[{"start":{"line":115,"column":11},"end":{"line":115,"column":26}},{"start":{"line":115,"column":30},"end":{"line":115,"column":32}}],"line":115},"7":{"loc":{"start":{"line":139,"column":25},"end":{"line":139,"column":36}},"type":"default-arg","locations":[{"start":{"line":139,"column":35},"end":{"line":139,"column":36}}],"line":139},"8":{"loc":{"start":{"line":139,"column":38},"end":{"line":139,"column":50}},"type":"default-arg","locations":[{"start":{"line":139,"column":46},"end":{"line":139,"column":50}}],"line":139},"9":{"loc":{"start":{"line":143,"column":6},"end":{"line":145,"column":7}},"type":"if","locations":[{"start":{"line":143,"column":6},"end":{"line":145,"column":7}},{"start":{},"end":{}}],"line":143},"10":{"loc":{"start":{"line":154,"column":28},"end":{"line":154,"column":43}},"type":"default-arg","locations":[{"start":{"line":154,"column":39},"end":{"line":154,"column":43}}],"line":154},"11":{"loc":{"start":{"line":173,"column":4},"end":{"line":173,"column":59}},"type":"if","locations":[{"start":{"line":173,"column":4},"end":{"line":173,"column":59}},{"start":{},"end":{}}],"line":173},"12":{"loc":{"start":{"line":173,"column":8},"end":{"line":173,"column":45}},"type":"binary-expr","locations":[{"start":{"line":173,"column":8},"end":{"line":173,"column":22}},{"start":{"line":173,"column":26},"end":{"line":173,"column":45}}],"line":173},"13":{"loc":{"start":{"line":174,"column":4},"end":{"line":174,"column":70}},"type":"if","locations":[{"start":{"line":174,"column":4},"end":{"line":174,"column":70}},{"start":{},"end":{}}],"line":174},"14":{"loc":{"start":{"line":174,"column":8},"end":{"line":174,"column":56}},"type":"binary-expr","locations":[{"start":{"line":174,"column":8},"end":{"line":174,"column":33}},{"start":{"line":174,"column":37},"end":{"line":174,"column":56}}],"line":174},"15":{"loc":{"start":{"line":175,"column":4},"end":{"line":175,"column":64}},"type":"if","locations":[{"start":{"line":175,"column":4},"end":{"line":175,"column":64}},{"start":{},"end":{}}],"line":175},"16":{"loc":{"start":{"line":175,"column":8},"end":{"line":175,"column":50}},"type":"binary-expr","locations":[{"start":{"line":175,"column":8},"end":{"line":175,"column":28}},{"start":{"line":175,"column":32},"end":{"line":175,"column":50}}],"line":175},"17":{"loc":{"start":{"line":176,"column":4},"end":{"line":176,"column":82}},"type":"if","locations":[{"start":{"line":176,"column":4},"end":{"line":176,"column":82}},{"start":{},"end":{}}],"line":176},"18":{"loc":{"start":{"line":176,"column":8},"end":{"line":176,"column":68}},"type":"binary-expr","locations":[{"start":{"line":176,"column":8},"end":{"line":176,"column":33}},{"start":{"line":176,"column":37},"end":{"line":176,"column":68}}],"line":176}},"s":{"0":2,"1":2,"2":1,"3":1,"4":0,"5":2,"6":4,"7":4,"8":2,"9":2,"10":2,"11":0,"12":0,"13":1,"14":1,"15":0,"16":0,"17":0,"18":0,"19":0,"20":0,"21":0,"22":0,"23":0,"24":0,"25":0,"26":0,"27":0,"28":0,"29":0,"30":0,"31":0,"32":0,"33":0,"34":0,"35":0,"36":0,"37":0,"38":0,"39":0,"40":0,"41":0,"42":0,"43":0,"44":0,"45":0,"46":0,"47":0,"48":0,"49":5,"50":1,"51":4,"52":1,"53":3,"54":1,"55":2,"56":1,"57":1,"58":1},"f":{"0":2,"1":4,"2":2,"3":0,"4":0,"5":1,"6":0,"7":0,"8":0,"9":0,"10":0,"11":0,"12":0,"13":0,"14":0,"15":0,"16":0,"17":5},"b":{"0":[1,1],"1":[0,1],"2":[1],"3":[0,0],"4":[0,0,0],"5":[0],"6":[0,0],"7":[0],"8":[0],"9":[0,0],"10":[0],"11":[1,4],"12":[5,4],"13":[1,3],"14":[4,2],"15":[1,2],"16":[3,1],"17":[1,1],"18":[2,1]},"_coverageSchema":"1a1c01bbd47fc00a2c39e90264f33305004495a9","hash":"193a52bf4b39f3d2532314d2a5c671c4d0f15d81"}
}
