TN:
SF:knexfile.sqlite.js
FNF:0
FNH:0
DA:1,1
DA:3,1
LF:2
LH:2
BRF:0
BRH:0
end_of_record
TN:
SF:src/server.js
FN:30,(anonymous_0)
FN:45,(anonymous_1)
FN:61,(anonymous_2)
FN:69,(anonymous_3)
FN:79,(anonymous_4)
FN:85,(anonymous_5)
FNF:6
FNH:4
FNDA:1,(anonymous_0)
FNDA:1,(anonymous_1)
FNDA:1,(anonymous_2)
FNDA:0,(anonymous_3)
FNDA:1,(anonymous_4)
FNDA:0,(anonymous_5)
DA:1,1
DA:2,1
DA:3,1
DA:4,1
DA:5,1
DA:6,1
DA:9,1
DA:10,1
DA:11,1
DA:12,1
DA:13,1
DA:16,1
DA:19,1
DA:20,1
DA:23,1
DA:26,1
DA:27,1
DA:30,1
DA:31,1
DA:39,1
DA:40,1
DA:41,1
DA:42,1
DA:45,1
DA:46,1
DA:55,1
DA:58,1
DA:61,1
DA:62,1
DA:69,1
DA:70,0
DA:71,0
DA:78,1
DA:79,1
DA:80,1
DA:81,1
DA:85,1
DA:86,0
DA:87,0
DA:88,0
DA:89,0
DA:91,0
DA:92,0
DA:95,1
LF:44
LH:36
BRDA:71,0,0,0
BRDA:71,0,1,0
BRDA:72,1,0,0
BRDA:72,1,1,0
BRDA:73,2,0,0
BRDA:73,2,1,0
BRDA:78,3,0,1
BRDA:78,3,1,0
BRDA:81,4,0,1
BRDA:81,4,1,0
BRDA:86,5,0,0
BRDA:86,5,1,0
BRDA:86,6,0,0
BRDA:86,6,1,0
BRF:14
BRH:2
end_of_record
TN:
SF:src/config/database.js
FNF:0
FNH:0
DA:1,1
DA:2,1
DA:6,1
DA:7,1
DA:8,1
DA:11,0
DA:12,0
DA:16,1
DA:18,1
LF:9
LH:7
BRDA:2,0,0,1
BRDA:2,0,1,0
BRDA:8,1,0,1
BRDA:8,1,1,1
BRDA:12,2,0,0
BRDA:12,2,1,0
BRF:6
BRH:3
end_of_record
TN:
SF:src/controllers/AfricasTalkingController.js
FN:19,(anonymous_0)
FN:92,(anonymous_1)
FN:187,(anonymous_2)
FN:208,(anonymous_3)
FN:209,(anonymous_4)
FN:234,(anonymous_5)
FNF:6
FNH:0
FNDA:0,(anonymous_0)
FNDA:0,(anonymous_1)
FNDA:0,(anonymous_2)
FNDA:0,(anonymous_3)
FNDA:0,(anonymous_4)
FNDA:0,(anonymous_5)
DA:1,1
DA:2,1
DA:3,1
DA:4,1
DA:20,0
DA:23,0
DA:25,0
DA:27,0
DA:28,0
DA:29,0
DA:31,0
DA:34,0
DA:35,0
DA:36,0
DA:40,0
DA:43,0
DA:44,0
DA:46,0
DA:48,0
DA:49,0
DA:58,0
DA:59,0
DA:60,0
DA:62,0
DA:66,0
DA:69,0
DA:79,0
DA:87,0
DA:88,0
DA:89,0
DA:92,0
DA:93,0
DA:94,0
DA:100,0
DA:101,0
DA:105,0
DA:108,0
DA:109,0
DA:110,0
DA:111,0
DA:112,0
DA:113,0
DA:119,0
DA:121,0
DA:123,0
DA:124,0
DA:125,0
DA:126,0
DA:127,0
DA:133,0
DA:134,0
DA:135,0
DA:140,0
DA:144,0
DA:149,0
DA:155,0
DA:156,0
DA:164,0
DA:167,0
DA:168,0
DA:171,0
DA:174,0
DA:179,0
DA:180,0
DA:188,0
DA:189,0
DA:191,0
DA:192,0
DA:196,0
DA:206,0
DA:207,0
DA:210,0
DA:214,0
DA:216,0
DA:223,0
DA:224,0
DA:235,0
DA:236,0
DA:238,0
DA:239,0
DA:242,0
DA:244,0
DA:245,0
DA:248,0
DA:254,0
DA:255,0
DA:263,1
LF:87
LH:5
BRDA:34,0,0,0
BRDA:34,0,1,0
BRDA:46,1,0,0
BRDA:46,1,1,0
BRDA:53,2,0,0
BRDA:53,2,1,0
BRDA:75,3,0,0
BRDA:75,3,1,0
BRDA:87,4,0,0
BRDA:87,4,1,0
BRDA:88,5,0,0
BRDA:88,5,1,0
BRDA:89,6,0,0
BRDA:89,6,1,0
BRDA:93,7,0,0
BRDA:93,7,1,0
BRDA:100,8,0,0
BRDA:100,8,1,0
BRDA:108,9,0,0
BRDA:108,9,1,0
BRDA:110,10,0,0
BRDA:110,10,1,0
BRDA:111,11,0,0
BRDA:111,11,1,0
BRDA:112,12,0,0
BRDA:112,12,1,0
BRDA:112,13,0,0
BRDA:112,13,1,0
BRDA:112,13,2,0
BRDA:112,13,3,0
BRDA:123,14,0,0
BRDA:123,14,1,0
BRDA:125,15,0,0
BRDA:125,15,1,0
BRDA:126,16,0,0
BRDA:126,16,1,0
BRDA:133,17,0,0
BRDA:133,17,1,0
BRDA:134,18,0,0
BRDA:134,18,1,0
BRDA:189,19,0,0
BRDA:191,20,0,0
BRDA:191,20,1,0
BRDA:238,21,0,0
BRDA:238,21,1,0
BRDA:244,22,0,0
BRDA:244,22,1,0
BRF:47
BRH:0
end_of_record
TN:
SF:src/controllers/PaymentController.js
FN:9,(anonymous_0)
FN:53,(anonymous_1)
FN:89,(anonymous_2)
FN:111,(anonymous_3)
FNF:4
FNH:1
FNDA:4,(anonymous_0)
FNDA:0,(anonymous_1)
FNDA:0,(anonymous_2)
FNDA:0,(anonymous_3)
DA:1,1
DA:2,1
DA:3,1
DA:10,4
DA:11,4
DA:13,4
DA:14,1
DA:20,3
DA:21,3
DA:24,2
DA:31,0
DA:42,3
DA:43,3
DA:54,0
DA:56,0
DA:59,0
DA:60,0
DA:61,0
DA:65,0
DA:68,0
DA:70,0
DA:77,0
DA:79,0
DA:82,0
DA:90,0
DA:91,0
DA:93,0
DA:95,0
DA:100,0
DA:101,0
DA:112,0
DA:113,0
DA:114,0
DA:116,0
DA:118,0
DA:123,0
DA:124,0
DA:132,1
LF:38
LH:13
BRDA:13,0,0,1
BRDA:13,0,1,3
BRDA:13,1,0,4
BRDA:13,1,1,3
BRDA:13,1,2,3
BRDA:28,2,0,2
BRDA:28,2,1,0
BRDA:33,3,0,0
BRDA:33,3,1,0
BRDA:59,4,0,0
BRDA:59,4,1,0
BRDA:68,5,0,0
BRDA:68,5,1,0
BRDA:77,6,0,0
BRDA:77,6,1,0
BRDA:77,7,0,0
BRDA:77,7,1,0
BRDA:114,8,0,0
BRDA:114,8,1,0
BRF:19
BRH:6
end_of_record
TN:
SF:src/controllers/USSDController.js
FN:9,(anonymous_0)
FN:122,(anonymous_1)
FN:157,(anonymous_2)
FN:176,(anonymous_3)
FN:226,(anonymous_4)
FNF:5
FNH:3
FNDA:5,(anonymous_0)
FNDA:1,(anonymous_1)
FNDA:4,(anonymous_2)
FNDA:0,(anonymous_3)
FNDA:0,(anonymous_4)
DA:1,1
DA:2,1
DA:3,1
DA:10,5
DA:11,5
DA:13,5
DA:14,1
DA:20,4
DA:22,4
DA:24,3
DA:32,4
DA:33,4
DA:34,0
DA:38,4
DA:48,4
DA:49,0
DA:50,0
DA:51,0
DA:52,0
DA:54,0
DA:55,0
DA:56,0
DA:60,0
DA:65,4
DA:66,0
DA:68,0
DA:69,0
DA:70,0
DA:71,0
DA:74,0
DA:75,0
DA:76,0
DA:78,0
DA:80,0
DA:85,4
DA:88,4
DA:94,4
DA:95,0
DA:98,4
DA:99,4
DA:102,4
DA:105,4
DA:111,0
DA:112,0
DA:123,1
DA:124,1
DA:126,1
DA:128,1
DA:129,1
DA:136,1
DA:140,1
DA:146,0
DA:147,0
DA:158,4
DA:159,4
DA:160,4
DA:165,0
DA:166,0
DA:177,0
DA:178,0
DA:180,0
DA:181,0
DA:187,0
DA:188,0
DA:189,0
DA:192,0
DA:193,0
DA:199,0
DA:202,0
DA:204,0
DA:215,0
DA:216,0
DA:227,0
DA:228,0
DA:230,0
DA:232,0
DA:237,0
DA:238,0
DA:246,1
LF:79
LH:33
BRDA:13,0,0,1
BRDA:13,0,1,4
BRDA:13,1,0,5
BRDA:13,1,1,4
BRDA:22,2,0,3
BRDA:22,2,1,1
BRDA:33,3,0,0
BRDA:33,3,1,4
BRDA:44,4,0,4
BRDA:44,4,1,0
BRDA:48,5,0,0
BRDA:48,5,1,4
BRDA:49,6,0,0
BRDA:49,6,1,0
BRDA:49,6,2,0
BRDA:49,6,3,0
BRDA:50,7,0,0
BRDA:50,7,1,0
BRDA:51,8,0,0
BRDA:51,8,1,0
BRDA:52,9,0,0
BRDA:52,9,1,0
BRDA:55,10,0,0
BRDA:55,10,1,0
BRDA:55,11,0,0
BRDA:55,11,1,0
BRDA:65,12,0,0
BRDA:65,12,1,4
BRDA:66,13,0,0
BRDA:66,13,1,0
BRDA:66,13,2,0
BRDA:66,13,3,0
BRDA:69,14,0,0
BRDA:69,14,1,0
BRDA:78,15,0,0
BRDA:78,15,1,0
BRDA:94,16,0,0
BRDA:94,16,1,4
BRDA:94,17,0,4
BRDA:94,17,1,0
BRDA:95,18,0,0
BRDA:95,18,1,0
BRDA:98,19,0,4
BRDA:98,19,1,0
BRDA:108,20,0,4
BRDA:108,20,1,4
BRDA:128,21,0,1
BRDA:128,21,1,0
BRDA:128,22,0,1
BRDA:128,22,1,0
BRDA:130,23,0,1
BRDA:130,23,1,0
BRDA:131,24,0,1
BRDA:131,24,1,0
BRDA:180,25,0,0
BRDA:180,25,1,0
BRDA:180,26,0,0
BRDA:180,26,1,0
BRDA:180,26,2,0
BRDA:188,27,0,0
BRDA:188,27,1,0
BRDA:192,28,0,0
BRDA:192,28,1,0
BRDA:192,29,0,0
BRDA:192,29,1,0
BRF:65
BRH:19
end_of_record
TN:
SF:src/models/Payment.js
FN:4,(anonymous_0)
FN:8,(anonymous_1)
FN:32,(anonymous_2)
FNF:3
FNH:3
FNDA:10,(anonymous_0)
FNDA:1,(anonymous_1)
FNDA:1,(anonymous_2)
DA:1,1
DA:5,10
DA:9,1
DA:33,1
DA:54,1
LF:5
LH:5
BRF:0
BRH:0
end_of_record
TN:
SF:src/models/Plan.js
FN:4,(anonymous_0)
FN:8,(anonymous_1)
FN:29,(anonymous_2)
FNF:3
FNH:2
FNDA:12,(anonymous_0)
FNDA:1,(anonymous_1)
FNDA:0,(anonymous_2)
DA:1,1
DA:5,12
DA:9,1
DA:30,0
DA:43,1
LF:5
LH:4
BRF:0
BRH:0
end_of_record
TN:
SF:src/models/Policy.js
FN:4,(anonymous_0)
FN:8,(anonymous_1)
FN:29,(anonymous_2)
FNF:3
FNH:0
FNDA:0,(anonymous_0)
FNDA:0,(anonymous_1)
FNDA:0,(anonymous_2)
DA:1,1
DA:5,0
DA:9,0
DA:30,0
DA:59,1
LF:5
LH:2
BRF:0
BRH:0
end_of_record
TN:
SF:src/models/Session.js
FN:4,(anonymous_0)
FN:8,(anonymous_1)
FN:36,(anonymous_2)
FNF:3
FNH:3
FNDA:100,(anonymous_0)
FNDA:1,(anonymous_1)
FNDA:1,(anonymous_2)
DA:1,1
DA:5,100
DA:9,1
DA:37,1
DA:50,1
LF:5
LH:5
BRF:0
BRH:0
end_of_record
TN:
SF:src/models/User.js
FN:7,(anonymous_0)
FN:11,(anonymous_1)
FN:29,(anonymous_2)
FNF:3
FNH:3
FNDA:16,(anonymous_0)
FNDA:1,(anonymous_1)
FNDA:1,(anonymous_2)
DA:1,1
DA:2,1
DA:4,1
DA:8,16
DA:12,1
DA:30,1
DA:59,1
LF:7
LH:7
BRF:0
BRH:0
end_of_record
TN:
SF:src/routes/payments.js
FNF:0
FNH:0
DA:1,1
DA:2,1
DA:4,1
DA:7,1
DA:10,1
DA:13,1
DA:16,1
DA:18,1
LF:8
LH:8
BRF:0
BRH:0
end_of_record
TN:
SF:src/routes/plans.js
FN:6,(anonymous_0)
FNF:1
FNH:0
FNDA:0,(anonymous_0)
DA:1,1
DA:3,1
DA:6,1
DA:7,0
DA:12,1
LF:5
LH:4
BRF:0
BRH:0
end_of_record
TN:
SF:src/routes/users.js
FN:7,(anonymous_0)
FN:14,(anonymous_1)
FNF:2
FNH:0
FNDA:0,(anonymous_0)
FNDA:0,(anonymous_1)
DA:1,1
DA:2,1
DA:4,1
DA:7,1
DA:8,0
DA:14,1
DA:15,0
DA:21,1
LF:8
LH:6
BRF:0
BRH:0
end_of_record
TN:
SF:src/routes/ussd.js
FNF:0
FNH:0
DA:1,1
DA:2,1
DA:3,1
DA:5,1
DA:8,1
DA:12,1
DA:15,1
DA:18,1
DA:21,1
DA:24,1
DA:26,1
LF:11
LH:11
BRF:0
BRH:0
end_of_record
TN:
SF:src/services/AfricasTalkingService.js
FN:8,(anonymous_0)
FN:26,(anonymous_1)
FN:40,(anonymous_2)
FN:70,(anonymous_3)
FN:96,(anonymous_4)
FN:105,(anonymous_5)
FN:122,(anonymous_6)
FN:131,(anonymous_7)
FN:144,(anonymous_8)
FN:151,(anonymous_9)
FN:158,(anonymous_10)
FN:171,(anonymous_11)
FNF:12
FNH:1
FNDA:1,(anonymous_0)
FNDA:0,(anonymous_1)
FNDA:0,(anonymous_2)
FNDA:0,(anonymous_3)
FNDA:0,(anonymous_4)
FNDA:0,(anonymous_5)
FNDA:0,(anonymous_6)
FNDA:0,(anonymous_7)
FNDA:0,(anonymous_8)
FNDA:0,(anonymous_9)
FNDA:0,(anonymous_10)
FNDA:0,(anonymous_11)
DA:1,1
DA:9,1
DA:10,1
DA:11,1
DA:12,1
DA:14,1
DA:27,0
DA:28,0
DA:29,0
DA:31,0
DA:41,0
DA:42,0
DA:43,0
DA:47,0
DA:55,0
DA:56,0
DA:71,0
DA:72,0
DA:74,0
DA:75,0
DA:78,0
DA:86,0
DA:87,0
DA:97,0
DA:98,0
DA:106,0
DA:108,0
DA:111,0
DA:112,0
DA:116,0
DA:124,0
DA:125,0
DA:132,0
DA:133,0
DA:135,0
DA:136,0
DA:138,0
DA:145,0
DA:152,0
DA:159,0
DA:160,0
DA:172,0
DA:182,0
DA:184,0
DA:188,1
LF:45
LH:7
BRDA:10,0,0,1
BRDA:10,0,1,0
BRDA:11,1,0,1
BRDA:11,1,1,0
BRDA:12,2,0,1
BRDA:12,2,1,1
BRDA:27,3,0,0
BRDA:27,3,1,0
BRDA:40,4,0,0
BRDA:42,5,0,0
BRDA:42,5,1,0
BRDA:72,6,0,0
BRDA:72,6,1,0
BRDA:74,7,0,0
BRDA:74,7,1,0
BRDA:74,8,0,0
BRDA:74,8,1,0
BRDA:81,9,0,0
BRDA:81,9,1,0
BRDA:82,10,0,0
BRDA:82,10,1,0
BRDA:96,11,0,0
BRDA:97,12,0,0
BRDA:97,12,1,0
BRDA:106,13,0,0
BRDA:106,13,1,0
BRDA:111,14,0,0
BRDA:111,14,1,0
BRDA:132,15,0,0
BRDA:132,15,1,0
BRDA:135,16,0,0
BRDA:135,16,1,0
BRDA:151,17,0,0
BRF:33
BRH:4
end_of_record
TN:
SF:src/services/DataService.js
FN:12,(anonymous_0)
FN:34,(anonymous_1)
FN:48,(anonymous_2)
FN:83,(anonymous_3)
FN:95,(anonymous_4)
FN:110,(anonymous_5)
FN:135,(anonymous_6)
FN:150,(anonymous_7)
FN:173,(anonymous_8)
FN:194,(anonymous_9)
FN:209,(anonymous_10)
FNF:11
FNH:6
FNDA:1,(anonymous_0)
FNDA:4,(anonymous_1)
FNDA:8,(anonymous_2)
FNDA:4,(anonymous_3)
FNDA:0,(anonymous_4)
FNDA:0,(anonymous_5)
FNDA:0,(anonymous_6)
FNDA:3,(anonymous_7)
FNDA:0,(anonymous_8)
FNDA:0,(anonymous_9)
FNDA:1,(anonymous_10)
DA:1,1
DA:2,1
DA:3,1
DA:4,1
DA:5,1
DA:6,1
DA:13,1
DA:14,1
DA:16,1
DA:17,0
DA:24,1
DA:26,0
DA:27,0
DA:35,4
DA:36,4
DA:40,0
DA:41,0
DA:49,8
DA:50,8
DA:51,8
DA:53,8
DA:55,5
DA:62,5
DA:64,3
DA:72,3
DA:75,0
DA:76,0
DA:84,4
DA:85,4
DA:87,0
DA:88,0
DA:96,0
DA:97,0
DA:102,0
DA:103,0
DA:111,0
DA:112,0
DA:114,0
DA:127,0
DA:128,0
DA:136,0
DA:137,0
DA:142,0
DA:143,0
DA:151,3
DA:152,3
DA:165,1
DA:166,1
DA:174,0
DA:175,0
DA:186,0
DA:187,0
DA:195,0
DA:196,0
DA:201,0
DA:202,0
DA:210,1
DA:211,1
DA:217,0
DA:218,0
DA:223,1
LF:61
LH:29
BRDA:12,0,0,0
BRDA:16,1,0,0
BRDA:16,1,1,1
BRDA:16,2,0,1
BRDA:16,2,1,0
BRDA:48,3,0,0
BRDA:53,4,0,5
BRDA:53,4,1,3
BRDA:180,5,0,0
BRDA:180,5,1,0
BRDA:194,6,0,0
BRF:11
BRH:4
end_of_record
TN:
SF:src/services/MpesaService.js
FN:7,(anonymous_0)
FN:32,(anonymous_1)
FN:79,(anonymous_2)
FN:115,(anonymous_3)
FN:128,(anonymous_4)
FN:130,(anonymous_5)
FN:136,(anonymous_6)
FN:150,(anonymous_7)
FN:151,(anonymous_8)
FN:152,(anonymous_9)
FN:153,(anonymous_10)
FNF:11
FNH:2
FNDA:2,(anonymous_0)
FNDA:2,(anonymous_1)
FNDA:0,(anonymous_2)
FNDA:0,(anonymous_3)
FNDA:0,(anonymous_4)
FNDA:0,(anonymous_5)
FNDA:0,(anonymous_6)
FNDA:0,(anonymous_7)
FNDA:0,(anonymous_8)
FNDA:0,(anonymous_9)
FNDA:0,(anonymous_10)
DA:1,1
DA:8,2
DA:9,2
DA:13,2
DA:22,0
DA:24,2
DA:25,2
DA:33,2
DA:34,2
DA:35,0
DA:37,0
DA:41,0
DA:55,0
DA:65,0
DA:71,2
DA:72,2
DA:80,0
DA:81,0
DA:82,0
DA:84,0
DA:88,0
DA:95,0
DA:105,0
DA:107,0
DA:108,0
DA:116,0
DA:117,0
DA:118,0
DA:119,0
DA:120,0
DA:122,0
DA:129,0
DA:130,0
DA:137,0
DA:138,0
DA:140,0
DA:147,0
DA:149,0
DA:150,0
DA:151,0
DA:152,0
DA:153,0
DA:156,0
DA:158,0
DA:159,0
DA:164,1
LF:46
LH:11
BRDA:117,0,0,0
BRDA:117,0,1,0
BRDA:119,1,0,0
BRDA:119,1,1,0
BRDA:147,2,0,0
BRDA:147,2,1,0
BRF:6
BRH:0
end_of_record
TN:
SF:src/services/PersonalizationEngine.js
FN:7,(anonymous_0)
FN:46,(anonymous_1)
FN:59,(anonymous_2)
FN:86,(anonymous_3)
FN:100,(anonymous_4)
FN:128,(anonymous_5)
FN:146,(anonymous_6)
FNF:7
FNH:3
FNDA:0,(anonymous_0)
FNDA:1,(anonymous_1)
FNDA:1,(anonymous_2)
FNDA:3,(anonymous_3)
FNDA:0,(anonymous_4)
FNDA:0,(anonymous_5)
FNDA:0,(anonymous_6)
DA:1,1
DA:8,0
DA:10,0
DA:12,0
DA:14,0
DA:18,0
DA:20,0
DA:26,0
DA:32,0
DA:38,0
DA:39,0
DA:47,1
DA:48,1
DA:51,1
DA:52,1
DA:60,1
DA:63,1
DA:64,1
DA:65,0
DA:66,1
DA:67,0
DA:71,1
DA:72,0
DA:73,1
DA:74,1
DA:78,1
DA:79,1
DA:80,0
DA:87,3
DA:93,3
DA:94,3
DA:101,0
DA:103,0
DA:106,0
DA:109,0
DA:111,0
DA:120,0
DA:121,0
DA:129,0
DA:131,0
DA:132,0
DA:134,0
DA:135,0
DA:136,0
DA:137,0
DA:140,0
DA:147,0
DA:151,0
DA:153,0
DA:154,0
DA:158,0
DA:159,0
DA:165,0
DA:167,0
DA:168,0
DA:173,1
LF:56
LH:18
BRDA:12,0,0,0
BRDA:12,0,1,0
BRDA:18,1,0,0
BRDA:18,1,1,0
BRDA:18,2,0,0
BRDA:18,2,1,0
BRDA:46,3,0,1
BRDA:47,4,0,1
BRDA:47,4,1,1
BRDA:47,4,2,0
BRDA:51,5,0,1
BRDA:51,5,1,1
BRDA:64,6,0,0
BRDA:64,6,1,1
BRDA:66,7,0,0
BRDA:66,7,1,1
BRDA:71,8,0,0
BRDA:71,8,1,1
BRDA:73,9,0,1
BRDA:73,9,1,0
BRDA:78,10,0,0
BRDA:78,10,1,1
BRDA:79,11,0,1
BRDA:79,11,1,0
BRDA:93,12,0,3
BRDA:93,12,1,0
BRDA:134,13,0,0
BRDA:134,13,1,0
BRDA:136,14,0,0
BRDA:136,14,1,0
BRDA:153,15,0,0
BRDA:153,15,1,0
BRDA:158,16,0,0
BRDA:158,16,1,0
BRF:34
BRH:12
end_of_record
TN:
SF:src/services/USSDService.js
FN:70,(anonymous_0)
FN:78,(anonymous_1)
FN:98,(anonymous_2)
FN:105,(anonymous_3)
FN:126,(anonymous_4)
FN:250,(anonymous_5)
FN:308,(anonymous_6)
FN:348,(anonymous_7)
FN:372,(anonymous_8)
FN:401,(anonymous_9)
FN:409,(anonymous_10)
FN:422,(anonymous_11)
FN:424,(anonymous_12)
FN:433,(anonymous_13)
FN:448,(anonymous_14)
FNF:15
FNH:6
FNDA:0,(anonymous_0)
FNDA:0,(anonymous_1)
FNDA:0,(anonymous_2)
FNDA:0,(anonymous_3)
FNDA:4,(anonymous_4)
FNDA:0,(anonymous_5)
FNDA:0,(anonymous_6)
FNDA:0,(anonymous_7)
FNDA:0,(anonymous_8)
FNDA:2,(anonymous_9)
FNDA:3,(anonymous_10)
FNDA:5,(anonymous_11)
FNDA:5,(anonymous_12)
FNDA:0,(anonymous_13)
FNDA:3,(anonymous_14)
DA:2,1
DA:71,0
DA:79,0
DA:99,0
DA:106,0
DA:127,4
DA:128,4
DA:129,4
DA:132,4
DA:133,0
DA:141,4
DA:143,3
DA:146,0
DA:155,0
DA:162,0
DA:170,0
DA:172,0
DA:173,0
DA:174,0
DA:178,0
DA:188,0
DA:189,0
DA:190,0
DA:191,0
DA:193,0
DA:201,0
DA:202,0
DA:208,0
DA:212,0
DA:213,0
DA:214,0
DA:216,0
DA:217,0
DA:227,0
DA:228,0
DA:236,0
DA:239,1
DA:242,0
DA:243,0
DA:251,0
DA:252,0
DA:255,0
DA:256,0
DA:263,0
DA:265,0
DA:267,0
DA:274,0
DA:277,0
DA:284,0
DA:287,0
DA:290,0
DA:297,0
DA:309,0
DA:310,0
DA:316,0
DA:324,0
DA:325,0
DA:326,0
DA:338,0
DA:349,0
DA:350,0
DA:354,0
DA:361,0
DA:373,0
DA:374,0
DA:378,0
DA:385,0
DA:386,0
DA:387,0
DA:391,0
DA:402,2
DA:403,2
DA:410,3
DA:411,1
DA:412,2
DA:413,1
DA:415,1
DA:423,5
DA:424,5
DA:425,5
DA:426,1
DA:428,4
DA:430,5
DA:434,0
DA:435,0
DA:440,0
DA:449,3
DA:451,3
DA:452,0
DA:453,0
DA:454,0
DA:458,0
DA:459,0
DA:463,3
DA:464,3
DA:466,0
DA:468,0
DA:470,0
DA:472,3
DA:477,0
DA:480,0
DA:481,0
DA:482,0
DA:483,0
DA:484,0
DA:487,0
DA:489,0
DA:491,0
DA:493,0
DA:496,0
DA:498,0
DA:500,0
DA:505,1
LF:113
LH:27
BRDA:126,0,0,0
BRDA:126,1,0,0
BRDA:128,2,0,4
BRDA:128,2,1,4
BRDA:128,2,2,4
BRDA:129,3,0,4
BRDA:129,3,1,0
BRDA:132,4,0,0
BRDA:132,4,1,4
BRDA:132,5,0,4
BRDA:132,5,1,0
BRDA:141,6,0,3
BRDA:141,6,1,0
BRDA:141,6,2,0
BRDA:141,6,3,0
BRDA:141,6,4,0
BRDA:141,6,5,0
BRDA:141,6,6,0
BRDA:141,6,7,0
BRDA:141,6,8,1
BRDA:150,7,0,0
BRDA:150,7,1,0
BRDA:166,8,0,0
BRDA:166,8,1,0
BRDA:166,9,0,0
BRDA:166,9,1,0
BRDA:172,10,0,0
BRDA:172,10,1,0
BRDA:172,11,0,0
BRDA:172,11,1,0
BRDA:173,12,0,0
BRDA:173,12,1,0
BRDA:173,13,0,0
BRDA:173,13,1,0
BRDA:174,14,0,0
BRDA:174,14,1,0
BRDA:190,15,0,0
BRDA:190,15,1,0
BRDA:197,16,0,0
BRDA:197,16,1,0
BRDA:201,17,0,0
BRDA:201,17,1,0
BRDA:213,18,0,0
BRDA:213,18,1,0
BRDA:213,19,0,0
BRDA:213,19,1,0
BRDA:218,20,0,0
BRDA:218,20,1,0
BRDA:223,21,0,0
BRDA:223,21,1,0
BRDA:227,22,0,0
BRDA:227,22,1,0
BRDA:251,23,0,0
BRDA:251,23,1,0
BRDA:255,24,0,0
BRDA:255,24,1,0
BRDA:265,25,0,0
BRDA:265,25,1,0
BRDA:265,25,2,0
BRDA:265,25,3,0
BRDA:265,25,4,0
BRDA:265,25,5,0
BRDA:265,25,6,0
BRDA:309,26,0,0
BRDA:309,26,1,0
BRDA:309,27,0,0
BRDA:309,27,1,0
BRDA:310,28,0,0
BRDA:310,28,1,0
BRDA:326,29,0,0
BRDA:326,29,1,0
BRDA:349,30,0,0
BRDA:349,30,1,0
BRDA:349,31,0,0
BRDA:349,31,1,0
BRDA:349,31,2,0
BRDA:350,32,0,0
BRDA:350,32,1,0
BRDA:373,33,0,0
BRDA:373,33,1,0
BRDA:373,34,0,0
BRDA:373,34,1,0
BRDA:373,34,2,0
BRDA:374,35,0,0
BRDA:374,35,1,0
BRDA:387,36,0,0
BRDA:387,36,1,0
BRDA:401,37,0,0
BRDA:410,38,0,1
BRDA:410,38,1,2
BRDA:412,39,0,1
BRDA:412,39,1,1
BRDA:425,40,0,1
BRDA:425,40,1,4
BRDA:434,41,0,0
BRDA:434,41,1,0
BRDA:440,42,0,0
BRDA:440,42,1,0
BRDA:451,43,0,0
BRDA:451,43,1,3
BRDA:452,44,0,0
BRDA:452,44,1,0
BRDA:458,45,0,0
BRDA:458,45,1,0
BRDA:463,46,0,3
BRDA:463,46,1,0
BRDA:464,47,0,0
BRDA:464,47,1,0
BRDA:464,47,2,0
BRDA:464,47,3,3
BRDA:477,48,0,0
BRDA:477,48,1,0
BRDA:477,48,2,0
BRDA:477,48,3,0
BRDA:477,48,4,0
BRDA:477,48,5,0
BRDA:477,48,6,0
BRDA:477,48,7,0
BRDA:480,49,0,0
BRDA:480,49,1,0
BRDA:481,50,0,0
BRDA:481,50,1,0
BRDA:482,51,0,0
BRDA:482,51,1,0
BRDA:496,52,0,0
BRDA:496,52,1,0
BRF:126
BRH:17
end_of_record
TN:
SF:src/utils/helpers.js
FN:9,(anonymous_0)
FN:24,(anonymous_1)
FN:32,(anonymous_2)
FN:41,(anonymous_3)
FN:48,(anonymous_4)
FN:55,(anonymous_5)
FN:66,(anonymous_6)
FN:81,(anonymous_7)
FN:88,(anonymous_8)
FN:97,(anonymous_9)
FN:109,(anonymous_10)
FN:121,(anonymous_11)
FN:132,(anonymous_12)
FN:133,(anonymous_13)
FN:139,(anonymous_14)
FN:154,(anonymous_15)
FN:165,(anonymous_16)
FN:172,(anonymous_17)
FNF:18
FNH:5
FNDA:2,(anonymous_0)
FNDA:4,(anonymous_1)
FNDA:2,(anonymous_2)
FNDA:0,(anonymous_3)
FNDA:0,(anonymous_4)
FNDA:1,(anonymous_5)
FNDA:0,(anonymous_6)
FNDA:0,(anonymous_7)
FNDA:0,(anonymous_8)
FNDA:0,(anonymous_9)
FNDA:0,(anonymous_10)
FNDA:0,(anonymous_11)
FNDA:0,(anonymous_12)
FNDA:0,(anonymous_13)
FNDA:0,(anonymous_14)
FNDA:0,(anonymous_15)
FNDA:0,(anonymous_16)
FNDA:5,(anonymous_17)
DA:10,2
DA:12,2
DA:13,1
DA:14,1
DA:15,0
DA:18,2
DA:25,4
DA:26,4
DA:33,2
DA:34,2
DA:35,2
DA:42,0
DA:49,0
DA:56,1
DA:60,1
DA:67,0
DA:68,0
DA:69,0
DA:71,0
DA:72,0
DA:75,0
DA:82,0
DA:89,0
DA:90,0
DA:91,0
DA:98,0
DA:99,0
DA:100,0
DA:101,0
DA:103,0
DA:110,0
DA:115,0
DA:122,0
DA:123,0
DA:124,0
DA:126,0
DA:133,0
DA:140,0
DA:141,0
DA:143,0
DA:144,0
DA:146,0
DA:147,0
DA:155,0
DA:156,0
DA:158,0
DA:166,0
DA:173,5
DA:174,4
DA:175,3
DA:176,2
DA:177,1
DA:181,1
LF:53
LH:18
BRDA:12,0,0,1
BRDA:12,0,1,1
BRDA:14,1,0,0
BRDA:14,1,1,1
BRDA:55,2,0,1
BRDA:71,3,0,0
BRDA:71,3,1,0
BRDA:71,4,0,0
BRDA:71,4,1,0
BRDA:71,4,2,0
BRDA:97,5,0,0
BRDA:115,6,0,0
BRDA:115,6,1,0
BRDA:139,7,0,0
BRDA:139,8,0,0
BRDA:143,9,0,0
BRDA:143,9,1,0
BRDA:154,10,0,0
BRDA:173,11,0,1
BRDA:173,11,1,4
BRDA:173,12,0,5
BRDA:173,12,1,4
BRDA:174,13,0,1
BRDA:174,13,1,3
BRDA:174,14,0,4
BRDA:174,14,1,2
BRDA:175,15,0,1
BRDA:175,15,1,2
BRDA:175,16,0,3
BRDA:175,16,1,1
BRDA:176,17,0,1
BRDA:176,17,1,1
BRDA:176,18,0,2
BRDA:176,18,1,1
BRF:34
BRH:20
end_of_record
