TN:
SF:knexfile.sqlite.js
FNF:0
FNH:0
DA:1,1
DA:3,1
LF:2
LH:2
BRF:0
BRH:0
end_of_record
TN:
SF:src/server.js
FN:33,(anonymous_0)
FN:50,(anonymous_1)
FN:66,(anonymous_2)
FN:74,(anonymous_3)
FN:85,(anonymous_4)
FN:91,(anonymous_5)
FNF:6
FNH:0
FNDA:0,(anonymous_0)
FNDA:0,(anonymous_1)
FNDA:0,(anonymous_2)
FNDA:0,(anonymous_3)
FNDA:0,(anonymous_4)
FNDA:0,(anonymous_5)
DA:1,1
DA:2,1
DA:3,1
DA:4,1
DA:5,1
DA:6,1
DA:9,1
DA:10,1
DA:11,1
DA:12,1
DA:13,1
DA:14,1
DA:15,1
DA:16,1
DA:19,1
DA:22,1
DA:23,1
DA:26,1
DA:29,1
DA:30,1
DA:33,1
DA:34,0
DA:42,1
DA:43,1
DA:44,1
DA:45,1
DA:46,1
DA:47,1
DA:50,1
DA:51,0
DA:60,1
DA:63,1
DA:66,1
DA:67,0
DA:74,1
DA:75,0
DA:76,0
DA:83,1
DA:84,1
DA:85,0
DA:86,0
DA:87,0
DA:91,0
DA:92,0
DA:93,0
DA:94,0
DA:95,0
DA:97,0
DA:98,0
DA:102,1
LF:50
LH:35
BRDA:76,0,0,0
BRDA:76,0,1,0
BRDA:77,1,0,0
BRDA:77,1,1,0
BRDA:78,2,0,0
BRDA:78,2,1,0
BRDA:83,3,0,1
BRDA:83,3,1,0
BRDA:84,4,0,0
BRDA:84,4,1,1
BRDA:87,5,0,0
BRDA:87,5,1,0
BRDA:92,6,0,0
BRDA:92,6,1,0
BRDA:92,7,0,0
BRDA:92,7,1,0
BRF:16
BRH:2
end_of_record
TN:
SF:src/config/database.js
FNF:0
FNH:0
DA:1,1
DA:2,1
DA:6,1
DA:7,1
DA:8,1
DA:11,0
DA:12,0
DA:16,1
DA:18,1
LF:9
LH:7
BRDA:2,0,0,1
BRDA:2,0,1,0
BRDA:8,1,0,1
BRDA:8,1,1,1
BRDA:12,2,0,0
BRDA:12,2,1,0
BRF:6
BRH:3
end_of_record
TN:
SF:src/controllers/AfricasTalkingController.js
FN:19,(anonymous_0)
FN:92,(anonymous_1)
FN:199,(anonymous_2)
FN:220,(anonymous_3)
FN:221,(anonymous_4)
FN:246,(anonymous_5)
FNF:6
FNH:1
FNDA:0,(anonymous_0)
FNDA:0,(anonymous_1)
FNDA:0,(anonymous_2)
FNDA:0,(anonymous_3)
FNDA:0,(anonymous_4)
FNDA:1,(anonymous_5)
DA:1,1
DA:2,1
DA:3,1
DA:4,1
DA:20,0
DA:23,0
DA:25,0
DA:27,0
DA:28,0
DA:29,0
DA:31,0
DA:34,0
DA:35,0
DA:36,0
DA:40,0
DA:43,0
DA:44,0
DA:46,0
DA:48,0
DA:49,0
DA:58,0
DA:59,0
DA:60,0
DA:62,0
DA:66,0
DA:69,0
DA:79,0
DA:87,0
DA:88,0
DA:89,0
DA:92,0
DA:93,0
DA:94,0
DA:100,0
DA:101,0
DA:105,0
DA:108,0
DA:109,0
DA:110,0
DA:111,0
DA:112,0
DA:113,0
DA:119,0
DA:121,0
DA:123,0
DA:124,0
DA:125,0
DA:126,0
DA:127,0
DA:133,0
DA:134,0
DA:135,0
DA:140,0
DA:144,0
DA:149,0
DA:155,0
DA:156,0
DA:164,0
DA:167,0
DA:168,0
DA:171,0
DA:174,0
DA:175,0
DA:176,0
DA:177,0
DA:184,0
DA:188,0
DA:189,0
DA:191,0
DA:192,0
DA:200,0
DA:201,0
DA:203,0
DA:204,0
DA:208,0
DA:218,0
DA:219,0
DA:222,0
DA:226,0
DA:228,0
DA:235,0
DA:236,0
DA:247,1
DA:248,1
DA:250,1
DA:251,0
DA:254,1
DA:256,1
DA:257,1
DA:260,0
DA:266,0
DA:267,0
DA:275,1
LF:93
LH:11
BRDA:34,0,0,0
BRDA:34,0,1,0
BRDA:46,1,0,0
BRDA:46,1,1,0
BRDA:53,2,0,0
BRDA:53,2,1,0
BRDA:75,3,0,0
BRDA:75,3,1,0
BRDA:87,4,0,0
BRDA:87,4,1,0
BRDA:88,5,0,0
BRDA:88,5,1,0
BRDA:89,6,0,0
BRDA:89,6,1,0
BRDA:93,7,0,0
BRDA:93,7,1,0
BRDA:100,8,0,0
BRDA:100,8,1,0
BRDA:108,9,0,0
BRDA:108,9,1,0
BRDA:110,10,0,0
BRDA:110,10,1,0
BRDA:111,11,0,0
BRDA:111,11,1,0
BRDA:112,12,0,0
BRDA:112,12,1,0
BRDA:112,13,0,0
BRDA:112,13,1,0
BRDA:112,13,2,0
BRDA:112,13,3,0
BRDA:123,14,0,0
BRDA:123,14,1,0
BRDA:125,15,0,0
BRDA:125,15,1,0
BRDA:126,16,0,0
BRDA:126,16,1,0
BRDA:133,17,0,0
BRDA:133,17,1,0
BRDA:134,18,0,0
BRDA:134,18,1,0
BRDA:175,19,0,0
BRDA:175,19,1,0
BRDA:175,20,0,0
BRDA:175,20,1,0
BRDA:201,21,0,0
BRDA:203,22,0,0
BRDA:203,22,1,0
BRDA:250,23,0,0
BRDA:250,23,1,1
BRDA:256,24,0,1
BRDA:256,24,1,0
BRF:51
BRH:2
end_of_record
TN:
SF:src/controllers/AnalyticsController.js
FN:10,(anonymous_0)
FN:36,(anonymous_1)
FN:37,(anonymous_2)
FNF:3
FNH:3
FNDA:1,(anonymous_0)
FNDA:1,(anonymous_1)
FNDA:2,(anonymous_2)
DA:1,1
DA:2,1
DA:3,1
DA:4,1
DA:11,1
DA:13,1
DA:14,1
DA:15,1
DA:17,1
DA:22,1
DA:25,1
DA:26,1
DA:28,1
DA:33,1
DA:37,2
DA:45,1
DA:50,1
DA:65,0
DA:66,0
DA:71,1
LF:20
LH:18
BRDA:22,0,0,1
BRDA:22,0,1,1
BRDA:40,1,0,2
BRDA:40,1,1,0
BRF:4
BRH:3
end_of_record
TN:
SF:src/controllers/PaymentController.js
FN:9,(anonymous_0)
FN:61,(anonymous_1)
FN:97,(anonymous_2)
FN:119,(anonymous_3)
FNF:4
FNH:0
FNDA:0,(anonymous_0)
FNDA:0,(anonymous_1)
FNDA:0,(anonymous_2)
FNDA:0,(anonymous_3)
DA:1,1
DA:2,1
DA:3,1
DA:10,0
DA:11,0
DA:13,0
DA:14,0
DA:20,0
DA:21,0
DA:24,0
DA:32,0
DA:33,0
DA:35,0
DA:36,0
DA:39,0
DA:50,0
DA:51,0
DA:62,0
DA:64,0
DA:67,0
DA:68,0
DA:69,0
DA:73,0
DA:76,0
DA:78,0
DA:85,0
DA:87,0
DA:90,0
DA:98,0
DA:99,0
DA:101,0
DA:103,0
DA:108,0
DA:109,0
DA:120,0
DA:121,0
DA:122,0
DA:124,0
DA:126,0
DA:131,0
DA:132,0
DA:140,1
LF:42
LH:4
BRDA:13,0,0,0
BRDA:13,0,1,0
BRDA:13,1,0,0
BRDA:13,1,1,0
BRDA:13,1,2,0
BRDA:28,2,0,0
BRDA:28,2,1,0
BRDA:32,3,0,0
BRDA:32,3,1,0
BRDA:32,4,0,0
BRDA:32,4,1,0
BRDA:33,5,0,0
BRDA:33,5,1,0
BRDA:33,6,0,0
BRDA:33,6,1,0
BRDA:35,7,0,0
BRDA:35,7,1,0
BRDA:35,8,0,0
BRDA:35,8,1,0
BRDA:41,9,0,0
BRDA:41,9,1,0
BRDA:67,10,0,0
BRDA:67,10,1,0
BRDA:76,11,0,0
BRDA:76,11,1,0
BRDA:85,12,0,0
BRDA:85,12,1,0
BRDA:85,13,0,0
BRDA:85,13,1,0
BRDA:122,14,0,0
BRDA:122,14,1,0
BRF:31
BRH:0
end_of_record
TN:
SF:src/controllers/PolicyController.js
FN:7,(anonymous_0)
FN:31,(anonymous_1)
FNF:2
FNH:0
FNDA:0,(anonymous_0)
FNDA:0,(anonymous_1)
DA:1,1
DA:8,0
DA:9,0
DA:10,0
DA:12,0
DA:13,0
DA:16,0
DA:18,0
DA:23,0
DA:24,0
DA:32,0
DA:33,0
DA:34,0
DA:36,0
DA:41,0
DA:42,0
DA:47,1
LF:17
LH:2
BRDA:12,0,0,0
BRDA:12,0,1,0
BRDA:12,1,0,0
BRDA:12,1,1,0
BRF:4
BRH:0
end_of_record
TN:
SF:src/controllers/USSDController.js
FN:15,(anonymous_0)
FN:44,(anonymous_1)
FN:79,(anonymous_2)
FN:98,(anonymous_3)
FN:148,(anonymous_4)
FNF:5
FNH:1
FNDA:0,(anonymous_0)
FNDA:0,(anonymous_1)
FNDA:0,(anonymous_2)
FNDA:0,(anonymous_3)
FNDA:1,(anonymous_4)
DA:1,1
DA:2,1
DA:3,1
DA:6,1
DA:7,1
DA:8,1
DA:9,1
DA:16,0
DA:17,0
DA:19,0
DA:20,0
DA:23,0
DA:26,0
DA:27,0
DA:33,0
DA:34,0
DA:36,0
DA:37,0
DA:45,0
DA:46,0
DA:48,0
DA:50,0
DA:51,0
DA:58,0
DA:62,0
DA:68,0
DA:69,0
DA:80,0
DA:81,0
DA:82,0
DA:87,0
DA:88,0
DA:99,0
DA:100,0
DA:102,0
DA:103,0
DA:109,0
DA:110,0
DA:111,0
DA:114,0
DA:115,0
DA:121,0
DA:124,0
DA:126,0
DA:137,0
DA:138,0
DA:149,1
DA:150,1
DA:152,1
DA:154,1
DA:159,0
DA:160,0
DA:168,1
LF:53
LH:12
BRDA:17,0,0,0
BRDA:19,1,0,0
BRDA:19,1,1,0
BRDA:19,2,0,0
BRDA:19,2,1,0
BRDA:26,3,0,0
BRDA:26,3,1,0
BRDA:29,4,0,0
BRDA:29,4,1,0
BRDA:50,5,0,0
BRDA:50,5,1,0
BRDA:50,6,0,0
BRDA:50,6,1,0
BRDA:52,7,0,0
BRDA:52,7,1,0
BRDA:53,8,0,0
BRDA:53,8,1,0
BRDA:102,9,0,0
BRDA:102,9,1,0
BRDA:102,10,0,0
BRDA:102,10,1,0
BRDA:102,10,2,0
BRDA:110,11,0,0
BRDA:110,11,1,0
BRDA:114,12,0,0
BRDA:114,12,1,0
BRDA:114,13,0,0
BRDA:114,13,1,0
BRF:28
BRH:0
end_of_record
TN:
SF:src/controllers/UserController.js
FN:10,(anonymous_0)
FN:54,(anonymous_1)
FN:97,(anonymous_2)
FNF:3
FNH:0
FNDA:0,(anonymous_0)
FNDA:0,(anonymous_1)
FNDA:0,(anonymous_2)
DA:1,1
DA:2,1
DA:3,1
DA:4,1
DA:11,0
DA:12,0
DA:14,0
DA:15,0
DA:19,0
DA:22,0
DA:23,0
DA:24,0
DA:25,0
DA:26,0
DA:28,0
DA:29,0
DA:32,0
DA:33,0
DA:36,0
DA:38,0
DA:46,0
DA:47,0
DA:55,0
DA:56,0
DA:58,0
DA:59,0
DA:62,0
DA:63,0
DA:64,0
DA:68,0
DA:69,0
DA:70,0
DA:71,0
DA:73,0
DA:76,0
DA:79,0
DA:81,0
DA:89,0
DA:90,0
DA:98,0
DA:99,0
DA:100,0
DA:102,0
DA:103,0
DA:106,0
DA:111,0
DA:112,0
DA:117,1
LF:48
LH:5
BRDA:14,0,0,0
BRDA:14,0,1,0
BRDA:14,1,0,0
BRDA:14,1,1,0
BRDA:23,2,0,0
BRDA:23,2,1,0
BRDA:24,3,0,0
BRDA:24,3,1,0
BRDA:25,4,0,0
BRDA:25,4,1,0
BRDA:26,5,0,0
BRDA:26,5,1,0
BRDA:28,6,0,0
BRDA:28,6,1,0
BRDA:32,7,0,0
BRDA:32,7,1,0
BRDA:58,8,0,0
BRDA:58,8,1,0
BRDA:63,9,0,0
BRDA:63,9,1,0
BRDA:68,10,0,0
BRDA:68,10,1,0
BRDA:68,11,0,0
BRDA:68,11,1,0
BRDA:70,12,0,0
BRDA:70,12,1,0
BRDA:73,13,0,0
BRDA:73,13,1,0
BRDA:102,14,0,0
BRDA:102,14,1,0
BRF:30
BRH:0
end_of_record
TN:
SF:src/middleware/auth.js
FN:7,(anonymous_0)
FN:30,(anonymous_1)
FN:58,(anonymous_2)
FN:84,(anonymous_3)
FN:95,(anonymous_4)
FNF:5
FNH:4
FNDA:9,(anonymous_0)
FNDA:3,(anonymous_1)
FNDA:3,(anonymous_2)
FNDA:3,(anonymous_3)
FNDA:0,(anonymous_4)
DA:1,1
DA:8,9
DA:9,9
DA:11,9
DA:12,3
DA:17,6
DA:18,6
DA:19,6
DA:21,0
DA:31,3
DA:33,3
DA:34,2
DA:37,1
DA:38,1
DA:40,1
DA:41,1
DA:47,0
DA:48,0
DA:50,0
DA:51,0
DA:59,3
DA:60,3
DA:61,3
DA:62,3
DA:63,3
DA:66,3
DA:69,3
DA:70,2
DA:75,1
DA:77,0
DA:85,3
DA:96,0
DA:97,0
DA:99,0
DA:104,1
LF:35
LH:26
BRDA:11,0,0,3
BRDA:11,0,1,6
BRDA:33,1,0,2
BRDA:33,1,1,1
BRDA:33,2,0,3
BRDA:33,2,1,3
BRDA:40,3,0,1
BRDA:40,3,1,0
BRDA:40,4,0,1
BRDA:40,4,1,0
BRDA:66,5,0,3
BRDA:66,5,1,2
BRDA:66,5,2,2
BRDA:66,5,3,1
BRDA:69,6,0,2
BRDA:69,6,1,1
BRDA:69,7,0,3
BRDA:69,7,1,2
BRDA:84,8,0,0
BRDA:88,9,0,3
BRDA:88,9,1,0
BRF:21
BRH:17
end_of_record
TN:
SF:src/middleware/validation.js
FN:7,(anonymous_0)
FN:29,(anonymous_1)
FN:53,(anonymous_2)
FN:76,(anonymous_3)
FNF:4
FNH:0
FNDA:0,(anonymous_0)
FNDA:0,(anonymous_1)
FNDA:0,(anonymous_2)
FNDA:0,(anonymous_3)
DA:1,1
DA:8,0
DA:14,0
DA:16,0
DA:17,0
DA:23,0
DA:30,0
DA:38,0
DA:40,0
DA:41,0
DA:47,0
DA:54,0
DA:61,0
DA:63,0
DA:64,0
DA:70,0
DA:77,0
DA:83,0
DA:85,0
DA:86,0
DA:92,0
DA:96,1
LF:22
LH:2
BRDA:16,0,0,0
BRDA:16,0,1,0
BRDA:40,1,0,0
BRDA:40,1,1,0
BRDA:63,2,0,0
BRDA:63,2,1,0
BRDA:85,3,0,0
BRDA:85,3,1,0
BRF:8
BRH:0
end_of_record
TN:
SF:src/models/Payment.js
FN:4,(anonymous_0)
FN:8,(anonymous_1)
FN:32,(anonymous_2)
FNF:3
FNH:3
FNDA:12,(anonymous_0)
FNDA:1,(anonymous_1)
FNDA:1,(anonymous_2)
DA:1,1
DA:5,12
DA:9,1
DA:33,1
DA:54,1
LF:5
LH:5
BRF:0
BRH:0
end_of_record
TN:
SF:src/models/Plan.js
FN:4,(anonymous_0)
FN:8,(anonymous_1)
FN:29,(anonymous_2)
FNF:3
FNH:3
FNDA:13,(anonymous_0)
FNDA:1,(anonymous_1)
FNDA:1,(anonymous_2)
DA:1,1
DA:5,13
DA:9,1
DA:30,1
DA:43,1
LF:5
LH:5
BRF:0
BRH:0
end_of_record
TN:
SF:src/models/Policy.js
FN:4,(anonymous_0)
FN:8,(anonymous_1)
FN:29,(anonymous_2)
FNF:3
FNH:3
FNDA:28,(anonymous_0)
FNDA:1,(anonymous_1)
FNDA:1,(anonymous_2)
DA:1,1
DA:5,28
DA:9,1
DA:30,1
DA:59,1
LF:5
LH:5
BRF:0
BRH:0
end_of_record
TN:
SF:src/models/Session.js
FN:4,(anonymous_0)
FN:8,(anonymous_1)
FN:36,(anonymous_2)
FNF:3
FNH:3
FNDA:10,(anonymous_0)
FNDA:1,(anonymous_1)
FNDA:1,(anonymous_2)
DA:1,1
DA:5,10
DA:9,1
DA:37,1
DA:50,1
LF:5
LH:5
BRF:0
BRH:0
end_of_record
TN:
SF:src/models/User.js
FN:7,(anonymous_0)
FN:11,(anonymous_1)
FN:32,(anonymous_2)
FNF:3
FNH:2
FNDA:26,(anonymous_0)
FNDA:1,(anonymous_1)
FNDA:0,(anonymous_2)
DA:1,1
DA:2,1
DA:4,1
DA:8,26
DA:12,1
DA:33,0
DA:62,1
LF:7
LH:6
BRF:0
BRH:0
end_of_record
TN:
SF:src/routes/analytics.js
FNF:0
FNH:0
DA:1,1
DA:2,1
DA:3,1
DA:5,1
DA:8,1
DA:10,1
LF:6
LH:6
BRF:0
BRH:0
end_of_record
TN:
SF:src/routes/payments.js
FNF:0
FNH:0
DA:1,1
DA:2,1
DA:3,1
DA:4,1
DA:6,1
DA:9,1
DA:12,1
DA:15,1
DA:18,1
DA:20,1
LF:10
LH:10
BRF:0
BRH:0
end_of_record
TN:
SF:src/routes/plans.js
FN:7,(anonymous_0)
FNF:1
FNH:0
FNDA:0,(anonymous_0)
DA:1,1
DA:2,1
DA:4,1
DA:7,1
DA:8,0
DA:9,0
DA:10,0
DA:15,0
DA:16,0
DA:20,1
LF:10
LH:5
BRF:0
BRH:0
end_of_record
TN:
SF:src/routes/policies.js
FNF:0
FNH:0
DA:1,1
DA:2,1
DA:3,1
DA:5,1
DA:8,1
DA:11,1
DA:13,1
LF:7
LH:7
BRF:0
BRH:0
end_of_record
TN:
SF:src/routes/users.js
FNF:0
FNH:0
DA:1,1
DA:2,1
DA:3,1
DA:5,1
DA:8,1
DA:9,1
DA:12,1
DA:14,1
LF:8
LH:8
BRF:0
BRH:0
end_of_record
TN:
SF:src/routes/ussd.js
FNF:0
FNH:0
DA:1,1
DA:2,1
DA:3,1
DA:4,1
DA:5,1
DA:7,1
DA:10,1
DA:14,1
DA:17,1
DA:20,1
DA:23,1
DA:26,1
DA:28,1
LF:13
LH:13
BRF:0
BRH:0
end_of_record
TN:
SF:src/services/AfricasTalkingService.js
FN:8,(anonymous_0)
FN:26,(anonymous_1)
FN:40,(anonymous_2)
FN:70,(anonymous_3)
FN:96,(anonymous_4)
FN:105,(anonymous_5)
FN:122,(anonymous_6)
FN:131,(anonymous_7)
FN:144,(anonymous_8)
FN:151,(anonymous_9)
FN:158,(anonymous_10)
FN:171,(anonymous_11)
FNF:12
FNH:1
FNDA:1,(anonymous_0)
FNDA:0,(anonymous_1)
FNDA:0,(anonymous_2)
FNDA:0,(anonymous_3)
FNDA:0,(anonymous_4)
FNDA:0,(anonymous_5)
FNDA:0,(anonymous_6)
FNDA:0,(anonymous_7)
FNDA:0,(anonymous_8)
FNDA:0,(anonymous_9)
FNDA:0,(anonymous_10)
FNDA:0,(anonymous_11)
DA:1,1
DA:9,1
DA:10,1
DA:11,1
DA:12,1
DA:14,1
DA:27,0
DA:28,0
DA:29,0
DA:31,0
DA:41,0
DA:42,0
DA:43,0
DA:47,0
DA:55,0
DA:56,0
DA:71,0
DA:72,0
DA:74,0
DA:75,0
DA:78,0
DA:86,0
DA:87,0
DA:97,0
DA:98,0
DA:106,0
DA:108,0
DA:111,0
DA:112,0
DA:116,0
DA:124,0
DA:125,0
DA:132,0
DA:133,0
DA:135,0
DA:136,0
DA:138,0
DA:145,0
DA:152,0
DA:159,0
DA:160,0
DA:172,0
DA:182,0
DA:184,0
DA:188,1
LF:45
LH:7
BRDA:10,0,0,1
BRDA:10,0,1,0
BRDA:11,1,0,1
BRDA:11,1,1,0
BRDA:12,2,0,1
BRDA:12,2,1,1
BRDA:27,3,0,0
BRDA:27,3,1,0
BRDA:40,4,0,0
BRDA:42,5,0,0
BRDA:42,5,1,0
BRDA:72,6,0,0
BRDA:72,6,1,0
BRDA:74,7,0,0
BRDA:74,7,1,0
BRDA:74,8,0,0
BRDA:74,8,1,0
BRDA:81,9,0,0
BRDA:81,9,1,0
BRDA:82,10,0,0
BRDA:82,10,1,0
BRDA:96,11,0,0
BRDA:97,12,0,0
BRDA:97,12,1,0
BRDA:106,13,0,0
BRDA:106,13,1,0
BRDA:111,14,0,0
BRDA:111,14,1,0
BRDA:132,15,0,0
BRDA:132,15,1,0
BRDA:135,16,0,0
BRDA:135,16,1,0
BRDA:151,17,0,0
BRDA:177,18,0,0
BRDA:177,18,1,0
BRF:35
BRH:4
end_of_record
TN:
SF:src/services/DataService.js
FN:12,(anonymous_0)
FN:34,(anonymous_1)
FN:48,(anonymous_2)
FN:62,(anonymous_3)
FN:97,(anonymous_4)
FN:109,(anonymous_5)
FN:124,(anonymous_6)
FN:149,(anonymous_7)
FN:164,(anonymous_8)
FN:187,(anonymous_9)
FN:198,(anonymous_10)
FN:213,(anonymous_11)
FN:232,(anonymous_12)
FN:247,(anonymous_13)
FNF:14
FNH:2
FNDA:0,(anonymous_0)
FNDA:0,(anonymous_1)
FNDA:1,(anonymous_2)
FNDA:0,(anonymous_3)
FNDA:0,(anonymous_4)
FNDA:0,(anonymous_5)
FNDA:0,(anonymous_6)
FNDA:1,(anonymous_7)
FNDA:0,(anonymous_8)
FNDA:0,(anonymous_9)
FNDA:0,(anonymous_10)
FNDA:0,(anonymous_11)
FNDA:0,(anonymous_12)
FNDA:0,(anonymous_13)
DA:1,1
DA:2,1
DA:3,1
DA:4,1
DA:5,1
DA:6,1
DA:13,0
DA:14,0
DA:16,0
DA:17,0
DA:24,0
DA:26,0
DA:27,0
DA:35,0
DA:36,0
DA:40,0
DA:41,0
DA:49,1
DA:50,1
DA:54,0
DA:55,0
DA:63,0
DA:64,0
DA:65,0
DA:67,0
DA:69,0
DA:76,0
DA:78,0
DA:86,0
DA:89,0
DA:90,0
DA:98,0
DA:99,0
DA:101,0
DA:102,0
DA:110,0
DA:111,0
DA:116,0
DA:117,0
DA:125,0
DA:126,0
DA:128,0
DA:141,0
DA:142,0
DA:150,1
DA:151,1
DA:156,0
DA:157,0
DA:165,0
DA:166,0
DA:179,0
DA:180,0
DA:188,0
DA:190,0
DA:198,0
DA:199,0
DA:203,0
DA:205,0
DA:206,0
DA:214,0
DA:215,0
DA:216,0
DA:217,0
DA:218,0
DA:220,0
DA:222,0
DA:224,0
DA:225,0
DA:233,0
DA:234,0
DA:239,0
DA:240,0
DA:248,0
DA:249,0
DA:250,0
DA:252,0
DA:253,0
DA:258,1
LF:78
LH:11
BRDA:12,0,0,0
BRDA:16,1,0,0
BRDA:16,1,1,0
BRDA:16,2,0,0
BRDA:16,2,1,0
BRDA:62,3,0,0
BRDA:67,4,0,0
BRDA:67,4,1,0
BRDA:194,5,0,0
BRDA:194,5,1,0
BRDA:216,6,0,0
BRDA:216,6,1,0
BRDA:217,7,0,0
BRDA:217,7,1,0
BRDA:232,8,0,0
BRF:15
BRH:0
end_of_record
TN:
SF:src/services/MpesaService.js
FN:7,(anonymous_0)
FN:32,(anonymous_1)
FN:79,(anonymous_2)
FN:115,(anonymous_3)
FN:128,(anonymous_4)
FN:130,(anonymous_5)
FN:136,(anonymous_6)
FN:150,(anonymous_7)
FN:151,(anonymous_8)
FN:152,(anonymous_9)
FN:153,(anonymous_10)
FNF:11
FNH:0
FNDA:0,(anonymous_0)
FNDA:0,(anonymous_1)
FNDA:0,(anonymous_2)
FNDA:0,(anonymous_3)
FNDA:0,(anonymous_4)
FNDA:0,(anonymous_5)
FNDA:0,(anonymous_6)
FNDA:0,(anonymous_7)
FNDA:0,(anonymous_8)
FNDA:0,(anonymous_9)
FNDA:0,(anonymous_10)
DA:1,1
DA:8,0
DA:9,0
DA:13,0
DA:22,0
DA:24,0
DA:25,0
DA:33,0
DA:34,0
DA:35,0
DA:37,0
DA:41,0
DA:55,0
DA:65,0
DA:71,0
DA:72,0
DA:80,0
DA:81,0
DA:82,0
DA:84,0
DA:88,0
DA:95,0
DA:105,0
DA:107,0
DA:108,0
DA:116,0
DA:117,0
DA:118,0
DA:119,0
DA:120,0
DA:122,0
DA:129,0
DA:130,0
DA:137,0
DA:138,0
DA:140,0
DA:147,0
DA:149,0
DA:150,0
DA:151,0
DA:152,0
DA:153,0
DA:156,0
DA:158,0
DA:159,0
DA:164,1
LF:46
LH:2
BRDA:117,0,0,0
BRDA:117,0,1,0
BRDA:119,1,0,0
BRDA:119,1,1,0
BRDA:147,2,0,0
BRDA:147,2,1,0
BRF:6
BRH:0
end_of_record
TN:
SF:src/services/USSDService.js
FN:12,(anonymous_0)
FN:31,(anonymous_1)
FN:273,(anonymous_2)
FN:317,(anonymous_3)
FN:373,(anonymous_4)
FN:388,(anonymous_5)
FN:448,(anonymous_6)
FN:449,(anonymous_7)
FN:468,(anonymous_8)
FN:471,(anonymous_9)
FN:474,(anonymous_10)
FN:480,(anonymous_11)
FNF:12
FNH:0
FNDA:0,(anonymous_0)
FNDA:0,(anonymous_1)
FNDA:0,(anonymous_2)
FNDA:0,(anonymous_3)
FNDA:0,(anonymous_4)
FNDA:0,(anonymous_5)
FNDA:0,(anonymous_6)
FNDA:0,(anonymous_7)
FNDA:0,(anonymous_8)
FNDA:0,(anonymous_9)
FNDA:0,(anonymous_10)
FNDA:0,(anonymous_11)
DA:4,1
DA:5,1
DA:13,0
DA:16,0
DA:17,0
DA:18,0
DA:24,0
DA:25,0
DA:26,0
DA:28,0
DA:31,0
DA:32,0
DA:33,0
DA:34,0
DA:38,0
DA:39,0
DA:40,0
DA:44,0
DA:45,0
DA:46,0
DA:47,0
DA:50,0
DA:51,0
DA:52,0
DA:53,0
DA:54,0
DA:55,0
DA:56,0
DA:57,0
DA:58,0
DA:59,0
DA:60,0
DA:61,0
DA:62,0
DA:63,0
DA:64,0
DA:65,0
DA:66,0
DA:67,0
DA:68,0
DA:69,0
DA:70,0
DA:71,0
DA:72,0
DA:73,0
DA:74,0
DA:75,0
DA:81,0
DA:82,0
DA:84,0
DA:85,0
DA:90,0
DA:91,0
DA:92,0
DA:93,0
DA:94,0
DA:95,0
DA:96,0
DA:97,0
DA:98,0
DA:99,0
DA:100,0
DA:101,0
DA:102,0
DA:103,0
DA:105,0
DA:106,0
DA:110,0
DA:111,0
DA:112,0
DA:117,0
DA:118,0
DA:119,0
DA:120,0
DA:121,0
DA:122,0
DA:123,0
DA:124,0
DA:125,0
DA:126,0
DA:128,0
DA:129,0
DA:130,0
DA:134,0
DA:135,0
DA:136,0
DA:137,0
DA:138,0
DA:139,0
DA:144,0
DA:145,0
DA:146,0
DA:147,0
DA:148,0
DA:149,0
DA:150,0
DA:151,0
DA:152,0
DA:153,0
DA:154,0
DA:155,0
DA:156,0
DA:157,0
DA:158,0
DA:159,0
DA:161,0
DA:162,0
DA:164,0
DA:165,0
DA:166,0
DA:167,0
DA:171,0
DA:172,0
DA:174,0
DA:175,0
DA:176,0
DA:177,0
DA:178,0
DA:179,0
DA:184,0
DA:185,0
DA:186,0
DA:187,0
DA:188,0
DA:189,0
DA:194,0
DA:195,0
DA:196,0
DA:197,0
DA:198,0
DA:199,0
DA:201,0
DA:202,0
DA:204,0
DA:205,0
DA:209,0
DA:210,0
DA:211,0
DA:212,0
DA:213,0
DA:214,0
DA:215,0
DA:216,0
DA:217,0
DA:218,0
DA:219,0
DA:220,0
DA:221,0
DA:222,0
DA:223,0
DA:224,0
DA:225,0
DA:226,0
DA:227,0
DA:228,0
DA:229,0
DA:230,0
DA:232,0
DA:233,0
DA:235,0
DA:236,0
DA:237,0
DA:238,0
DA:240,0
DA:241,0
DA:243,0
DA:244,0
DA:247,0
DA:248,0
DA:249,0
DA:254,0
DA:255,0
DA:256,0
DA:257,0
DA:258,0
DA:259,0
DA:260,0
DA:261,0
DA:262,0
DA:263,0
DA:265,0
DA:266,0
DA:268,0
DA:269,0
DA:270,0
DA:272,0
DA:273,0
DA:274,0
DA:276,0
DA:277,0
DA:278,0
DA:281,0
DA:282,0
DA:283,0
DA:284,0
DA:286,0
DA:287,0
DA:288,0
DA:289,0
DA:291,0
DA:292,0
DA:298,0
DA:299,0
DA:300,0
DA:301,0
DA:302,0
DA:303,0
DA:304,0
DA:305,0
DA:306,0
DA:307,0
DA:309,0
DA:310,0
DA:312,0
DA:313,0
DA:314,0
DA:316,0
DA:317,0
DA:318,0
DA:320,0
DA:321,0
DA:322,0
DA:325,0
DA:326,0
DA:327,0
DA:328,0
DA:329,0
DA:330,0
DA:331,0
DA:332,0
DA:333,0
DA:334,0
DA:335,0
DA:336,0
DA:337,0
DA:338,0
DA:339,0
DA:340,0
DA:341,0
DA:342,0
DA:343,0
DA:344,0
DA:345,0
DA:348,0
DA:349,0
DA:354,0
DA:355,0
DA:356,0
DA:357,0
DA:358,0
DA:359,0
DA:360,0
DA:361,0
DA:362,0
DA:363,0
DA:365,0
DA:366,0
DA:367,0
DA:368,0
DA:369,0
DA:371,0
DA:372,0
DA:373,0
DA:374,0
DA:375,0
DA:377,0
DA:378,0
DA:379,0
DA:380,0
DA:383,0
DA:384,0
DA:385,0
DA:386,0
DA:387,0
DA:388,0
DA:389,0
DA:390,0
DA:391,0
DA:392,0
DA:393,0
DA:394,0
DA:395,0
DA:396,0
DA:397,0
DA:399,0
DA:400,0
DA:402,0
DA:403,0
DA:404,0
DA:405,0
DA:407,0
DA:408,0
DA:410,0
DA:411,0
DA:413,0
DA:414,0
DA:419,0
DA:420,0
DA:421,0
DA:422,0
DA:423,0
DA:424,0
DA:425,0
DA:426,0
DA:427,0
DA:428,0
DA:429,0
DA:430,0
DA:431,0
DA:436,0
DA:437,0
DA:438,0
DA:439,0
DA:440,0
DA:441,0
DA:442,0
DA:443,0
DA:444,0
DA:445,0
DA:447,0
DA:448,0
DA:449,0
DA:450,0
DA:451,0
DA:457,0
DA:458,0
DA:459,0
DA:463,0
DA:464,0
DA:469,0
DA:471,0
DA:475,0
DA:476,0
DA:477,0
DA:481,0
DA:482,0
DA:486,1
LF:337
LH:3
BRDA:12,0,0,0
BRDA:17,1,0,0
BRDA:17,1,1,0
BRDA:24,2,0,0
BRDA:24,2,1,0
BRDA:25,3,0,0
BRDA:25,3,1,0
BRDA:31,4,0,0
BRDA:31,5,0,0
BRDA:31,6,0,0
BRDA:33,7,0,0
BRDA:33,7,1,0
BRDA:38,8,0,0
BRDA:38,8,1,0
BRDA:44,9,0,0
BRDA:44,9,1,0
BRDA:45,10,0,0
BRDA:45,10,1,0
BRDA:50,11,0,0
BRDA:50,11,1,0
BRDA:51,12,0,0
BRDA:51,12,1,0
BRDA:54,13,0,0
BRDA:54,13,1,0
BRDA:58,14,0,0
BRDA:58,14,1,0
BRDA:62,15,0,0
BRDA:62,15,1,0
BRDA:66,16,0,0
BRDA:66,16,1,0
BRDA:70,17,0,0
BRDA:70,17,1,0
BRDA:72,18,0,0
BRDA:72,18,1,0
BRDA:90,19,0,0
BRDA:90,19,1,0
BRDA:91,20,0,0
BRDA:91,20,1,0
BRDA:94,21,0,0
BRDA:94,21,1,0
BRDA:98,22,0,0
BRDA:98,22,1,0
BRDA:101,23,0,0
BRDA:101,23,1,0
BRDA:101,24,0,0
BRDA:101,24,1,0
BRDA:110,25,0,0
BRDA:110,25,1,0
BRDA:117,26,0,0
BRDA:117,26,1,0
BRDA:118,27,0,0
BRDA:118,27,1,0
BRDA:121,28,0,0
BRDA:121,28,1,0
BRDA:124,29,0,0
BRDA:124,29,1,0
BRDA:134,30,0,0
BRDA:134,30,1,0
BRDA:135,31,0,0
BRDA:135,31,1,0
BRDA:138,32,0,0
BRDA:138,32,1,0
BRDA:147,33,0,0
BRDA:147,33,1,0
BRDA:151,34,0,0
BRDA:151,34,1,0
BRDA:156,35,0,0
BRDA:156,35,1,0
BRDA:157,36,0,0
BRDA:157,36,1,0
BRDA:164,37,0,0
BRDA:164,37,1,0
BRDA:165,38,0,0
BRDA:165,38,1,0
BRDA:165,39,0,0
BRDA:165,39,1,0
BRDA:172,40,0,0
BRDA:172,40,1,0
BRDA:174,41,0,0
BRDA:174,41,1,0
BRDA:177,42,0,0
BRDA:177,42,1,0
BRDA:184,43,0,0
BRDA:184,43,1,0
BRDA:185,44,0,0
BRDA:185,44,1,0
BRDA:188,45,0,0
BRDA:188,45,1,0
BRDA:197,46,0,0
BRDA:197,46,1,0
BRDA:202,47,0,0
BRDA:202,47,1,0
BRDA:209,48,0,0
BRDA:209,48,1,0
BRDA:210,49,0,0
BRDA:210,49,1,0
BRDA:213,50,0,0
BRDA:213,50,1,0
BRDA:217,51,0,0
BRDA:217,51,1,0
BRDA:221,52,0,0
BRDA:221,52,1,0
BRDA:223,53,0,0
BRDA:223,53,1,0
BRDA:224,54,0,0
BRDA:224,54,1,0
BRDA:227,55,0,0
BRDA:227,55,1,0
BRDA:228,56,0,0
BRDA:228,56,1,0
BRDA:235,57,0,0
BRDA:235,57,1,0
BRDA:237,58,0,0
BRDA:237,58,1,0
BRDA:238,59,0,0
BRDA:238,59,1,0
BRDA:241,60,0,0
BRDA:241,60,1,0
BRDA:247,61,0,0
BRDA:247,61,1,0
BRDA:254,62,0,0
BRDA:254,62,1,0
BRDA:255,63,0,0
BRDA:255,63,1,0
BRDA:258,64,0,0
BRDA:258,64,1,0
BRDA:261,65,0,0
BRDA:261,65,1,0
BRDA:268,66,0,0
BRDA:268,66,1,0
BRDA:274,67,0,0
BRDA:274,67,1,0
BRDA:281,68,0,0
BRDA:281,68,1,0
BRDA:286,69,0,0
BRDA:286,69,1,0
BRDA:286,70,0,0
BRDA:286,70,1,0
BRDA:288,71,0,0
BRDA:288,71,1,0
BRDA:298,72,0,0
BRDA:298,72,1,0
BRDA:299,73,0,0
BRDA:299,73,1,0
BRDA:302,74,0,0
BRDA:302,74,1,0
BRDA:305,75,0,0
BRDA:305,75,1,0
BRDA:312,76,0,0
BRDA:312,76,1,0
BRDA:318,77,0,0
BRDA:318,77,1,0
BRDA:325,78,0,0
BRDA:325,78,1,0
BRDA:329,79,0,0
BRDA:329,79,1,0
BRDA:333,80,0,0
BRDA:333,80,1,0
BRDA:337,81,0,0
BRDA:337,81,1,0
BRDA:341,82,0,0
BRDA:341,82,1,0
BRDA:354,83,0,0
BRDA:354,83,1,0
BRDA:355,84,0,0
BRDA:355,84,1,0
BRDA:358,85,0,0
BRDA:358,85,1,0
BRDA:361,86,0,0
BRDA:361,86,1,0
BRDA:367,87,0,0
BRDA:367,87,1,0
BRDA:374,88,0,0
BRDA:374,88,1,0
BRDA:383,89,0,0
BRDA:383,89,1,0
BRDA:387,90,0,0
BRDA:387,90,1,0
BRDA:392,91,0,0
BRDA:392,91,1,0
BRDA:392,92,0,0
BRDA:392,92,1,0
BRDA:396,93,0,0
BRDA:396,93,1,0
BRDA:402,94,0,0
BRDA:402,94,1,0
BRDA:403,95,0,0
BRDA:403,95,1,0
BRDA:410,96,0,0
BRDA:410,96,1,0
BRDA:419,97,0,0
BRDA:419,97,1,0
BRDA:420,98,0,0
BRDA:420,98,1,0
BRDA:423,99,0,0
BRDA:423,99,1,0
BRDA:426,100,0,0
BRDA:426,100,1,0
BRDA:429,101,0,0
BRDA:429,101,1,0
BRDA:436,102,0,0
BRDA:436,102,1,0
BRDA:437,103,0,0
BRDA:437,103,1,0
BRDA:440,104,0,0
BRDA:440,104,1,0
BRDA:443,105,0,0
BRDA:443,105,1,0
BRDA:448,106,0,0
BRDA:448,106,1,0
BRDA:457,107,0,0
BRDA:457,107,1,0
BRDA:471,108,0,0
BRDA:471,108,1,0
BRDA:475,109,0,0
BRDA:475,109,1,0
BRDA:476,110,0,0
BRDA:476,110,1,0
BRDA:480,111,0,0
BRF:219
BRH:0
end_of_record
TN:
SF:src/utils/helpers.js
FN:9,(anonymous_0)
FN:24,(anonymous_1)
FN:32,(anonymous_2)
FN:41,(anonymous_3)
FN:48,(anonymous_4)
FN:55,(anonymous_5)
FN:66,(anonymous_6)
FN:81,(anonymous_7)
FN:88,(anonymous_8)
FN:97,(anonymous_9)
FN:109,(anonymous_10)
FN:121,(anonymous_11)
FN:132,(anonymous_12)
FN:133,(anonymous_13)
FN:139,(anonymous_14)
FN:154,(anonymous_15)
FN:165,(anonymous_16)
FN:172,(anonymous_17)
FNF:18
FNH:0
FNDA:0,(anonymous_0)
FNDA:0,(anonymous_1)
FNDA:0,(anonymous_2)
FNDA:0,(anonymous_3)
FNDA:0,(anonymous_4)
FNDA:0,(anonymous_5)
FNDA:0,(anonymous_6)
FNDA:0,(anonymous_7)
FNDA:0,(anonymous_8)
FNDA:0,(anonymous_9)
FNDA:0,(anonymous_10)
FNDA:0,(anonymous_11)
FNDA:0,(anonymous_12)
FNDA:0,(anonymous_13)
FNDA:0,(anonymous_14)
FNDA:0,(anonymous_15)
FNDA:0,(anonymous_16)
FNDA:0,(anonymous_17)
DA:10,0
DA:12,0
DA:13,0
DA:14,0
DA:15,0
DA:18,0
DA:25,0
DA:26,0
DA:33,0
DA:34,0
DA:35,0
DA:42,0
DA:49,0
DA:56,0
DA:60,0
DA:67,0
DA:68,0
DA:69,0
DA:71,0
DA:72,0
DA:75,0
DA:82,0
DA:89,0
DA:90,0
DA:91,0
DA:98,0
DA:99,0
DA:100,0
DA:101,0
DA:103,0
DA:110,0
DA:115,0
DA:122,0
DA:123,0
DA:124,0
DA:126,0
DA:133,0
DA:140,0
DA:141,0
DA:143,0
DA:144,0
DA:146,0
DA:147,0
DA:155,0
DA:156,0
DA:158,0
DA:166,0
DA:173,0
DA:174,0
DA:175,0
DA:176,0
DA:177,0
DA:181,1
LF:53
LH:1
BRDA:12,0,0,0
BRDA:12,0,1,0
BRDA:14,1,0,0
BRDA:14,1,1,0
BRDA:55,2,0,0
BRDA:71,3,0,0
BRDA:71,3,1,0
BRDA:71,4,0,0
BRDA:71,4,1,0
BRDA:71,4,2,0
BRDA:97,5,0,0
BRDA:115,6,0,0
BRDA:115,6,1,0
BRDA:139,7,0,0
BRDA:139,8,0,0
BRDA:143,9,0,0
BRDA:143,9,1,0
BRDA:154,10,0,0
BRDA:173,11,0,0
BRDA:173,11,1,0
BRDA:173,12,0,0
BRDA:173,12,1,0
BRDA:174,13,0,0
BRDA:174,13,1,0
BRDA:174,14,0,0
BRDA:174,14,1,0
BRDA:175,15,0,0
BRDA:175,15,1,0
BRDA:175,16,0,0
BRDA:175,16,1,0
BRDA:176,17,0,0
BRDA:176,17,1,0
BRDA:176,18,0,0
BRDA:176,18,1,0
BRF:34
BRH:0
end_of_record
